DEBUG - 2025-03-07 09:27:07 --> Session: Class initialized using 'CodeIgniter\Session\Handlers\FileHandler' driver.
DEBUG - 2025-03-07 09:27:22 --> Session: Class initialized using 'CodeIgniter\Session\Handlers\FileHandler' driver.
DEBUG - 2025-03-07 09:27:23 --> Session: Class initialized using 'CodeIgniter\Session\Handlers\FileHandler' driver.
DEBUG - 2025-03-07 09:27:31 --> Session: Class initialized using 'CodeIgniter\Session\Handlers\FileHandler' driver.
DEBUG - 2025-03-07 09:27:44 --> Session: Class initialized using 'CodeIgniter\Session\Handlers\FileHandler' driver.
DEBUG - 2025-03-07 09:30:54 --> Session: Class initialized using 'CodeIgniter\Session\Handlers\FileHandler' driver.
CRITICAL - 2025-03-07 09:30:54 --> Error: Call to a member function paginate() on array
[Method: GET, Route: atursiswa]
in APPPATH\Controllers\AturSiswa.php on line 26.
 1 SYSTEMPATH\CodeIgniter.php(933): App\Controllers\AturSiswa->index()
 2 SYSTEMPATH\CodeIgniter.php(507): CodeIgniter\CodeIgniter->runController(Object(App\Controllers\AturSiswa))
 3 SYSTEMPATH\CodeIgniter.php(354): CodeIgniter\CodeIgniter->handleRequest(null, Object(Config\Cache), false)
 4 SYSTEMPATH\Boot.php(334): CodeIgniter\CodeIgniter->run()
 5 SYSTEMPATH\Boot.php(67): CodeIgniter\Boot::runCodeIgniter(Object(CodeIgniter\CodeIgniter))
 6 FCPATH\index.php(56): CodeIgniter\Boot::bootWeb(Object(Config\Paths))
 7 SYSTEMPATH\rewrite.php(44): require_once('D:\\stmik komputama\\Semester 8\\SISTEM\\project_apin\\public\\index.php')
DEBUG - 2025-03-07 09:31:31 --> Session: Class initialized using 'CodeIgniter\Session\Handlers\FileHandler' driver.
CRITICAL - 2025-03-07 09:31:31 --> Error: Call to a member function paginate() on array
[Method: GET, Route: atursiswa]
in APPPATH\Controllers\AturSiswa.php on line 26.
 1 SYSTEMPATH\CodeIgniter.php(933): App\Controllers\AturSiswa->index()
 2 SYSTEMPATH\CodeIgniter.php(507): CodeIgniter\CodeIgniter->runController(Object(App\Controllers\AturSiswa))
 3 SYSTEMPATH\CodeIgniter.php(354): CodeIgniter\CodeIgniter->handleRequest(null, Object(Config\Cache), false)
 4 SYSTEMPATH\Boot.php(334): CodeIgniter\CodeIgniter->run()
 5 SYSTEMPATH\Boot.php(67): CodeIgniter\Boot::runCodeIgniter(Object(CodeIgniter\CodeIgniter))
 6 FCPATH\index.php(56): CodeIgniter\Boot::bootWeb(Object(Config\Paths))
 7 SYSTEMPATH\rewrite.php(44): require_once('D:\\stmik komputama\\Semester 8\\SISTEM\\project_apin\\public\\index.php')
DEBUG - 2025-03-07 09:35:10 --> Session: Class initialized using 'CodeIgniter\Session\Handlers\FileHandler' driver.
CRITICAL - 2025-03-07 09:35:10 --> Error: Call to a member function paginate() on array
[Method: GET, Route: atursiswa]
in APPPATH\Controllers\AturSiswa.php on line 26.
 1 SYSTEMPATH\CodeIgniter.php(933): App\Controllers\AturSiswa->index()
 2 SYSTEMPATH\CodeIgniter.php(507): CodeIgniter\CodeIgniter->runController(Object(App\Controllers\AturSiswa))
 3 SYSTEMPATH\CodeIgniter.php(354): CodeIgniter\CodeIgniter->handleRequest(null, Object(Config\Cache), false)
 4 SYSTEMPATH\Boot.php(334): CodeIgniter\CodeIgniter->run()
 5 SYSTEMPATH\Boot.php(67): CodeIgniter\Boot::runCodeIgniter(Object(CodeIgniter\CodeIgniter))
 6 FCPATH\index.php(56): CodeIgniter\Boot::bootWeb(Object(Config\Paths))
 7 SYSTEMPATH\rewrite.php(44): require_once('D:\\stmik komputama\\Semester 8\\SISTEM\\project_apin\\public\\index.php')
DEBUG - 2025-03-07 09:35:14 --> Session: Class initialized using 'CodeIgniter\Session\Handlers\FileHandler' driver.
CRITICAL - 2025-03-07 09:35:14 --> Error: Call to a member function paginate() on array
[Method: GET, Route: atursiswa]
in APPPATH\Controllers\AturSiswa.php on line 26.
 1 SYSTEMPATH\CodeIgniter.php(933): App\Controllers\AturSiswa->index()
 2 SYSTEMPATH\CodeIgniter.php(507): CodeIgniter\CodeIgniter->runController(Object(App\Controllers\AturSiswa))
 3 SYSTEMPATH\CodeIgniter.php(354): CodeIgniter\CodeIgniter->handleRequest(null, Object(Config\Cache), false)
 4 SYSTEMPATH\Boot.php(334): CodeIgniter\CodeIgniter->run()
 5 SYSTEMPATH\Boot.php(67): CodeIgniter\Boot::runCodeIgniter(Object(CodeIgniter\CodeIgniter))
 6 FCPATH\index.php(56): CodeIgniter\Boot::bootWeb(Object(Config\Paths))
 7 SYSTEMPATH\rewrite.php(44): require_once('D:\\stmik komputama\\Semester 8\\SISTEM\\project_apin\\public\\index.php')
DEBUG - 2025-03-07 09:38:24 --> Session: Class initialized using 'CodeIgniter\Session\Handlers\FileHandler' driver.
ERROR - 2025-03-07 09:38:24 --> ErrorException: pg_query(): Query failed: ERROR:  'sintaks error' pada atau didekat « = »
LINE 3: WHERE name ILIKE = %aida%
                         ^ in D:\stmik komputama\Semester 8\SISTEM\project_apin\system\Database\Postgre\Connection.php:206
Stack trace:
#0 [internal function]: CodeIgniter\Debug\Exceptions->errorHandler(2, 'pg_query(): Que...', 'D:\\stmik komput...', 206)
#1 D:\stmik komputama\Semester 8\SISTEM\project_apin\system\Database\Postgre\Connection.php(206): pg_query(Object(PgSql\Connection), 'SELECT COUNT(*)...')
#2 D:\stmik komputama\Semester 8\SISTEM\project_apin\system\Database\BaseConnection.php(738): CodeIgniter\Database\Postgre\Connection->execute('SELECT COUNT(*)...')
#3 D:\stmik komputama\Semester 8\SISTEM\project_apin\system\Database\BaseConnection.php(652): CodeIgniter\Database\BaseConnection->simpleQuery('SELECT COUNT(*)...')
#4 D:\stmik komputama\Semester 8\SISTEM\project_apin\system\Database\BaseBuilder.php(1733): CodeIgniter\Database\BaseConnection->query('SELECT COUNT(*)...', Array, false)
#5 D:\stmik komputama\Semester 8\SISTEM\project_apin\system\Model.php(676): CodeIgniter\Database\BaseBuilder->countAllResults(false)
#6 D:\stmik komputama\Semester 8\SISTEM\project_apin\system\BaseModel.php(1283): CodeIgniter\Model->countAllResults(false)
#7 D:\stmik komputama\Semester 8\SISTEM\project_apin\app\Controllers\AturSiswa.php(26): CodeIgniter\BaseModel->paginate(10)
#8 D:\stmik komputama\Semester 8\SISTEM\project_apin\system\CodeIgniter.php(933): App\Controllers\AturSiswa->index()
#9 D:\stmik komputama\Semester 8\SISTEM\project_apin\system\CodeIgniter.php(507): CodeIgniter\CodeIgniter->runController(Object(App\Controllers\AturSiswa))
#10 D:\stmik komputama\Semester 8\SISTEM\project_apin\system\CodeIgniter.php(354): CodeIgniter\CodeIgniter->handleRequest(NULL, Object(Config\Cache), false)
#11 D:\stmik komputama\Semester 8\SISTEM\project_apin\system\Boot.php(334): CodeIgniter\CodeIgniter->run()
#12 D:\stmik komputama\Semester 8\SISTEM\project_apin\system\Boot.php(67): CodeIgniter\Boot::runCodeIgniter(Object(CodeIgniter\CodeIgniter))
#13 D:\stmik komputama\Semester 8\SISTEM\project_apin\public\index.php(56): CodeIgniter\Boot::bootWeb(Object(Config\Paths))
#14 D:\stmik komputama\Semester 8\SISTEM\project_apin\system\rewrite.php(44): require_once('D:\\stmik komput...')
#15 {main}
CRITICAL - 2025-03-07 09:38:24 --> CodeIgniter\Database\Exceptions\DatabaseException: pg_query(): Query failed: ERROR:  'sintaks error' pada atau didekat « = »
LINE 3: WHERE name ILIKE = %aida%
                         ^
[Method: GET, Route: atursiswa]
in SYSTEMPATH\Database\BaseConnection.php on line 692.
 1 SYSTEMPATH\Database\BaseBuilder.php(1733): CodeIgniter\Database\BaseConnection->query('SELECT COUNT(*) AS "numrows"
FROM "siswa"
WHERE name ILIKE = :name ILIKE:', [...], false)
 2 SYSTEMPATH\Model.php(676): CodeIgniter\Database\BaseBuilder->countAllResults(false)
 3 SYSTEMPATH\BaseModel.php(1283): CodeIgniter\Model->countAllResults(false)
 4 APPPATH\Controllers\AturSiswa.php(26): CodeIgniter\BaseModel->paginate(10)
 5 SYSTEMPATH\CodeIgniter.php(933): App\Controllers\AturSiswa->index()
 6 SYSTEMPATH\CodeIgniter.php(507): CodeIgniter\CodeIgniter->runController(Object(App\Controllers\AturSiswa))
 7 SYSTEMPATH\CodeIgniter.php(354): CodeIgniter\CodeIgniter->handleRequest(null, Object(Config\Cache), false)
 8 SYSTEMPATH\Boot.php(334): CodeIgniter\CodeIgniter->run()
 9 SYSTEMPATH\Boot.php(67): CodeIgniter\Boot::runCodeIgniter(Object(CodeIgniter\CodeIgniter))
10 FCPATH\index.php(56): CodeIgniter\Boot::bootWeb(Object(Config\Paths))
11 SYSTEMPATH\rewrite.php(44): require_once('D:\\stmik komputama\\Semester 8\\SISTEM\\project_apin\\public\\index.php')
CRITICAL - 2025-03-07 09:38:24 --> [Caused by] CodeIgniter\Database\Exceptions\DatabaseException: pg_query(): Query failed: ERROR:  'sintaks error' pada atau didekat « = »
LINE 3: WHERE name ILIKE = %aida%
                         ^
in SYSTEMPATH\Database\Postgre\Connection.php on line 211.
 1 SYSTEMPATH\Database\BaseConnection.php(738): CodeIgniter\Database\Postgre\Connection->execute('SELECT COUNT(*) AS "numrows"
FROM "siswa"
WHERE name ILIKE = %aida%')
 2 SYSTEMPATH\Database\BaseConnection.php(652): CodeIgniter\Database\BaseConnection->simpleQuery('SELECT COUNT(*) AS "numrows"
FROM "siswa"
WHERE name ILIKE = %aida%')
 3 SYSTEMPATH\Database\BaseBuilder.php(1733): CodeIgniter\Database\BaseConnection->query('SELECT COUNT(*) AS "numrows"
FROM "siswa"
WHERE name ILIKE = :name ILIKE:', [...], false)
 4 SYSTEMPATH\Model.php(676): CodeIgniter\Database\BaseBuilder->countAllResults(false)
 5 SYSTEMPATH\BaseModel.php(1283): CodeIgniter\Model->countAllResults(false)
 6 APPPATH\Controllers\AturSiswa.php(26): CodeIgniter\BaseModel->paginate(10)
 7 SYSTEMPATH\CodeIgniter.php(933): App\Controllers\AturSiswa->index()
 8 SYSTEMPATH\CodeIgniter.php(507): CodeIgniter\CodeIgniter->runController(Object(App\Controllers\AturSiswa))
 9 SYSTEMPATH\CodeIgniter.php(354): CodeIgniter\CodeIgniter->handleRequest(null, Object(Config\Cache), false)
10 SYSTEMPATH\Boot.php(334): CodeIgniter\CodeIgniter->run()
11 SYSTEMPATH\Boot.php(67): CodeIgniter\Boot::runCodeIgniter(Object(CodeIgniter\CodeIgniter))
12 FCPATH\index.php(56): CodeIgniter\Boot::bootWeb(Object(Config\Paths))
13 SYSTEMPATH\rewrite.php(44): require_once('D:\\stmik komputama\\Semester 8\\SISTEM\\project_apin\\public\\index.php')
CRITICAL - 2025-03-07 09:38:24 --> [Caused by] ErrorException: pg_query(): Query failed: ERROR:  'sintaks error' pada atau didekat « = »
LINE 3: WHERE name ILIKE = %aida%
                         ^
in SYSTEMPATH\Database\Postgre\Connection.php on line 206.
 1 [internal function]: CodeIgniter\Debug\Exceptions->errorHandler(2, 'pg_query(): Query failed: ERROR:  \'sintaks error\' pada atau didekat « = »
LINE 3: WHERE name ILIKE = %aida%
                         ^', 'D:\\stmik komputama\\Semester 8\\SISTEM\\project_apin\\system\\Database\\Postgre\\Connection.php', 206)
 2 SYSTEMPATH\Database\Postgre\Connection.php(206): pg_query(Object(PgSql\Connection), 'SELECT COUNT(*) AS "numrows"
FROM "siswa"
WHERE name ILIKE = %aida%')
 3 SYSTEMPATH\Database\BaseConnection.php(738): CodeIgniter\Database\Postgre\Connection->execute('SELECT COUNT(*) AS "numrows"
FROM "siswa"
WHERE name ILIKE = %aida%')
 4 SYSTEMPATH\Database\BaseConnection.php(652): CodeIgniter\Database\BaseConnection->simpleQuery('SELECT COUNT(*) AS "numrows"
FROM "siswa"
WHERE name ILIKE = %aida%')
 5 SYSTEMPATH\Database\BaseBuilder.php(1733): CodeIgniter\Database\BaseConnection->query('SELECT COUNT(*) AS "numrows"
FROM "siswa"
WHERE name ILIKE = :name ILIKE:', [...], false)
 6 SYSTEMPATH\Model.php(676): CodeIgniter\Database\BaseBuilder->countAllResults(false)
 7 SYSTEMPATH\BaseModel.php(1283): CodeIgniter\Model->countAllResults(false)
 8 APPPATH\Controllers\AturSiswa.php(26): CodeIgniter\BaseModel->paginate(10)
 9 SYSTEMPATH\CodeIgniter.php(933): App\Controllers\AturSiswa->index()
10 SYSTEMPATH\CodeIgniter.php(507): CodeIgniter\CodeIgniter->runController(Object(App\Controllers\AturSiswa))
11 SYSTEMPATH\CodeIgniter.php(354): CodeIgniter\CodeIgniter->handleRequest(null, Object(Config\Cache), false)
12 SYSTEMPATH\Boot.php(334): CodeIgniter\CodeIgniter->run()
13 SYSTEMPATH\Boot.php(67): CodeIgniter\Boot::runCodeIgniter(Object(CodeIgniter\CodeIgniter))
14 FCPATH\index.php(56): CodeIgniter\Boot::bootWeb(Object(Config\Paths))
15 SYSTEMPATH\rewrite.php(44): require_once('D:\\stmik komputama\\Semester 8\\SISTEM\\project_apin\\public\\index.php')
DEBUG - 2025-03-07 09:39:13 --> Session: Class initialized using 'CodeIgniter\Session\Handlers\FileHandler' driver.
DEBUG - 2025-03-07 09:41:43 --> Session: Class initialized using 'CodeIgniter\Session\Handlers\FileHandler' driver.
CRITICAL - 2025-03-07 09:41:43 --> ErrorException: Undefined variable $keyword
[Method: GET, Route: atursiswa]
in APPPATH\Views\atursiswa.php on line 57.
 1 APPPATH\Views\atursiswa.php(57): CodeIgniter\Debug\Exceptions->errorHandler(2, 'Undefined variable $keyword', 'D:\\stmik komputama\\Semester 8\\SISTEM\\project_apin\\app\\Views\\atursiswa.php', 57)
 2 SYSTEMPATH\View\View.php(224): include('D:\\stmik komputama\\Semester 8\\SISTEM\\project_apin\\app\\Views\\atursiswa.php')
 3 SYSTEMPATH\View\View.php(227): CodeIgniter\View\View->CodeIgniter\View\{closure}()
 4 SYSTEMPATH\Common.php(1173): CodeIgniter\View\View->render('atursiswa', [], true)
 5 APPPATH\Controllers\AturSiswa.php(39): view('atursiswa', [...])
 6 SYSTEMPATH\CodeIgniter.php(933): App\Controllers\AturSiswa->index()
 7 SYSTEMPATH\CodeIgniter.php(507): CodeIgniter\CodeIgniter->runController(Object(App\Controllers\AturSiswa))
 8 SYSTEMPATH\CodeIgniter.php(354): CodeIgniter\CodeIgniter->handleRequest(null, Object(Config\Cache), false)
 9 SYSTEMPATH\Boot.php(334): CodeIgniter\CodeIgniter->run()
10 SYSTEMPATH\Boot.php(67): CodeIgniter\Boot::runCodeIgniter(Object(CodeIgniter\CodeIgniter))
11 FCPATH\index.php(56): CodeIgniter\Boot::bootWeb(Object(Config\Paths))
12 SYSTEMPATH\rewrite.php(44): require_once('D:\\stmik komputama\\Semester 8\\SISTEM\\project_apin\\public\\index.php')
DEBUG - 2025-03-07 09:42:14 --> Session: Class initialized using 'CodeIgniter\Session\Handlers\FileHandler' driver.
DEBUG - 2025-03-07 09:42:51 --> Session: Class initialized using 'CodeIgniter\Session\Handlers\FileHandler' driver.
DEBUG - 2025-03-07 09:42:57 --> Session: Class initialized using 'CodeIgniter\Session\Handlers\FileHandler' driver.
DEBUG - 2025-03-07 09:43:02 --> Session: Class initialized using 'CodeIgniter\Session\Handlers\FileHandler' driver.
DEBUG - 2025-03-07 09:43:29 --> Session: Class initialized using 'CodeIgniter\Session\Handlers\FileHandler' driver.
DEBUG - 2025-03-07 09:46:34 --> Session: Class initialized using 'CodeIgniter\Session\Handlers\FileHandler' driver.
DEBUG - 2025-03-07 10:00:47 --> Session: Class initialized using 'CodeIgniter\Session\Handlers\FileHandler' driver.
DEBUG - 2025-03-07 10:00:51 --> Session: Class initialized using 'CodeIgniter\Session\Handlers\FileHandler' driver.
DEBUG - 2025-03-07 10:00:58 --> Session: Class initialized using 'CodeIgniter\Session\Handlers\FileHandler' driver.
DEBUG - 2025-03-07 10:02:58 --> Session: Class initialized using 'CodeIgniter\Session\Handlers\FileHandler' driver.
DEBUG - 2025-03-07 10:03:01 --> Session: Class initialized using 'CodeIgniter\Session\Handlers\FileHandler' driver.
DEBUG - 2025-03-07 10:03:18 --> Session: Class initialized using 'CodeIgniter\Session\Handlers\FileHandler' driver.
DEBUG - 2025-03-07 10:05:54 --> Session: Class initialized using 'CodeIgniter\Session\Handlers\FileHandler' driver.
DEBUG - 2025-03-07 10:06:03 --> Session: Class initialized using 'CodeIgniter\Session\Handlers\FileHandler' driver.
DEBUG - 2025-03-07 10:06:14 --> Session: Class initialized using 'CodeIgniter\Session\Handlers\FileHandler' driver.
DEBUG - 2025-03-07 10:06:23 --> Session: Class initialized using 'CodeIgniter\Session\Handlers\FileHandler' driver.
DEBUG - 2025-03-07 10:06:27 --> Session: Class initialized using 'CodeIgniter\Session\Handlers\FileHandler' driver.
DEBUG - 2025-03-07 10:07:37 --> Session: Class initialized using 'CodeIgniter\Session\Handlers\FileHandler' driver.
DEBUG - 2025-03-07 10:07:55 --> Session: Class initialized using 'CodeIgniter\Session\Handlers\FileHandler' driver.
DEBUG - 2025-03-07 10:07:58 --> Session: Class initialized using 'CodeIgniter\Session\Handlers\FileHandler' driver.
DEBUG - 2025-03-07 10:10:26 --> Session: Class initialized using 'CodeIgniter\Session\Handlers\FileHandler' driver.
DEBUG - 2025-03-07 10:10:43 --> Session: Class initialized using 'CodeIgniter\Session\Handlers\FileHandler' driver.
DEBUG - 2025-03-07 10:10:47 --> Session: Class initialized using 'CodeIgniter\Session\Handlers\FileHandler' driver.
DEBUG - 2025-03-07 10:13:32 --> Session: Class initialized using 'CodeIgniter\Session\Handlers\FileHandler' driver.
DEBUG - 2025-03-07 10:13:38 --> Session: Class initialized using 'CodeIgniter\Session\Handlers\FileHandler' driver.
DEBUG - 2025-03-07 10:13:46 --> Session: Class initialized using 'CodeIgniter\Session\Handlers\FileHandler' driver.
DEBUG - 2025-03-07 10:15:28 --> Session: Class initialized using 'CodeIgniter\Session\Handlers\FileHandler' driver.
DEBUG - 2025-03-07 10:18:26 --> Session: Class initialized using 'CodeIgniter\Session\Handlers\FileHandler' driver.
DEBUG - 2025-03-07 10:19:26 --> Session: Class initialized using 'CodeIgniter\Session\Handlers\FileHandler' driver.
DEBUG - 2025-03-07 10:23:04 --> Session: Class initialized using 'CodeIgniter\Session\Handlers\FileHandler' driver.
DEBUG - 2025-03-07 10:23:11 --> Session: Class initialized using 'CodeIgniter\Session\Handlers\FileHandler' driver.
DEBUG - 2025-03-07 10:23:15 --> Session: Class initialized using 'CodeIgniter\Session\Handlers\FileHandler' driver.
DEBUG - 2025-03-07 10:24:12 --> Session: Class initialized using 'CodeIgniter\Session\Handlers\FileHandler' driver.
DEBUG - 2025-03-07 10:24:28 --> Session: Class initialized using 'CodeIgniter\Session\Handlers\FileHandler' driver.
DEBUG - 2025-03-07 10:26:31 --> Session: Class initialized using 'CodeIgniter\Session\Handlers\FileHandler' driver.
DEBUG - 2025-03-07 10:26:39 --> Session: Class initialized using 'CodeIgniter\Session\Handlers\FileHandler' driver.
DEBUG - 2025-03-07 10:26:46 --> Session: Class initialized using 'CodeIgniter\Session\Handlers\FileHandler' driver.
DEBUG - 2025-03-07 10:26:59 --> Session: Class initialized using 'CodeIgniter\Session\Handlers\FileHandler' driver.
DEBUG - 2025-03-07 10:27:04 --> Session: Class initialized using 'CodeIgniter\Session\Handlers\FileHandler' driver.
DEBUG - 2025-03-07 10:27:09 --> Session: Class initialized using 'CodeIgniter\Session\Handlers\FileHandler' driver.
DEBUG - 2025-03-07 10:27:15 --> Session: Class initialized using 'CodeIgniter\Session\Handlers\FileHandler' driver.
DEBUG - 2025-03-07 10:27:26 --> Session: Class initialized using 'CodeIgniter\Session\Handlers\FileHandler' driver.
DEBUG - 2025-03-07 10:27:38 --> Session: Class initialized using 'CodeIgniter\Session\Handlers\FileHandler' driver.
DEBUG - 2025-03-07 10:27:43 --> Session: Class initialized using 'CodeIgniter\Session\Handlers\FileHandler' driver.
DEBUG - 2025-03-07 10:27:48 --> Session: Class initialized using 'CodeIgniter\Session\Handlers\FileHandler' driver.
DEBUG - 2025-03-07 10:27:51 --> Session: Class initialized using 'CodeIgniter\Session\Handlers\FileHandler' driver.
DEBUG - 2025-03-07 10:27:55 --> Session: Class initialized using 'CodeIgniter\Session\Handlers\FileHandler' driver.
DEBUG - 2025-03-07 10:28:14 --> Session: Class initialized using 'CodeIgniter\Session\Handlers\FileHandler' driver.
DEBUG - 2025-03-07 10:28:21 --> Session: Class initialized using 'CodeIgniter\Session\Handlers\FileHandler' driver.
DEBUG - 2025-03-07 11:00:08 --> Session: Class initialized using 'CodeIgniter\Session\Handlers\FileHandler' driver.
CRITICAL - 2025-03-07 11:00:14 --> Error: Class "App\Controllers\SiswaModel" not found
[Method: GET, Route: export-pdf]
in APPPATH\Controllers\PDFController.php on line 7.
 1 SYSTEMPATH\CodeIgniter.php(933): App\Controllers\PDFController->exportToPdf()
 2 SYSTEMPATH\CodeIgniter.php(507): CodeIgniter\CodeIgniter->runController(Object(App\Controllers\PDFController))
 3 SYSTEMPATH\CodeIgniter.php(354): CodeIgniter\CodeIgniter->handleRequest(null, Object(Config\Cache), false)
 4 SYSTEMPATH\Boot.php(334): CodeIgniter\CodeIgniter->run()
 5 SYSTEMPATH\Boot.php(67): CodeIgniter\Boot::runCodeIgniter(Object(CodeIgniter\CodeIgniter))
 6 FCPATH\index.php(56): CodeIgniter\Boot::bootWeb(Object(Config\Paths))
 7 SYSTEMPATH\rewrite.php(44): require_once('D:\\stmik komputama\\Semester 8\\SISTEM\\project_apin\\public\\index.php')
CRITICAL - 2025-03-07 11:01:14 --> ErrorException: Undefined array key "email"
[Method: GET, Route: export-pdf]
in APPPATH\Views\pdf_siswa.php on line 31.
 1 APPPATH\Views\pdf_siswa.php(31): CodeIgniter\Debug\Exceptions->errorHandler(2, 'Undefined array key "email"', 'D:\\stmik komputama\\Semester 8\\SISTEM\\project_apin\\app\\Views\\pdf_siswa.php', 31)
 2 SYSTEMPATH\View\View.php(224): include('D:\\stmik komputama\\Semester 8\\SISTEM\\project_apin\\app\\Views\\pdf_siswa.php')
 3 SYSTEMPATH\View\View.php(227): CodeIgniter\View\View->CodeIgniter\View\{closure}()
 4 SYSTEMPATH\Common.php(1173): CodeIgniter\View\View->render('pdf_siswa', [], true)
 5 APPPATH\Controllers\PDFController.php(13): view('pdf_siswa', [...])
 6 SYSTEMPATH\CodeIgniter.php(933): App\Controllers\PDFController->exportToPdf()
 7 SYSTEMPATH\CodeIgniter.php(507): CodeIgniter\CodeIgniter->runController(Object(App\Controllers\PDFController))
 8 SYSTEMPATH\CodeIgniter.php(354): CodeIgniter\CodeIgniter->handleRequest(null, Object(Config\Cache), false)
 9 SYSTEMPATH\Boot.php(334): CodeIgniter\CodeIgniter->run()
10 SYSTEMPATH\Boot.php(67): CodeIgniter\Boot::runCodeIgniter(Object(CodeIgniter\CodeIgniter))
11 FCPATH\index.php(56): CodeIgniter\Boot::bootWeb(Object(Config\Paths))
12 SYSTEMPATH\rewrite.php(44): require_once('D:\\stmik komputama\\Semester 8\\SISTEM\\project_apin\\public\\index.php')
CRITICAL - 2025-03-07 11:01:33 --> Error: Class "App\Controllers\Options" not found
[Method: GET, Route: export-pdf]
in APPPATH\Controllers\PDFController.php on line 16.
 1 SYSTEMPATH\CodeIgniter.php(933): App\Controllers\PDFController->exportToPdf()
 2 SYSTEMPATH\CodeIgniter.php(507): CodeIgniter\CodeIgniter->runController(Object(App\Controllers\PDFController))
 3 SYSTEMPATH\CodeIgniter.php(354): CodeIgniter\CodeIgniter->handleRequest(null, Object(Config\Cache), false)
 4 SYSTEMPATH\Boot.php(334): CodeIgniter\CodeIgniter->run()
 5 SYSTEMPATH\Boot.php(67): CodeIgniter\Boot::runCodeIgniter(Object(CodeIgniter\CodeIgniter))
 6 FCPATH\index.php(56): CodeIgniter\Boot::bootWeb(Object(Config\Paths))
 7 SYSTEMPATH\rewrite.php(44): require_once('D:\\stmik komputama\\Semester 8\\SISTEM\\project_apin\\public\\index.php')
DEBUG - 2025-03-07 11:05:37 --> Session: Class initialized using 'CodeIgniter\Session\Handlers\FileHandler' driver.
DEBUG - 2025-03-07 11:05:40 --> Session: Class initialized using 'CodeIgniter\Session\Handlers\FileHandler' driver.
DEBUG - 2025-03-07 11:05:40 --> Session: Class initialized using 'CodeIgniter\Session\Handlers\FileHandler' driver.
DEBUG - 2025-03-07 11:05:43 --> Session: Class initialized using 'CodeIgniter\Session\Handlers\FileHandler' driver.
DEBUG - 2025-03-07 11:06:59 --> Session: Class initialized using 'CodeIgniter\Session\Handlers\FileHandler' driver.
DEBUG - 2025-03-07 11:07:50 --> Session: Class initialized using 'CodeIgniter\Session\Handlers\FileHandler' driver.
DEBUG - 2025-03-07 21:36:56 --> Session: Class initialized using 'CodeIgniter\Session\Handlers\FileHandler' driver.
DEBUG - 2025-03-07 21:36:56 --> Session: Class initialized using 'CodeIgniter\Session\Handlers\FileHandler' driver.
DEBUG - 2025-03-07 21:36:58 --> Session: Class initialized using 'CodeIgniter\Session\Handlers\FileHandler' driver.
DEBUG - 2025-03-07 21:36:59 --> Session: Class initialized using 'CodeIgniter\Session\Handlers\FileHandler' driver.
DEBUG - 2025-03-07 21:37:04 --> Session: Class initialized using 'CodeIgniter\Session\Handlers\FileHandler' driver.
DEBUG - 2025-03-07 21:37:21 --> Session: Class initialized using 'CodeIgniter\Session\Handlers\FileHandler' driver.
DEBUG - 2025-03-07 21:39:40 --> Session: Class initialized using 'CodeIgniter\Session\Handlers\FileHandler' driver.
DEBUG - 2025-03-07 21:59:34 --> Session: Class initialized using 'CodeIgniter\Session\Handlers\FileHandler' driver.
DEBUG - 2025-03-07 22:00:03 --> Session: Class initialized using 'CodeIgniter\Session\Handlers\FileHandler' driver.
DEBUG - 2025-03-07 22:01:03 --> Session: Class initialized using 'CodeIgniter\Session\Handlers\FileHandler' driver.
DEBUG - 2025-03-07 22:04:24 --> Session: Class initialized using 'CodeIgniter\Session\Handlers\FileHandler' driver.
