DEBUG - 2025-03-01 06:46:33 --> Session: Class initialized using 'CodeIgniter\Session\Handlers\FileHandler' driver.
DEBUG - 2025-03-01 06:46:54 --> Session: Class initialized using 'CodeIgniter\Session\Handlers\FileHandler' driver.
DEBUG - 2025-03-01 06:46:54 --> Session: Class initialized using 'CodeIgniter\Session\Handlers\FileHandler' driver.
DEBUG - 2025-03-01 06:50:29 --> Session: Class initialized using 'CodeIgniter\Session\Handlers\FileHandler' driver.
DEBUG - 2025-03-01 06:50:44 --> Session: Class initialized using 'CodeIgniter\Session\Handlers\FileHandler' driver.
DEBUG - 2025-03-01 06:53:26 --> Session: Class initialized using 'CodeIgniter\Session\Handlers\FileHandler' driver.
DEBUG - 2025-03-01 06:54:41 --> Session: Class initialized using 'CodeIgniter\Session\Handlers\FileHandler' driver.
DEBUG - 2025-03-01 07:03:37 --> Session: Class initialized using 'CodeIgniter\Session\Handlers\FileHandler' driver.
DEBUG - 2025-03-01 07:03:39 --> Session: Class initialized using 'CodeIgniter\Session\Handlers\FileHandler' driver.
DEBUG - 2025-03-01 07:03:42 --> Session: Class initialized using 'CodeIgniter\Session\Handlers\FileHandler' driver.
DEBUG - 2025-03-01 07:03:46 --> Session: Class initialized using 'CodeIgniter\Session\Handlers\FileHandler' driver.
DEBUG - 2025-03-01 07:03:49 --> Session: Class initialized using 'CodeIgniter\Session\Handlers\FileHandler' driver.
DEBUG - 2025-03-01 07:04:00 --> Session: Class initialized using 'CodeIgniter\Session\Handlers\FileHandler' driver.
DEBUG - 2025-03-01 07:04:02 --> Session: Class initialized using 'CodeIgniter\Session\Handlers\FileHandler' driver.
DEBUG - 2025-03-01 07:05:35 --> Session: Class initialized using 'CodeIgniter\Session\Handlers\FileHandler' driver.
DEBUG - 2025-03-01 07:05:37 --> Session: Class initialized using 'CodeIgniter\Session\Handlers\FileHandler' driver.
DEBUG - 2025-03-01 07:28:54 --> Session: Class initialized using 'CodeIgniter\Session\Handlers\FileHandler' driver.
DEBUG - 2025-03-01 07:28:56 --> Session: Class initialized using 'CodeIgniter\Session\Handlers\FileHandler' driver.
ERROR - 2025-03-01 07:29:31 --> ErrorException: pg_query(): Query failed: ERROR:  nilai NULL  dalam kolom « name » melanggar not-null constraint
DETAIL:  Baris gagal berisi (2, null, 2025-03-01 14:29:31.940824, f, 111, 081234567890, L, 7) in D:\stmik komputama\Semester 8\SISTEM\project_apin\system\Database\Postgre\Connection.php:206
Stack trace:
#0 [internal function]: CodeIgniter\Debug\Exceptions->errorHandler(2, 'pg_query(): Que...', 'D:\\stmik komput...', 206)
#1 D:\stmik komputama\Semester 8\SISTEM\project_apin\system\Database\Postgre\Connection.php(206): pg_query(Object(PgSql\Connection), 'INSERT INTO "si...')
#2 D:\stmik komputama\Semester 8\SISTEM\project_apin\system\Database\BaseConnection.php(738): CodeIgniter\Database\Postgre\Connection->execute('INSERT INTO "si...')
#3 D:\stmik komputama\Semester 8\SISTEM\project_apin\system\Database\BaseConnection.php(652): CodeIgniter\Database\BaseConnection->simpleQuery('INSERT INTO "si...')
#4 D:\stmik komputama\Semester 8\SISTEM\project_apin\system\Database\BaseBuilder.php(2345): CodeIgniter\Database\BaseConnection->query('INSERT INTO "si...', Array, false)
#5 D:\stmik komputama\Semester 8\SISTEM\project_apin\system\Model.php(394): CodeIgniter\Database\BaseBuilder->insert()
#6 D:\stmik komputama\Semester 8\SISTEM\project_apin\system\BaseModel.php(839): CodeIgniter\Model->doInsert(Array)
#7 D:\stmik komputama\Semester 8\SISTEM\project_apin\system\Model.php(800): CodeIgniter\BaseModel->insert(Array, false)
#8 D:\stmik komputama\Semester 8\SISTEM\project_apin\system\BaseModel.php(750): CodeIgniter\Model->insert(Array, false)
#9 D:\stmik komputama\Semester 8\SISTEM\project_apin\app\Controllers\AturSiswa.php(36): CodeIgniter\BaseModel->save(Array)
#10 D:\stmik komputama\Semester 8\SISTEM\project_apin\system\CodeIgniter.php(933): App\Controllers\AturSiswa->save()
#11 D:\stmik komputama\Semester 8\SISTEM\project_apin\system\CodeIgniter.php(507): CodeIgniter\CodeIgniter->runController(Object(App\Controllers\AturSiswa))
#12 D:\stmik komputama\Semester 8\SISTEM\project_apin\system\CodeIgniter.php(354): CodeIgniter\CodeIgniter->handleRequest(NULL, Object(Config\Cache), false)
#13 D:\stmik komputama\Semester 8\SISTEM\project_apin\system\Boot.php(334): CodeIgniter\CodeIgniter->run()
#14 D:\stmik komputama\Semester 8\SISTEM\project_apin\system\Boot.php(67): CodeIgniter\Boot::runCodeIgniter(Object(CodeIgniter\CodeIgniter))
#15 D:\stmik komputama\Semester 8\SISTEM\project_apin\public\index.php(56): CodeIgniter\Boot::bootWeb(Object(Config\Paths))
#16 D:\stmik komputama\Semester 8\SISTEM\project_apin\system\rewrite.php(44): require_once('D:\\stmik komput...')
#17 {main}
CRITICAL - 2025-03-01 07:29:31 --> CodeIgniter\Database\Exceptions\DatabaseException: pg_query(): Query failed: ERROR:  nilai NULL  dalam kolom « name » melanggar not-null constraint
DETAIL:  Baris gagal berisi (2, null, 2025-03-01 14:29:31.940824, f, 111, 081234567890, L, 7)
[Method: POST, Route: atursiswa/save]
in SYSTEMPATH\Database\BaseConnection.php on line 692.
 1 SYSTEMPATH\Database\BaseBuilder.php(2345): CodeIgniter\Database\BaseConnection->query('INSERT INTO "siswa" ("nis", "phonenumber", "gender", "kelas") VALUES (:nis:, :phonenumber:, :gender:, :kelas:)', [...], false)
 2 SYSTEMPATH\Model.php(394): CodeIgniter\Database\BaseBuilder->insert()
 3 SYSTEMPATH\BaseModel.php(839): CodeIgniter\Model->doInsert([...])
 4 SYSTEMPATH\Model.php(800): CodeIgniter\BaseModel->insert([...], false)
 5 SYSTEMPATH\BaseModel.php(750): CodeIgniter\Model->insert([...], false)
 6 APPPATH\Controllers\AturSiswa.php(36): CodeIgniter\BaseModel->save([...])
 7 SYSTEMPATH\CodeIgniter.php(933): App\Controllers\AturSiswa->save()
 8 SYSTEMPATH\CodeIgniter.php(507): CodeIgniter\CodeIgniter->runController(Object(App\Controllers\AturSiswa))
 9 SYSTEMPATH\CodeIgniter.php(354): CodeIgniter\CodeIgniter->handleRequest(null, Object(Config\Cache), false)
10 SYSTEMPATH\Boot.php(334): CodeIgniter\CodeIgniter->run()
11 SYSTEMPATH\Boot.php(67): CodeIgniter\Boot::runCodeIgniter(Object(CodeIgniter\CodeIgniter))
12 FCPATH\index.php(56): CodeIgniter\Boot::bootWeb(Object(Config\Paths))
13 SYSTEMPATH\rewrite.php(44): require_once('D:\\stmik komputama\\Semester 8\\SISTEM\\project_apin\\public\\index.php')
CRITICAL - 2025-03-01 07:29:31 --> [Caused by] CodeIgniter\Database\Exceptions\DatabaseException: pg_query(): Query failed: ERROR:  nilai NULL  dalam kolom « name » melanggar not-null constraint
DETAIL:  Baris gagal berisi (2, null, 2025-03-01 14:29:31.940824, f, 111, 081234567890, L, 7)
in SYSTEMPATH\Database\Postgre\Connection.php on line 211.
 1 SYSTEMPATH\Database\BaseConnection.php(738): CodeIgniter\Database\Postgre\Connection->execute('INSERT INTO "siswa" ("nis", "phonenumber", "gender", "kelas") VALUES (\'111\', \'081234567890\', \'L\', \'7\')')
 2 SYSTEMPATH\Database\BaseConnection.php(652): CodeIgniter\Database\BaseConnection->simpleQuery('INSERT INTO "siswa" ("nis", "phonenumber", "gender", "kelas") VALUES (\'111\', \'081234567890\', \'L\', \'7\')')
 3 SYSTEMPATH\Database\BaseBuilder.php(2345): CodeIgniter\Database\BaseConnection->query('INSERT INTO "siswa" ("nis", "phonenumber", "gender", "kelas") VALUES (:nis:, :phonenumber:, :gender:, :kelas:)', [...], false)
 4 SYSTEMPATH\Model.php(394): CodeIgniter\Database\BaseBuilder->insert()
 5 SYSTEMPATH\BaseModel.php(839): CodeIgniter\Model->doInsert([...])
 6 SYSTEMPATH\Model.php(800): CodeIgniter\BaseModel->insert([...], false)
 7 SYSTEMPATH\BaseModel.php(750): CodeIgniter\Model->insert([...], false)
 8 APPPATH\Controllers\AturSiswa.php(36): CodeIgniter\BaseModel->save([...])
 9 SYSTEMPATH\CodeIgniter.php(933): App\Controllers\AturSiswa->save()
10 SYSTEMPATH\CodeIgniter.php(507): CodeIgniter\CodeIgniter->runController(Object(App\Controllers\AturSiswa))
11 SYSTEMPATH\CodeIgniter.php(354): CodeIgniter\CodeIgniter->handleRequest(null, Object(Config\Cache), false)
12 SYSTEMPATH\Boot.php(334): CodeIgniter\CodeIgniter->run()
13 SYSTEMPATH\Boot.php(67): CodeIgniter\Boot::runCodeIgniter(Object(CodeIgniter\CodeIgniter))
14 FCPATH\index.php(56): CodeIgniter\Boot::bootWeb(Object(Config\Paths))
15 SYSTEMPATH\rewrite.php(44): require_once('D:\\stmik komputama\\Semester 8\\SISTEM\\project_apin\\public\\index.php')
CRITICAL - 2025-03-01 07:29:31 --> [Caused by] ErrorException: pg_query(): Query failed: ERROR:  nilai NULL  dalam kolom « name » melanggar not-null constraint
DETAIL:  Baris gagal berisi (2, null, 2025-03-01 14:29:31.940824, f, 111, 081234567890, L, 7)
in SYSTEMPATH\Database\Postgre\Connection.php on line 206.
 1 [internal function]: CodeIgniter\Debug\Exceptions->errorHandler(2, 'pg_query(): Query failed: ERROR:  nilai NULL  dalam kolom « name » melanggar not-null constraint
DETAIL:  Baris gagal berisi (2, null, 2025-03-01 14:29:31.940824, f, 111, 081234567890, L, 7)', 'D:\\stmik komputama\\Semester 8\\SISTEM\\project_apin\\system\\Database\\Postgre\\Connection.php', 206)
 2 SYSTEMPATH\Database\Postgre\Connection.php(206): pg_query(Object(PgSql\Connection), 'INSERT INTO "siswa" ("nis", "phonenumber", "gender", "kelas") VALUES (\'111\', \'081234567890\', \'L\', \'7\')')
 3 SYSTEMPATH\Database\BaseConnection.php(738): CodeIgniter\Database\Postgre\Connection->execute('INSERT INTO "siswa" ("nis", "phonenumber", "gender", "kelas") VALUES (\'111\', \'081234567890\', \'L\', \'7\')')
 4 SYSTEMPATH\Database\BaseConnection.php(652): CodeIgniter\Database\BaseConnection->simpleQuery('INSERT INTO "siswa" ("nis", "phonenumber", "gender", "kelas") VALUES (\'111\', \'081234567890\', \'L\', \'7\')')
 5 SYSTEMPATH\Database\BaseBuilder.php(2345): CodeIgniter\Database\BaseConnection->query('INSERT INTO "siswa" ("nis", "phonenumber", "gender", "kelas") VALUES (:nis:, :phonenumber:, :gender:, :kelas:)', [...], false)
 6 SYSTEMPATH\Model.php(394): CodeIgniter\Database\BaseBuilder->insert()
 7 SYSTEMPATH\BaseModel.php(839): CodeIgniter\Model->doInsert([...])
 8 SYSTEMPATH\Model.php(800): CodeIgniter\BaseModel->insert([...], false)
 9 SYSTEMPATH\BaseModel.php(750): CodeIgniter\Model->insert([...], false)
10 APPPATH\Controllers\AturSiswa.php(36): CodeIgniter\BaseModel->save([...])
11 SYSTEMPATH\CodeIgniter.php(933): App\Controllers\AturSiswa->save()
12 SYSTEMPATH\CodeIgniter.php(507): CodeIgniter\CodeIgniter->runController(Object(App\Controllers\AturSiswa))
13 SYSTEMPATH\CodeIgniter.php(354): CodeIgniter\CodeIgniter->handleRequest(null, Object(Config\Cache), false)
14 SYSTEMPATH\Boot.php(334): CodeIgniter\CodeIgniter->run()
15 SYSTEMPATH\Boot.php(67): CodeIgniter\Boot::runCodeIgniter(Object(CodeIgniter\CodeIgniter))
16 FCPATH\index.php(56): CodeIgniter\Boot::bootWeb(Object(Config\Paths))
17 SYSTEMPATH\rewrite.php(44): require_once('D:\\stmik komputama\\Semester 8\\SISTEM\\project_apin\\public\\index.php')
DEBUG - 2025-03-01 07:30:30 --> Session: Class initialized using 'CodeIgniter\Session\Handlers\FileHandler' driver.
ERROR - 2025-03-01 07:31:01 --> ErrorException: pg_query(): Query failed: ERROR:  nilai NULL  dalam kolom « name » melanggar not-null constraint
DETAIL:  Baris gagal berisi (3, null, 2025-03-01 14:31:01.457415, f, 111, 081234567890, L, 9) in D:\stmik komputama\Semester 8\SISTEM\project_apin\system\Database\Postgre\Connection.php:206
Stack trace:
#0 [internal function]: CodeIgniter\Debug\Exceptions->errorHandler(2, 'pg_query(): Que...', 'D:\\stmik komput...', 206)
#1 D:\stmik komputama\Semester 8\SISTEM\project_apin\system\Database\Postgre\Connection.php(206): pg_query(Object(PgSql\Connection), 'INSERT INTO "si...')
#2 D:\stmik komputama\Semester 8\SISTEM\project_apin\system\Database\BaseConnection.php(738): CodeIgniter\Database\Postgre\Connection->execute('INSERT INTO "si...')
#3 D:\stmik komputama\Semester 8\SISTEM\project_apin\system\Database\BaseConnection.php(652): CodeIgniter\Database\BaseConnection->simpleQuery('INSERT INTO "si...')
#4 D:\stmik komputama\Semester 8\SISTEM\project_apin\system\Database\BaseBuilder.php(2345): CodeIgniter\Database\BaseConnection->query('INSERT INTO "si...', Array, false)
#5 D:\stmik komputama\Semester 8\SISTEM\project_apin\system\Model.php(394): CodeIgniter\Database\BaseBuilder->insert()
#6 D:\stmik komputama\Semester 8\SISTEM\project_apin\system\BaseModel.php(839): CodeIgniter\Model->doInsert(Array)
#7 D:\stmik komputama\Semester 8\SISTEM\project_apin\system\Model.php(800): CodeIgniter\BaseModel->insert(Array, false)
#8 D:\stmik komputama\Semester 8\SISTEM\project_apin\system\BaseModel.php(750): CodeIgniter\Model->insert(Array, false)
#9 D:\stmik komputama\Semester 8\SISTEM\project_apin\app\Controllers\AturSiswa.php(36): CodeIgniter\BaseModel->save(Array)
#10 D:\stmik komputama\Semester 8\SISTEM\project_apin\system\CodeIgniter.php(933): App\Controllers\AturSiswa->save()
#11 D:\stmik komputama\Semester 8\SISTEM\project_apin\system\CodeIgniter.php(507): CodeIgniter\CodeIgniter->runController(Object(App\Controllers\AturSiswa))
#12 D:\stmik komputama\Semester 8\SISTEM\project_apin\system\CodeIgniter.php(354): CodeIgniter\CodeIgniter->handleRequest(NULL, Object(Config\Cache), false)
#13 D:\stmik komputama\Semester 8\SISTEM\project_apin\system\Boot.php(334): CodeIgniter\CodeIgniter->run()
#14 D:\stmik komputama\Semester 8\SISTEM\project_apin\system\Boot.php(67): CodeIgniter\Boot::runCodeIgniter(Object(CodeIgniter\CodeIgniter))
#15 D:\stmik komputama\Semester 8\SISTEM\project_apin\public\index.php(56): CodeIgniter\Boot::bootWeb(Object(Config\Paths))
#16 D:\stmik komputama\Semester 8\SISTEM\project_apin\system\rewrite.php(44): require_once('D:\\stmik komput...')
#17 {main}
CRITICAL - 2025-03-01 07:31:01 --> CodeIgniter\Database\Exceptions\DatabaseException: pg_query(): Query failed: ERROR:  nilai NULL  dalam kolom « name » melanggar not-null constraint
DETAIL:  Baris gagal berisi (3, null, 2025-03-01 14:31:01.457415, f, 111, 081234567890, L, 9)
[Method: POST, Route: atursiswa/save]
in SYSTEMPATH\Database\BaseConnection.php on line 692.
 1 SYSTEMPATH\Database\BaseBuilder.php(2345): CodeIgniter\Database\BaseConnection->query('INSERT INTO "siswa" ("nis", "phonenumber", "gender", "kelas") VALUES (:nis:, :phonenumber:, :gender:, :kelas:)', [...], false)
 2 SYSTEMPATH\Model.php(394): CodeIgniter\Database\BaseBuilder->insert()
 3 SYSTEMPATH\BaseModel.php(839): CodeIgniter\Model->doInsert([...])
 4 SYSTEMPATH\Model.php(800): CodeIgniter\BaseModel->insert([...], false)
 5 SYSTEMPATH\BaseModel.php(750): CodeIgniter\Model->insert([...], false)
 6 APPPATH\Controllers\AturSiswa.php(36): CodeIgniter\BaseModel->save([...])
 7 SYSTEMPATH\CodeIgniter.php(933): App\Controllers\AturSiswa->save()
 8 SYSTEMPATH\CodeIgniter.php(507): CodeIgniter\CodeIgniter->runController(Object(App\Controllers\AturSiswa))
 9 SYSTEMPATH\CodeIgniter.php(354): CodeIgniter\CodeIgniter->handleRequest(null, Object(Config\Cache), false)
10 SYSTEMPATH\Boot.php(334): CodeIgniter\CodeIgniter->run()
11 SYSTEMPATH\Boot.php(67): CodeIgniter\Boot::runCodeIgniter(Object(CodeIgniter\CodeIgniter))
12 FCPATH\index.php(56): CodeIgniter\Boot::bootWeb(Object(Config\Paths))
13 SYSTEMPATH\rewrite.php(44): require_once('D:\\stmik komputama\\Semester 8\\SISTEM\\project_apin\\public\\index.php')
CRITICAL - 2025-03-01 07:31:01 --> [Caused by] CodeIgniter\Database\Exceptions\DatabaseException: pg_query(): Query failed: ERROR:  nilai NULL  dalam kolom « name » melanggar not-null constraint
DETAIL:  Baris gagal berisi (3, null, 2025-03-01 14:31:01.457415, f, 111, 081234567890, L, 9)
in SYSTEMPATH\Database\Postgre\Connection.php on line 211.
 1 SYSTEMPATH\Database\BaseConnection.php(738): CodeIgniter\Database\Postgre\Connection->execute('INSERT INTO "siswa" ("nis", "phonenumber", "gender", "kelas") VALUES (\'111\', \'081234567890\', \'L\', \'9\')')
 2 SYSTEMPATH\Database\BaseConnection.php(652): CodeIgniter\Database\BaseConnection->simpleQuery('INSERT INTO "siswa" ("nis", "phonenumber", "gender", "kelas") VALUES (\'111\', \'081234567890\', \'L\', \'9\')')
 3 SYSTEMPATH\Database\BaseBuilder.php(2345): CodeIgniter\Database\BaseConnection->query('INSERT INTO "siswa" ("nis", "phonenumber", "gender", "kelas") VALUES (:nis:, :phonenumber:, :gender:, :kelas:)', [...], false)
 4 SYSTEMPATH\Model.php(394): CodeIgniter\Database\BaseBuilder->insert()
 5 SYSTEMPATH\BaseModel.php(839): CodeIgniter\Model->doInsert([...])
 6 SYSTEMPATH\Model.php(800): CodeIgniter\BaseModel->insert([...], false)
 7 SYSTEMPATH\BaseModel.php(750): CodeIgniter\Model->insert([...], false)
 8 APPPATH\Controllers\AturSiswa.php(36): CodeIgniter\BaseModel->save([...])
 9 SYSTEMPATH\CodeIgniter.php(933): App\Controllers\AturSiswa->save()
10 SYSTEMPATH\CodeIgniter.php(507): CodeIgniter\CodeIgniter->runController(Object(App\Controllers\AturSiswa))
11 SYSTEMPATH\CodeIgniter.php(354): CodeIgniter\CodeIgniter->handleRequest(null, Object(Config\Cache), false)
12 SYSTEMPATH\Boot.php(334): CodeIgniter\CodeIgniter->run()
13 SYSTEMPATH\Boot.php(67): CodeIgniter\Boot::runCodeIgniter(Object(CodeIgniter\CodeIgniter))
14 FCPATH\index.php(56): CodeIgniter\Boot::bootWeb(Object(Config\Paths))
15 SYSTEMPATH\rewrite.php(44): require_once('D:\\stmik komputama\\Semester 8\\SISTEM\\project_apin\\public\\index.php')
CRITICAL - 2025-03-01 07:31:01 --> [Caused by] ErrorException: pg_query(): Query failed: ERROR:  nilai NULL  dalam kolom « name » melanggar not-null constraint
DETAIL:  Baris gagal berisi (3, null, 2025-03-01 14:31:01.457415, f, 111, 081234567890, L, 9)
in SYSTEMPATH\Database\Postgre\Connection.php on line 206.
 1 [internal function]: CodeIgniter\Debug\Exceptions->errorHandler(2, 'pg_query(): Query failed: ERROR:  nilai NULL  dalam kolom « name » melanggar not-null constraint
DETAIL:  Baris gagal berisi (3, null, 2025-03-01 14:31:01.457415, f, 111, 081234567890, L, 9)', 'D:\\stmik komputama\\Semester 8\\SISTEM\\project_apin\\system\\Database\\Postgre\\Connection.php', 206)
 2 SYSTEMPATH\Database\Postgre\Connection.php(206): pg_query(Object(PgSql\Connection), 'INSERT INTO "siswa" ("nis", "phonenumber", "gender", "kelas") VALUES (\'111\', \'081234567890\', \'L\', \'9\')')
 3 SYSTEMPATH\Database\BaseConnection.php(738): CodeIgniter\Database\Postgre\Connection->execute('INSERT INTO "siswa" ("nis", "phonenumber", "gender", "kelas") VALUES (\'111\', \'081234567890\', \'L\', \'9\')')
 4 SYSTEMPATH\Database\BaseConnection.php(652): CodeIgniter\Database\BaseConnection->simpleQuery('INSERT INTO "siswa" ("nis", "phonenumber", "gender", "kelas") VALUES (\'111\', \'081234567890\', \'L\', \'9\')')
 5 SYSTEMPATH\Database\BaseBuilder.php(2345): CodeIgniter\Database\BaseConnection->query('INSERT INTO "siswa" ("nis", "phonenumber", "gender", "kelas") VALUES (:nis:, :phonenumber:, :gender:, :kelas:)', [...], false)
 6 SYSTEMPATH\Model.php(394): CodeIgniter\Database\BaseBuilder->insert()
 7 SYSTEMPATH\BaseModel.php(839): CodeIgniter\Model->doInsert([...])
 8 SYSTEMPATH\Model.php(800): CodeIgniter\BaseModel->insert([...], false)
 9 SYSTEMPATH\BaseModel.php(750): CodeIgniter\Model->insert([...], false)
10 APPPATH\Controllers\AturSiswa.php(36): CodeIgniter\BaseModel->save([...])
11 SYSTEMPATH\CodeIgniter.php(933): App\Controllers\AturSiswa->save()
12 SYSTEMPATH\CodeIgniter.php(507): CodeIgniter\CodeIgniter->runController(Object(App\Controllers\AturSiswa))
13 SYSTEMPATH\CodeIgniter.php(354): CodeIgniter\CodeIgniter->handleRequest(null, Object(Config\Cache), false)
14 SYSTEMPATH\Boot.php(334): CodeIgniter\CodeIgniter->run()
15 SYSTEMPATH\Boot.php(67): CodeIgniter\Boot::runCodeIgniter(Object(CodeIgniter\CodeIgniter))
16 FCPATH\index.php(56): CodeIgniter\Boot::bootWeb(Object(Config\Paths))
17 SYSTEMPATH\rewrite.php(44): require_once('D:\\stmik komputama\\Semester 8\\SISTEM\\project_apin\\public\\index.php')
DEBUG - 2025-03-01 07:32:41 --> Session: Class initialized using 'CodeIgniter\Session\Handlers\FileHandler' driver.
DEBUG - 2025-03-01 07:32:44 --> Session: Class initialized using 'CodeIgniter\Session\Handlers\FileHandler' driver.
DEBUG - 2025-03-01 07:33:40 --> Session: Class initialized using 'CodeIgniter\Session\Handlers\FileHandler' driver.
DEBUG - 2025-03-01 07:33:40 --> Session: Class initialized using 'CodeIgniter\Session\Handlers\FileHandler' driver.
DEBUG - 2025-03-01 07:33:59 --> Session: Class initialized using 'CodeIgniter\Session\Handlers\FileHandler' driver.
DEBUG - 2025-03-01 07:33:59 --> Session: Class initialized using 'CodeIgniter\Session\Handlers\FileHandler' driver.
DEBUG - 2025-03-01 07:34:03 --> Session: Class initialized using 'CodeIgniter\Session\Handlers\FileHandler' driver.
DEBUG - 2025-03-01 07:34:04 --> Session: Class initialized using 'CodeIgniter\Session\Handlers\FileHandler' driver.
DEBUG - 2025-03-01 07:34:21 --> Session: Class initialized using 'CodeIgniter\Session\Handlers\FileHandler' driver.
DEBUG - 2025-03-01 07:34:21 --> Session: Class initialized using 'CodeIgniter\Session\Handlers\FileHandler' driver.
DEBUG - 2025-03-01 07:35:03 --> Session: Class initialized using 'CodeIgniter\Session\Handlers\FileHandler' driver.
DEBUG - 2025-03-01 07:35:39 --> Session: Class initialized using 'CodeIgniter\Session\Handlers\FileHandler' driver.
DEBUG - 2025-03-01 07:38:17 --> Session: Class initialized using 'CodeIgniter\Session\Handlers\FileHandler' driver.
DEBUG - 2025-03-01 07:38:17 --> Session: Class initialized using 'CodeIgniter\Session\Handlers\FileHandler' driver.
DEBUG - 2025-03-01 07:38:28 --> Session: Class initialized using 'CodeIgniter\Session\Handlers\FileHandler' driver.
DEBUG - 2025-03-01 07:38:29 --> Session: Class initialized using 'CodeIgniter\Session\Handlers\FileHandler' driver.
DEBUG - 2025-03-01 07:39:31 --> Session: Class initialized using 'CodeIgniter\Session\Handlers\FileHandler' driver.
DEBUG - 2025-03-01 07:39:31 --> Session: Class initialized using 'CodeIgniter\Session\Handlers\FileHandler' driver.
DEBUG - 2025-03-01 07:39:33 --> Session: Class initialized using 'CodeIgniter\Session\Handlers\FileHandler' driver.
DEBUG - 2025-03-01 07:40:20 --> Session: Class initialized using 'CodeIgniter\Session\Handlers\FileHandler' driver.
DEBUG - 2025-03-01 07:40:29 --> Session: Class initialized using 'CodeIgniter\Session\Handlers\FileHandler' driver.
DEBUG - 2025-03-01 07:40:30 --> Session: Class initialized using 'CodeIgniter\Session\Handlers\FileHandler' driver.
DEBUG - 2025-03-01 07:40:39 --> Session: Class initialized using 'CodeIgniter\Session\Handlers\FileHandler' driver.
DEBUG - 2025-03-01 07:40:40 --> Session: Class initialized using 'CodeIgniter\Session\Handlers\FileHandler' driver.
DEBUG - 2025-03-01 07:55:28 --> Session: Class initialized using 'CodeIgniter\Session\Handlers\FileHandler' driver.
DEBUG - 2025-03-01 07:55:37 --> Session: Class initialized using 'CodeIgniter\Session\Handlers\FileHandler' driver.
DEBUG - 2025-03-01 07:55:39 --> Session: Class initialized using 'CodeIgniter\Session\Handlers\FileHandler' driver.
DEBUG - 2025-03-01 07:55:40 --> Session: Class initialized using 'CodeIgniter\Session\Handlers\FileHandler' driver.
DEBUG - 2025-03-01 07:55:42 --> Session: Class initialized using 'CodeIgniter\Session\Handlers\FileHandler' driver.
DEBUG - 2025-03-01 07:57:27 --> Session: Class initialized using 'CodeIgniter\Session\Handlers\FileHandler' driver.
DEBUG - 2025-03-01 07:57:30 --> Session: Class initialized using 'CodeIgniter\Session\Handlers\FileHandler' driver.
DEBUG - 2025-03-01 08:01:45 --> Session: Class initialized using 'CodeIgniter\Session\Handlers\FileHandler' driver.
DEBUG - 2025-03-01 08:01:53 --> Session: Class initialized using 'CodeIgniter\Session\Handlers\FileHandler' driver.
DEBUG - 2025-03-01 08:01:53 --> Session: Class initialized using 'CodeIgniter\Session\Handlers\FileHandler' driver.
DEBUG - 2025-03-01 08:02:02 --> Session: Class initialized using 'CodeIgniter\Session\Handlers\FileHandler' driver.
DEBUG - 2025-03-01 08:02:04 --> Session: Class initialized using 'CodeIgniter\Session\Handlers\FileHandler' driver.
DEBUG - 2025-03-01 08:02:05 --> Session: Class initialized using 'CodeIgniter\Session\Handlers\FileHandler' driver.
DEBUG - 2025-03-01 08:02:06 --> Session: Class initialized using 'CodeIgniter\Session\Handlers\FileHandler' driver.
DEBUG - 2025-03-01 08:02:08 --> Session: Class initialized using 'CodeIgniter\Session\Handlers\FileHandler' driver.
DEBUG - 2025-03-01 11:09:31 --> Session: Class initialized using 'CodeIgniter\Session\Handlers\FileHandler' driver.
DEBUG - 2025-03-01 11:09:34 --> Session: Class initialized using 'CodeIgniter\Session\Handlers\FileHandler' driver.
DEBUG - 2025-03-01 11:09:35 --> Session: Class initialized using 'CodeIgniter\Session\Handlers\FileHandler' driver.
DEBUG - 2025-03-01 11:09:37 --> Session: Class initialized using 'CodeIgniter\Session\Handlers\FileHandler' driver.
CRITICAL - 2025-03-01 11:09:37 --> ErrorException: Undefined variable $data
[Method: GET, Route: atursiswa]
in APPPATH\Views\atursiswa.php on line 24.
 1 APPPATH\Views\atursiswa.php(24): CodeIgniter\Debug\Exceptions->errorHandler(2, 'Undefined variable $data', 'D:\\stmik komputama\\Semester 8\\SISTEM\\project_apin\\app\\Views\\atursiswa.php', 24)
 2 SYSTEMPATH\View\View.php(224): include('D:\\stmik komputama\\Semester 8\\SISTEM\\project_apin\\app\\Views\\atursiswa.php')
 3 SYSTEMPATH\View\View.php(227): CodeIgniter\View\View->CodeIgniter\View\{closure}()
 4 SYSTEMPATH\Common.php(1173): CodeIgniter\View\View->render('atursiswa', [], true)
 5 APPPATH\Controllers\AturSiswa.php(16): view('atursiswa', [])
 6 SYSTEMPATH\CodeIgniter.php(933): App\Controllers\AturSiswa->index()
 7 SYSTEMPATH\CodeIgniter.php(507): CodeIgniter\CodeIgniter->runController(Object(App\Controllers\AturSiswa))
 8 SYSTEMPATH\CodeIgniter.php(354): CodeIgniter\CodeIgniter->handleRequest(null, Object(Config\Cache), false)
 9 SYSTEMPATH\Boot.php(334): CodeIgniter\CodeIgniter->run()
10 SYSTEMPATH\Boot.php(67): CodeIgniter\Boot::runCodeIgniter(Object(CodeIgniter\CodeIgniter))
11 FCPATH\index.php(56): CodeIgniter\Boot::bootWeb(Object(Config\Paths))
12 SYSTEMPATH\rewrite.php(44): require_once('D:\\stmik komputama\\Semester 8\\SISTEM\\project_apin\\public\\index.php')
DEBUG - 2025-03-01 11:11:23 --> Session: Class initialized using 'CodeIgniter\Session\Handlers\FileHandler' driver.
DEBUG - 2025-03-01 11:11:25 --> Session: Class initialized using 'CodeIgniter\Session\Handlers\FileHandler' driver.
DEBUG - 2025-03-01 11:11:34 --> Session: Class initialized using 'CodeIgniter\Session\Handlers\FileHandler' driver.
DEBUG - 2025-03-01 11:38:19 --> Session: Class initialized using 'CodeIgniter\Session\Handlers\FileHandler' driver.
CRITICAL - 2025-03-01 11:38:34 --> ErrorException: Undefined variable $data
[Method: POST, Route: atursiswa/save]
in APPPATH\Views\atursiswa.php on line 25.
 1 APPPATH\Views\atursiswa.php(25): CodeIgniter\Debug\Exceptions->errorHandler(2, 'Undefined variable $data', 'D:\\stmik komputama\\Semester 8\\SISTEM\\project_apin\\app\\Views\\atursiswa.php', 25)
 2 SYSTEMPATH\View\View.php(224): include('D:\\stmik komputama\\Semester 8\\SISTEM\\project_apin\\app\\Views\\atursiswa.php')
 3 SYSTEMPATH\View\View.php(227): CodeIgniter\View\View->CodeIgniter\View\{closure}()
 4 SYSTEMPATH\Common.php(1173): CodeIgniter\View\View->render('atursiswa', [], true)
 5 APPPATH\Controllers\AturSiswa.php(47): view('atursiswa', [...])
 6 SYSTEMPATH\CodeIgniter.php(933): App\Controllers\AturSiswa->save()
 7 SYSTEMPATH\CodeIgniter.php(507): CodeIgniter\CodeIgniter->runController(Object(App\Controllers\AturSiswa))
 8 SYSTEMPATH\CodeIgniter.php(354): CodeIgniter\CodeIgniter->handleRequest(null, Object(Config\Cache), false)
 9 SYSTEMPATH\Boot.php(334): CodeIgniter\CodeIgniter->run()
10 SYSTEMPATH\Boot.php(67): CodeIgniter\Boot::runCodeIgniter(Object(CodeIgniter\CodeIgniter))
11 FCPATH\index.php(56): CodeIgniter\Boot::bootWeb(Object(Config\Paths))
12 SYSTEMPATH\rewrite.php(44): require_once('D:\\stmik komputama\\Semester 8\\SISTEM\\project_apin\\public\\index.php')
DEBUG - 2025-03-01 11:40:16 --> Session: Class initialized using 'CodeIgniter\Session\Handlers\FileHandler' driver.
CRITICAL - 2025-03-01 11:40:19 --> ErrorException: Undefined variable $data
[Method: POST, Route: atursiswa/save]
in APPPATH\Views\atursiswa.php on line 25.
 1 APPPATH\Views\atursiswa.php(25): CodeIgniter\Debug\Exceptions->errorHandler(2, 'Undefined variable $data', 'D:\\stmik komputama\\Semester 8\\SISTEM\\project_apin\\app\\Views\\atursiswa.php', 25)
 2 SYSTEMPATH\View\View.php(224): include('D:\\stmik komputama\\Semester 8\\SISTEM\\project_apin\\app\\Views\\atursiswa.php')
 3 SYSTEMPATH\View\View.php(227): CodeIgniter\View\View->CodeIgniter\View\{closure}()
 4 SYSTEMPATH\Common.php(1173): CodeIgniter\View\View->render('atursiswa', [], true)
 5 APPPATH\Controllers\AturSiswa.php(47): view('atursiswa', [...])
 6 SYSTEMPATH\CodeIgniter.php(933): App\Controllers\AturSiswa->save()
 7 SYSTEMPATH\CodeIgniter.php(507): CodeIgniter\CodeIgniter->runController(Object(App\Controllers\AturSiswa))
 8 SYSTEMPATH\CodeIgniter.php(354): CodeIgniter\CodeIgniter->handleRequest(null, Object(Config\Cache), false)
 9 SYSTEMPATH\Boot.php(334): CodeIgniter\CodeIgniter->run()
10 SYSTEMPATH\Boot.php(67): CodeIgniter\Boot::runCodeIgniter(Object(CodeIgniter\CodeIgniter))
11 FCPATH\index.php(56): CodeIgniter\Boot::bootWeb(Object(Config\Paths))
12 SYSTEMPATH\rewrite.php(44): require_once('D:\\stmik komputama\\Semester 8\\SISTEM\\project_apin\\public\\index.php')
DEBUG - 2025-03-01 11:40:29 --> Session: Class initialized using 'CodeIgniter\Session\Handlers\FileHandler' driver.
DEBUG - 2025-03-01 11:40:31 --> Session: Class initialized using 'CodeIgniter\Session\Handlers\FileHandler' driver.
DEBUG - 2025-03-01 11:40:32 --> Session: Class initialized using 'CodeIgniter\Session\Handlers\FileHandler' driver.
DEBUG - 2025-03-01 11:40:34 --> Session: Class initialized using 'CodeIgniter\Session\Handlers\FileHandler' driver.
CRITICAL - 2025-03-01 11:40:39 --> ErrorException: Undefined variable $data
[Method: POST, Route: atursiswa/save]
in APPPATH\Views\atursiswa.php on line 25.
 1 APPPATH\Views\atursiswa.php(25): CodeIgniter\Debug\Exceptions->errorHandler(2, 'Undefined variable $data', 'D:\\stmik komputama\\Semester 8\\SISTEM\\project_apin\\app\\Views\\atursiswa.php', 25)
 2 SYSTEMPATH\View\View.php(224): include('D:\\stmik komputama\\Semester 8\\SISTEM\\project_apin\\app\\Views\\atursiswa.php')
 3 SYSTEMPATH\View\View.php(227): CodeIgniter\View\View->CodeIgniter\View\{closure}()
 4 SYSTEMPATH\Common.php(1173): CodeIgniter\View\View->render('atursiswa', [], true)
 5 APPPATH\Controllers\AturSiswa.php(47): view('atursiswa', [...])
 6 SYSTEMPATH\CodeIgniter.php(933): App\Controllers\AturSiswa->save()
 7 SYSTEMPATH\CodeIgniter.php(507): CodeIgniter\CodeIgniter->runController(Object(App\Controllers\AturSiswa))
 8 SYSTEMPATH\CodeIgniter.php(354): CodeIgniter\CodeIgniter->handleRequest(null, Object(Config\Cache), false)
 9 SYSTEMPATH\Boot.php(334): CodeIgniter\CodeIgniter->run()
10 SYSTEMPATH\Boot.php(67): CodeIgniter\Boot::runCodeIgniter(Object(CodeIgniter\CodeIgniter))
11 FCPATH\index.php(56): CodeIgniter\Boot::bootWeb(Object(Config\Paths))
12 SYSTEMPATH\rewrite.php(44): require_once('D:\\stmik komputama\\Semester 8\\SISTEM\\project_apin\\public\\index.php')
CRITICAL - 2025-03-01 11:41:17 --> ErrorException: Undefined variable $data
[Method: POST, Route: atursiswa/save]
in APPPATH\Views\atursiswa.php on line 24.
 1 APPPATH\Views\atursiswa.php(24): CodeIgniter\Debug\Exceptions->errorHandler(2, 'Undefined variable $data', 'D:\\stmik komputama\\Semester 8\\SISTEM\\project_apin\\app\\Views\\atursiswa.php', 24)
 2 SYSTEMPATH\View\View.php(224): include('D:\\stmik komputama\\Semester 8\\SISTEM\\project_apin\\app\\Views\\atursiswa.php')
 3 SYSTEMPATH\View\View.php(227): CodeIgniter\View\View->CodeIgniter\View\{closure}()
 4 SYSTEMPATH\Common.php(1173): CodeIgniter\View\View->render('atursiswa', [], true)
 5 APPPATH\Controllers\AturSiswa.php(47): view('atursiswa', [...])
 6 SYSTEMPATH\CodeIgniter.php(933): App\Controllers\AturSiswa->save()
 7 SYSTEMPATH\CodeIgniter.php(507): CodeIgniter\CodeIgniter->runController(Object(App\Controllers\AturSiswa))
 8 SYSTEMPATH\CodeIgniter.php(354): CodeIgniter\CodeIgniter->handleRequest(null, Object(Config\Cache), false)
 9 SYSTEMPATH\Boot.php(334): CodeIgniter\CodeIgniter->run()
10 SYSTEMPATH\Boot.php(67): CodeIgniter\Boot::runCodeIgniter(Object(CodeIgniter\CodeIgniter))
11 FCPATH\index.php(56): CodeIgniter\Boot::bootWeb(Object(Config\Paths))
12 SYSTEMPATH\rewrite.php(44): require_once('D:\\stmik komputama\\Semester 8\\SISTEM\\project_apin\\public\\index.php')
DEBUG - 2025-03-01 11:41:49 --> Session: Class initialized using 'CodeIgniter\Session\Handlers\FileHandler' driver.
CRITICAL - 2025-03-01 11:42:07 --> ErrorException: Undefined variable $data
[Method: POST, Route: atursiswa/save]
in APPPATH\Views\atursiswa.php on line 24.
 1 APPPATH\Views\atursiswa.php(24): CodeIgniter\Debug\Exceptions->errorHandler(2, 'Undefined variable $data', 'D:\\stmik komputama\\Semester 8\\SISTEM\\project_apin\\app\\Views\\atursiswa.php', 24)
 2 SYSTEMPATH\View\View.php(224): include('D:\\stmik komputama\\Semester 8\\SISTEM\\project_apin\\app\\Views\\atursiswa.php')
 3 SYSTEMPATH\View\View.php(227): CodeIgniter\View\View->CodeIgniter\View\{closure}()
 4 SYSTEMPATH\Common.php(1173): CodeIgniter\View\View->render('atursiswa', [], true)
 5 APPPATH\Controllers\AturSiswa.php(47): view('atursiswa', [...])
 6 SYSTEMPATH\CodeIgniter.php(933): App\Controllers\AturSiswa->save()
 7 SYSTEMPATH\CodeIgniter.php(507): CodeIgniter\CodeIgniter->runController(Object(App\Controllers\AturSiswa))
 8 SYSTEMPATH\CodeIgniter.php(354): CodeIgniter\CodeIgniter->handleRequest(null, Object(Config\Cache), false)
 9 SYSTEMPATH\Boot.php(334): CodeIgniter\CodeIgniter->run()
10 SYSTEMPATH\Boot.php(67): CodeIgniter\Boot::runCodeIgniter(Object(CodeIgniter\CodeIgniter))
11 FCPATH\index.php(56): CodeIgniter\Boot::bootWeb(Object(Config\Paths))
12 SYSTEMPATH\rewrite.php(44): require_once('D:\\stmik komputama\\Semester 8\\SISTEM\\project_apin\\public\\index.php')
CRITICAL - 2025-03-01 11:42:42 --> ErrorException: Undefined variable $data
[Method: POST, Route: atursiswa/save]
in APPPATH\Views\atursiswa.php on line 24.
 1 APPPATH\Views\atursiswa.php(24): CodeIgniter\Debug\Exceptions->errorHandler(2, 'Undefined variable $data', 'D:\\stmik komputama\\Semester 8\\SISTEM\\project_apin\\app\\Views\\atursiswa.php', 24)
 2 SYSTEMPATH\View\View.php(224): include('D:\\stmik komputama\\Semester 8\\SISTEM\\project_apin\\app\\Views\\atursiswa.php')
 3 SYSTEMPATH\View\View.php(227): CodeIgniter\View\View->CodeIgniter\View\{closure}()
 4 SYSTEMPATH\Common.php(1173): CodeIgniter\View\View->render('atursiswa', [], true)
 5 APPPATH\Controllers\AturSiswa.php(47): view('atursiswa', [...])
 6 SYSTEMPATH\CodeIgniter.php(933): App\Controllers\AturSiswa->save()
 7 SYSTEMPATH\CodeIgniter.php(507): CodeIgniter\CodeIgniter->runController(Object(App\Controllers\AturSiswa))
 8 SYSTEMPATH\CodeIgniter.php(354): CodeIgniter\CodeIgniter->handleRequest(null, Object(Config\Cache), false)
 9 SYSTEMPATH\Boot.php(334): CodeIgniter\CodeIgniter->run()
10 SYSTEMPATH\Boot.php(67): CodeIgniter\Boot::runCodeIgniter(Object(CodeIgniter\CodeIgniter))
11 FCPATH\index.php(56): CodeIgniter\Boot::bootWeb(Object(Config\Paths))
12 SYSTEMPATH\rewrite.php(44): require_once('D:\\stmik komputama\\Semester 8\\SISTEM\\project_apin\\public\\index.php')
DEBUG - 2025-03-01 11:44:34 --> Session: Class initialized using 'CodeIgniter\Session\Handlers\FileHandler' driver.
DEBUG - 2025-03-01 11:44:36 --> Session: Class initialized using 'CodeIgniter\Session\Handlers\FileHandler' driver.
DEBUG - 2025-03-01 11:44:38 --> Session: Class initialized using 'CodeIgniter\Session\Handlers\FileHandler' driver.
DEBUG - 2025-03-01 11:45:49 --> Session: Class initialized using 'CodeIgniter\Session\Handlers\FileHandler' driver.
DEBUG - 2025-03-01 11:46:03 --> Session: Class initialized using 'CodeIgniter\Session\Handlers\FileHandler' driver.
DEBUG - 2025-03-01 11:46:12 --> Session: Class initialized using 'CodeIgniter\Session\Handlers\FileHandler' driver.
DEBUG - 2025-03-01 11:50:27 --> Session: Class initialized using 'CodeIgniter\Session\Handlers\FileHandler' driver.
CRITICAL - 2025-03-01 11:50:27 --> ErrorException: Undefined variable $lihatdata
[Method: GET, Route: atursiswa]
in APPPATH\Views\atursiswa.php on line 24.
 1 APPPATH\Views\atursiswa.php(24): CodeIgniter\Debug\Exceptions->errorHandler(2, 'Undefined variable $lihatdata', 'D:\\stmik komputama\\Semester 8\\SISTEM\\project_apin\\app\\Views\\atursiswa.php', 24)
 2 SYSTEMPATH\View\View.php(224): include('D:\\stmik komputama\\Semester 8\\SISTEM\\project_apin\\app\\Views\\atursiswa.php')
 3 SYSTEMPATH\View\View.php(227): CodeIgniter\View\View->CodeIgniter\View\{closure}()
 4 SYSTEMPATH\Common.php(1173): CodeIgniter\View\View->render('atursiswa', [], true)
 5 APPPATH\Controllers\AturSiswa.php(17): view('atursiswa', [...])
 6 SYSTEMPATH\CodeIgniter.php(933): App\Controllers\AturSiswa->index()
 7 SYSTEMPATH\CodeIgniter.php(507): CodeIgniter\CodeIgniter->runController(Object(App\Controllers\AturSiswa))
 8 SYSTEMPATH\CodeIgniter.php(354): CodeIgniter\CodeIgniter->handleRequest(null, Object(Config\Cache), false)
 9 SYSTEMPATH\Boot.php(334): CodeIgniter\CodeIgniter->run()
10 SYSTEMPATH\Boot.php(67): CodeIgniter\Boot::runCodeIgniter(Object(CodeIgniter\CodeIgniter))
11 FCPATH\index.php(56): CodeIgniter\Boot::bootWeb(Object(Config\Paths))
12 SYSTEMPATH\rewrite.php(44): require_once('D:\\stmik komputama\\Semester 8\\SISTEM\\project_apin\\public\\index.php')
DEBUG - 2025-03-01 11:50:56 --> Session: Class initialized using 'CodeIgniter\Session\Handlers\FileHandler' driver.
DEBUG - 2025-03-01 11:51:17 --> Session: Class initialized using 'CodeIgniter\Session\Handlers\FileHandler' driver.
DEBUG - 2025-03-01 11:51:53 --> Session: Class initialized using 'CodeIgniter\Session\Handlers\FileHandler' driver.
DEBUG - 2025-03-01 11:52:14 --> Session: Class initialized using 'CodeIgniter\Session\Handlers\FileHandler' driver.
DEBUG - 2025-03-01 23:19:33 --> Session: Class initialized using 'CodeIgniter\Session\Handlers\FileHandler' driver.
DEBUG - 2025-03-01 23:19:36 --> Session: Class initialized using 'CodeIgniter\Session\Handlers\FileHandler' driver.
DEBUG - 2025-03-01 23:19:37 --> Session: Class initialized using 'CodeIgniter\Session\Handlers\FileHandler' driver.
DEBUG - 2025-03-01 23:20:18 --> Session: Class initialized using 'CodeIgniter\Session\Handlers\FileHandler' driver.
DEBUG - 2025-03-01 23:20:21 --> Session: Class initialized using 'CodeIgniter\Session\Handlers\FileHandler' driver.
DEBUG - 2025-03-01 23:20:26 --> Session: Class initialized using 'CodeIgniter\Session\Handlers\FileHandler' driver.
DEBUG - 2025-03-01 23:23:13 --> Session: Class initialized using 'CodeIgniter\Session\Handlers\FileHandler' driver.
