DEBUG - 2025-03-02 02:43:29 --> Session: Class initialized using 'CodeIgniter\Session\Handlers\FileHandler' driver.
DEBUG - 2025-03-02 02:43:29 --> Session: Class initialized using 'CodeIgniter\Session\Handlers\FileHandler' driver.
DEBUG - 2025-03-02 02:43:31 --> Session: Class initialized using 'CodeIgniter\Session\Handlers\FileHandler' driver.
DEBUG - 2025-03-02 02:43:32 --> Session: Class initialized using 'CodeIgniter\Session\Handlers\FileHandler' driver.
DEBUG - 2025-03-02 02:43:37 --> Session: Class initialized using 'CodeIgniter\Session\Handlers\FileHandler' driver.
DEBUG - 2025-03-02 02:43:39 --> Session: Class initialized using 'CodeIgniter\Session\Handlers\FileHandler' driver.
DEBUG - 2025-03-02 03:08:22 --> Session: Class initialized using 'CodeIgniter\Session\Handlers\FileHandler' driver.
DEBUG - 2025-03-02 03:08:24 --> Session: Class initialized using 'CodeIgniter\Session\Handlers\FileHandler' driver.
CRITICAL - 2025-03-02 03:08:24 --> ErrorException: Undefined variable $editdata
[Method: GET, Route: atursiswa]
in APPPATH\Views\atursiswa.php on line 53.
 1 APPPATH\Views\atursiswa.php(53): CodeIgniter\Debug\Exceptions->errorHandler(2, 'Undefined variable $editdata', 'D:\\stmik komputama\\Semester 8\\SISTEM\\project_apin\\app\\Views\\atursiswa.php', 53)
 2 SYSTEMPATH\View\View.php(224): include('D:\\stmik komputama\\Semester 8\\SISTEM\\project_apin\\app\\Views\\atursiswa.php')
 3 SYSTEMPATH\View\View.php(227): CodeIgniter\View\View->CodeIgniter\View\{closure}()
 4 SYSTEMPATH\Common.php(1173): CodeIgniter\View\View->render('atursiswa', [], true)
 5 APPPATH\Controllers\AturSiswa.php(17): view('atursiswa', [...])
 6 SYSTEMPATH\CodeIgniter.php(933): App\Controllers\AturSiswa->index()
 7 SYSTEMPATH\CodeIgniter.php(507): CodeIgniter\CodeIgniter->runController(Object(App\Controllers\AturSiswa))
 8 SYSTEMPATH\CodeIgniter.php(354): CodeIgniter\CodeIgniter->handleRequest(null, Object(Config\Cache), false)
 9 SYSTEMPATH\Boot.php(334): CodeIgniter\CodeIgniter->run()
10 SYSTEMPATH\Boot.php(67): CodeIgniter\Boot::runCodeIgniter(Object(CodeIgniter\CodeIgniter))
11 FCPATH\index.php(56): CodeIgniter\Boot::bootWeb(Object(Config\Paths))
12 SYSTEMPATH\rewrite.php(44): require_once('D:\\stmik komputama\\Semester 8\\SISTEM\\project_apin\\public\\index.php')
DEBUG - 2025-03-02 03:09:20 --> Session: Class initialized using 'CodeIgniter\Session\Handlers\FileHandler' driver.
DEBUG - 2025-03-02 03:09:22 --> Session: Class initialized using 'CodeIgniter\Session\Handlers\FileHandler' driver.
CRITICAL - 2025-03-02 03:09:22 --> ErrorException: Undefined variable $updatedata
[Method: GET, Route: atursiswa]
in APPPATH\Views\atursiswa.php on line 53.
 1 APPPATH\Views\atursiswa.php(53): CodeIgniter\Debug\Exceptions->errorHandler(2, 'Undefined variable $updatedata', 'D:\\stmik komputama\\Semester 8\\SISTEM\\project_apin\\app\\Views\\atursiswa.php', 53)
 2 SYSTEMPATH\View\View.php(224): include('D:\\stmik komputama\\Semester 8\\SISTEM\\project_apin\\app\\Views\\atursiswa.php')
 3 SYSTEMPATH\View\View.php(227): CodeIgniter\View\View->CodeIgniter\View\{closure}()
 4 SYSTEMPATH\Common.php(1173): CodeIgniter\View\View->render('atursiswa', [], true)
 5 APPPATH\Controllers\AturSiswa.php(17): view('atursiswa', [...])
 6 SYSTEMPATH\CodeIgniter.php(933): App\Controllers\AturSiswa->index()
 7 SYSTEMPATH\CodeIgniter.php(507): CodeIgniter\CodeIgniter->runController(Object(App\Controllers\AturSiswa))
 8 SYSTEMPATH\CodeIgniter.php(354): CodeIgniter\CodeIgniter->handleRequest(null, Object(Config\Cache), false)
 9 SYSTEMPATH\Boot.php(334): CodeIgniter\CodeIgniter->run()
10 SYSTEMPATH\Boot.php(67): CodeIgniter\Boot::runCodeIgniter(Object(CodeIgniter\CodeIgniter))
11 FCPATH\index.php(56): CodeIgniter\Boot::bootWeb(Object(Config\Paths))
12 SYSTEMPATH\rewrite.php(44): require_once('D:\\stmik komputama\\Semester 8\\SISTEM\\project_apin\\public\\index.php')
DEBUG - 2025-03-02 03:11:06 --> Session: Class initialized using 'CodeIgniter\Session\Handlers\FileHandler' driver.
CRITICAL - 2025-03-02 03:11:06 --> ErrorException: Undefined variable $updatedata
[Method: GET, Route: atursiswa]
in APPPATH\Views\atursiswa.php on line 53.
 1 APPPATH\Views\atursiswa.php(53): CodeIgniter\Debug\Exceptions->errorHandler(2, 'Undefined variable $updatedata', 'D:\\stmik komputama\\Semester 8\\SISTEM\\project_apin\\app\\Views\\atursiswa.php', 53)
 2 SYSTEMPATH\View\View.php(224): include('D:\\stmik komputama\\Semester 8\\SISTEM\\project_apin\\app\\Views\\atursiswa.php')
 3 SYSTEMPATH\View\View.php(227): CodeIgniter\View\View->CodeIgniter\View\{closure}()
 4 SYSTEMPATH\Common.php(1173): CodeIgniter\View\View->render('atursiswa', [], true)
 5 APPPATH\Controllers\AturSiswa.php(17): view('atursiswa', [...])
 6 SYSTEMPATH\CodeIgniter.php(933): App\Controllers\AturSiswa->index()
 7 SYSTEMPATH\CodeIgniter.php(507): CodeIgniter\CodeIgniter->runController(Object(App\Controllers\AturSiswa))
 8 SYSTEMPATH\CodeIgniter.php(354): CodeIgniter\CodeIgniter->handleRequest(null, Object(Config\Cache), false)
 9 SYSTEMPATH\Boot.php(334): CodeIgniter\CodeIgniter->run()
10 SYSTEMPATH\Boot.php(67): CodeIgniter\Boot::runCodeIgniter(Object(CodeIgniter\CodeIgniter))
11 FCPATH\index.php(56): CodeIgniter\Boot::bootWeb(Object(Config\Paths))
12 SYSTEMPATH\rewrite.php(44): require_once('D:\\stmik komputama\\Semester 8\\SISTEM\\project_apin\\public\\index.php')
DEBUG - 2025-03-02 03:11:10 --> Session: Class initialized using 'CodeIgniter\Session\Handlers\FileHandler' driver.
DEBUG - 2025-03-02 03:11:12 --> Session: Class initialized using 'CodeIgniter\Session\Handlers\FileHandler' driver.
CRITICAL - 2025-03-02 03:11:12 --> ErrorException: Undefined variable $updatedata
[Method: GET, Route: atursiswa]
in APPPATH\Views\atursiswa.php on line 53.
 1 APPPATH\Views\atursiswa.php(53): CodeIgniter\Debug\Exceptions->errorHandler(2, 'Undefined variable $updatedata', 'D:\\stmik komputama\\Semester 8\\SISTEM\\project_apin\\app\\Views\\atursiswa.php', 53)
 2 SYSTEMPATH\View\View.php(224): include('D:\\stmik komputama\\Semester 8\\SISTEM\\project_apin\\app\\Views\\atursiswa.php')
 3 SYSTEMPATH\View\View.php(227): CodeIgniter\View\View->CodeIgniter\View\{closure}()
 4 SYSTEMPATH\Common.php(1173): CodeIgniter\View\View->render('atursiswa', [], true)
 5 APPPATH\Controllers\AturSiswa.php(17): view('atursiswa', [...])
 6 SYSTEMPATH\CodeIgniter.php(933): App\Controllers\AturSiswa->index()
 7 SYSTEMPATH\CodeIgniter.php(507): CodeIgniter\CodeIgniter->runController(Object(App\Controllers\AturSiswa))
 8 SYSTEMPATH\CodeIgniter.php(354): CodeIgniter\CodeIgniter->handleRequest(null, Object(Config\Cache), false)
 9 SYSTEMPATH\Boot.php(334): CodeIgniter\CodeIgniter->run()
10 SYSTEMPATH\Boot.php(67): CodeIgniter\Boot::runCodeIgniter(Object(CodeIgniter\CodeIgniter))
11 FCPATH\index.php(56): CodeIgniter\Boot::bootWeb(Object(Config\Paths))
12 SYSTEMPATH\rewrite.php(44): require_once('D:\\stmik komputama\\Semester 8\\SISTEM\\project_apin\\public\\index.php')
DEBUG - 2025-03-02 03:11:21 --> Session: Class initialized using 'CodeIgniter\Session\Handlers\FileHandler' driver.
DEBUG - 2025-03-02 03:13:37 --> Session: Class initialized using 'CodeIgniter\Session\Handlers\FileHandler' driver.
CRITICAL - 2025-03-02 03:13:38 --> ErrorException: Undefined variable $updatedata
[Method: GET, Route: atursiswa]
in APPPATH\Views\atursiswa.php on line 54.
 1 APPPATH\Views\atursiswa.php(54): CodeIgniter\Debug\Exceptions->errorHandler(2, 'Undefined variable $updatedata', 'D:\\stmik komputama\\Semester 8\\SISTEM\\project_apin\\app\\Views\\atursiswa.php', 54)
 2 SYSTEMPATH\View\View.php(224): include('D:\\stmik komputama\\Semester 8\\SISTEM\\project_apin\\app\\Views\\atursiswa.php')
 3 SYSTEMPATH\View\View.php(227): CodeIgniter\View\View->CodeIgniter\View\{closure}()
 4 SYSTEMPATH\Common.php(1173): CodeIgniter\View\View->render('atursiswa', [], true)
 5 APPPATH\Controllers\AturSiswa.php(17): view('atursiswa', [...])
 6 SYSTEMPATH\CodeIgniter.php(933): App\Controllers\AturSiswa->index()
 7 SYSTEMPATH\CodeIgniter.php(507): CodeIgniter\CodeIgniter->runController(Object(App\Controllers\AturSiswa))
 8 SYSTEMPATH\CodeIgniter.php(354): CodeIgniter\CodeIgniter->handleRequest(null, Object(Config\Cache), false)
 9 SYSTEMPATH\Boot.php(334): CodeIgniter\CodeIgniter->run()
10 SYSTEMPATH\Boot.php(67): CodeIgniter\Boot::runCodeIgniter(Object(CodeIgniter\CodeIgniter))
11 FCPATH\index.php(56): CodeIgniter\Boot::bootWeb(Object(Config\Paths))
12 SYSTEMPATH\rewrite.php(44): require_once('D:\\stmik komputama\\Semester 8\\SISTEM\\project_apin\\public\\index.php')
DEBUG - 2025-03-02 03:15:35 --> Session: Class initialized using 'CodeIgniter\Session\Handlers\FileHandler' driver.
CRITICAL - 2025-03-02 03:15:35 --> ErrorException: Undefined variable $updatedata
[Method: GET, Route: atursiswa]
in APPPATH\Views\atursiswa.php on line 54.
 1 APPPATH\Views\atursiswa.php(54): CodeIgniter\Debug\Exceptions->errorHandler(2, 'Undefined variable $updatedata', 'D:\\stmik komputama\\Semester 8\\SISTEM\\project_apin\\app\\Views\\atursiswa.php', 54)
 2 SYSTEMPATH\View\View.php(224): include('D:\\stmik komputama\\Semester 8\\SISTEM\\project_apin\\app\\Views\\atursiswa.php')
 3 SYSTEMPATH\View\View.php(227): CodeIgniter\View\View->CodeIgniter\View\{closure}()
 4 SYSTEMPATH\Common.php(1173): CodeIgniter\View\View->render('atursiswa', [], true)
 5 APPPATH\Controllers\AturSiswa.php(17): view('atursiswa', [...])
 6 SYSTEMPATH\CodeIgniter.php(933): App\Controllers\AturSiswa->index()
 7 SYSTEMPATH\CodeIgniter.php(507): CodeIgniter\CodeIgniter->runController(Object(App\Controllers\AturSiswa))
 8 SYSTEMPATH\CodeIgniter.php(354): CodeIgniter\CodeIgniter->handleRequest(null, Object(Config\Cache), false)
 9 SYSTEMPATH\Boot.php(334): CodeIgniter\CodeIgniter->run()
10 SYSTEMPATH\Boot.php(67): CodeIgniter\Boot::runCodeIgniter(Object(CodeIgniter\CodeIgniter))
11 FCPATH\index.php(56): CodeIgniter\Boot::bootWeb(Object(Config\Paths))
12 SYSTEMPATH\rewrite.php(44): require_once('D:\\stmik komputama\\Semester 8\\SISTEM\\project_apin\\public\\index.php')
DEBUG - 2025-03-02 03:15:37 --> Session: Class initialized using 'CodeIgniter\Session\Handlers\FileHandler' driver.
DEBUG - 2025-03-02 03:15:39 --> Session: Class initialized using 'CodeIgniter\Session\Handlers\FileHandler' driver.
CRITICAL - 2025-03-02 03:15:40 --> ErrorException: Undefined variable $updatedata
[Method: GET, Route: atursiswa]
in APPPATH\Views\atursiswa.php on line 54.
 1 APPPATH\Views\atursiswa.php(54): CodeIgniter\Debug\Exceptions->errorHandler(2, 'Undefined variable $updatedata', 'D:\\stmik komputama\\Semester 8\\SISTEM\\project_apin\\app\\Views\\atursiswa.php', 54)
 2 SYSTEMPATH\View\View.php(224): include('D:\\stmik komputama\\Semester 8\\SISTEM\\project_apin\\app\\Views\\atursiswa.php')
 3 SYSTEMPATH\View\View.php(227): CodeIgniter\View\View->CodeIgniter\View\{closure}()
 4 SYSTEMPATH\Common.php(1173): CodeIgniter\View\View->render('atursiswa', [], true)
 5 APPPATH\Controllers\AturSiswa.php(17): view('atursiswa', [...])
 6 SYSTEMPATH\CodeIgniter.php(933): App\Controllers\AturSiswa->index()
 7 SYSTEMPATH\CodeIgniter.php(507): CodeIgniter\CodeIgniter->runController(Object(App\Controllers\AturSiswa))
 8 SYSTEMPATH\CodeIgniter.php(354): CodeIgniter\CodeIgniter->handleRequest(null, Object(Config\Cache), false)
 9 SYSTEMPATH\Boot.php(334): CodeIgniter\CodeIgniter->run()
10 SYSTEMPATH\Boot.php(67): CodeIgniter\Boot::runCodeIgniter(Object(CodeIgniter\CodeIgniter))
11 FCPATH\index.php(56): CodeIgniter\Boot::bootWeb(Object(Config\Paths))
12 SYSTEMPATH\rewrite.php(44): require_once('D:\\stmik komputama\\Semester 8\\SISTEM\\project_apin\\public\\index.php')
DEBUG - 2025-03-02 03:15:53 --> Session: Class initialized using 'CodeIgniter\Session\Handlers\FileHandler' driver.
DEBUG - 2025-03-02 03:17:13 --> Session: Class initialized using 'CodeIgniter\Session\Handlers\FileHandler' driver.
DEBUG - 2025-03-02 03:17:44 --> Session: Class initialized using 'CodeIgniter\Session\Handlers\FileHandler' driver.
CRITICAL - 2025-03-02 03:17:44 --> ErrorException: Undefined array key 2
[Method: GET, Route: atursiswa]
in SYSTEMPATH\HTTP\URI.php on line 374.
 1 SYSTEMPATH\HTTP\URI.php(374): CodeIgniter\Debug\Exceptions->errorHandler(2, 'Undefined array key 2', 'D:\\stmik komputama\\Semester 8\\SISTEM\\project_apin\\system\\HTTP\\URI.php', 374)
 2 SYSTEMPATH\HTTP\URI.php(638): CodeIgniter\HTTP\URI->getAuthority()
 3 SYSTEMPATH\HTTP\SiteURI.php(113): CodeIgniter\HTTP\URI->__toString()
 4 SYSTEMPATH\HTTP\SiteURI.php(428): CodeIgniter\HTTP\SiteURI->__construct(Object(Config\App), 'atursiswa/edit', 'localhost', '2')
 5 SYSTEMPATH\Helpers\url_helper.php(39): CodeIgniter\HTTP\SiteURI->siteUrl('atursiswa/edit', '2', Object(Config\App))
 6 APPPATH\Views\atursiswa.php(33): site_url('atursiswa/edit', '2')
 7 SYSTEMPATH\View\View.php(224): include('D:\\stmik komputama\\Semester 8\\SISTEM\\project_apin\\app\\Views\\atursiswa.php')
 8 SYSTEMPATH\View\View.php(227): CodeIgniter\View\View->CodeIgniter\View\{closure}()
 9 SYSTEMPATH\Common.php(1173): CodeIgniter\View\View->render('atursiswa', [], true)
10 APPPATH\Controllers\AturSiswa.php(17): view('atursiswa', [...])
11 SYSTEMPATH\CodeIgniter.php(933): App\Controllers\AturSiswa->index()
12 SYSTEMPATH\CodeIgniter.php(507): CodeIgniter\CodeIgniter->runController(Object(App\Controllers\AturSiswa))
13 SYSTEMPATH\CodeIgniter.php(354): CodeIgniter\CodeIgniter->handleRequest(null, Object(Config\Cache), false)
14 SYSTEMPATH\Boot.php(334): CodeIgniter\CodeIgniter->run()
15 SYSTEMPATH\Boot.php(67): CodeIgniter\Boot::runCodeIgniter(Object(CodeIgniter\CodeIgniter))
16 FCPATH\index.php(56): CodeIgniter\Boot::bootWeb(Object(Config\Paths))
17 SYSTEMPATH\rewrite.php(44): require_once('D:\\stmik komputama\\Semester 8\\SISTEM\\project_apin\\public\\index.php')
DEBUG - 2025-03-02 03:17:54 --> Session: Class initialized using 'CodeIgniter\Session\Handlers\FileHandler' driver.
DEBUG - 2025-03-02 03:17:56 --> Session: Class initialized using 'CodeIgniter\Session\Handlers\FileHandler' driver.
CRITICAL - 2025-03-02 03:17:56 --> ErrorException: Undefined array key 2
[Method: GET, Route: atursiswa]
in SYSTEMPATH\HTTP\URI.php on line 374.
 1 SYSTEMPATH\HTTP\URI.php(374): CodeIgniter\Debug\Exceptions->errorHandler(2, 'Undefined array key 2', 'D:\\stmik komputama\\Semester 8\\SISTEM\\project_apin\\system\\HTTP\\URI.php', 374)
 2 SYSTEMPATH\HTTP\URI.php(638): CodeIgniter\HTTP\URI->getAuthority()
 3 SYSTEMPATH\HTTP\SiteURI.php(113): CodeIgniter\HTTP\URI->__toString()
 4 SYSTEMPATH\HTTP\SiteURI.php(428): CodeIgniter\HTTP\SiteURI->__construct(Object(Config\App), 'atursiswa/edit', 'localhost', '2')
 5 SYSTEMPATH\Helpers\url_helper.php(39): CodeIgniter\HTTP\SiteURI->siteUrl('atursiswa/edit', '2', Object(Config\App))
 6 APPPATH\Views\atursiswa.php(33): site_url('atursiswa/edit', '2')
 7 SYSTEMPATH\View\View.php(224): include('D:\\stmik komputama\\Semester 8\\SISTEM\\project_apin\\app\\Views\\atursiswa.php')
 8 SYSTEMPATH\View\View.php(227): CodeIgniter\View\View->CodeIgniter\View\{closure}()
 9 SYSTEMPATH\Common.php(1173): CodeIgniter\View\View->render('atursiswa', [], true)
10 APPPATH\Controllers\AturSiswa.php(17): view('atursiswa', [...])
11 SYSTEMPATH\CodeIgniter.php(933): App\Controllers\AturSiswa->index()
12 SYSTEMPATH\CodeIgniter.php(507): CodeIgniter\CodeIgniter->runController(Object(App\Controllers\AturSiswa))
13 SYSTEMPATH\CodeIgniter.php(354): CodeIgniter\CodeIgniter->handleRequest(null, Object(Config\Cache), false)
14 SYSTEMPATH\Boot.php(334): CodeIgniter\CodeIgniter->run()
15 SYSTEMPATH\Boot.php(67): CodeIgniter\Boot::runCodeIgniter(Object(CodeIgniter\CodeIgniter))
16 FCPATH\index.php(56): CodeIgniter\Boot::bootWeb(Object(Config\Paths))
17 SYSTEMPATH\rewrite.php(44): require_once('D:\\stmik komputama\\Semester 8\\SISTEM\\project_apin\\public\\index.php')
DEBUG - 2025-03-02 03:18:16 --> Session: Class initialized using 'CodeIgniter\Session\Handlers\FileHandler' driver.
CRITICAL - 2025-03-02 03:18:18 --> ArgumentCountError: Too few arguments to function App\Controllers\AturSiswa::edit(), 0 passed in D:\stmik komputama\Semester 8\SISTEM\project_apin\system\CodeIgniter.php on line 933 and exactly 1 expected
[Method: GET, Route: atursiswa/edit]
in APPPATH\Controllers\AturSiswa.php on line 51.
 1 SYSTEMPATH\CodeIgniter.php(933): App\Controllers\AturSiswa->edit()
 2 SYSTEMPATH\CodeIgniter.php(507): CodeIgniter\CodeIgniter->runController(Object(App\Controllers\AturSiswa))
 3 SYSTEMPATH\CodeIgniter.php(354): CodeIgniter\CodeIgniter->handleRequest(null, Object(Config\Cache), false)
 4 SYSTEMPATH\Boot.php(334): CodeIgniter\CodeIgniter->run()
 5 SYSTEMPATH\Boot.php(67): CodeIgniter\Boot::runCodeIgniter(Object(CodeIgniter\CodeIgniter))
 6 FCPATH\index.php(56): CodeIgniter\Boot::bootWeb(Object(Config\Paths))
 7 SYSTEMPATH\rewrite.php(44): require_once('D:\\stmik komputama\\Semester 8\\SISTEM\\project_apin\\public\\index.php')
DEBUG - 2025-03-02 03:21:37 --> Session: Class initialized using 'CodeIgniter\Session\Handlers\FileHandler' driver.
DEBUG - 2025-03-02 03:21:40 --> Session: Class initialized using 'CodeIgniter\Session\Handlers\FileHandler' driver.
DEBUG - 2025-03-02 03:21:41 --> Session: Class initialized using 'CodeIgniter\Session\Handlers\FileHandler' driver.
DEBUG - 2025-03-02 03:24:40 --> Session: Class initialized using 'CodeIgniter\Session\Handlers\FileHandler' driver.
DEBUG - 2025-03-02 03:48:05 --> Session: Class initialized using 'CodeIgniter\Session\Handlers\FileHandler' driver.
CRITICAL - 2025-03-02 03:48:08 --> Error: Call to undefined function form_open()
[Method: GET, Route: atursiswa/edit/2]
in APPPATH\Views\editsiswa.php on line 10.
 1 SYSTEMPATH\View\View.php(224): include()
 2 SYSTEMPATH\View\View.php(227): CodeIgniter\View\View->CodeIgniter\View\{closure}()
 3 SYSTEMPATH\Common.php(1173): CodeIgniter\View\View->render('editsiswa', [], true)
 4 APPPATH\Controllers\AturSiswa.php(56): view('editsiswa', [...])
 5 SYSTEMPATH\CodeIgniter.php(933): App\Controllers\AturSiswa->edit('2')
 6 SYSTEMPATH\CodeIgniter.php(507): CodeIgniter\CodeIgniter->runController(Object(App\Controllers\AturSiswa))
 7 SYSTEMPATH\CodeIgniter.php(354): CodeIgniter\CodeIgniter->handleRequest(null, Object(Config\Cache), false)
 8 SYSTEMPATH\Boot.php(334): CodeIgniter\CodeIgniter->run()
 9 SYSTEMPATH\Boot.php(67): CodeIgniter\Boot::runCodeIgniter(Object(CodeIgniter\CodeIgniter))
10 FCPATH\index.php(56): CodeIgniter\Boot::bootWeb(Object(Config\Paths))
11 SYSTEMPATH\rewrite.php(44): require_once('D:\\stmik komputama\\Semester 8\\SISTEM\\project_apin\\public\\index.php')
CRITICAL - 2025-03-02 03:50:09 --> Error: Array callback must have exactly two elements
[Method: GET, Route: atursiswa/edit/2]
in APPPATH\Views\editsiswa.php on line 11.
 1 SYSTEMPATH\View\View.php(224): include()
 2 SYSTEMPATH\View\View.php(227): CodeIgniter\View\View->CodeIgniter\View\{closure}()
 3 SYSTEMPATH\Common.php(1173): CodeIgniter\View\View->render('editsiswa', [], true)
 4 APPPATH\Controllers\AturSiswa.php(57): view('editsiswa', [...])
 5 SYSTEMPATH\CodeIgniter.php(933): App\Controllers\AturSiswa->edit('2')
 6 SYSTEMPATH\CodeIgniter.php(507): CodeIgniter\CodeIgniter->runController(Object(App\Controllers\AturSiswa))
 7 SYSTEMPATH\CodeIgniter.php(354): CodeIgniter\CodeIgniter->handleRequest(null, Object(Config\Cache), false)
 8 SYSTEMPATH\Boot.php(334): CodeIgniter\CodeIgniter->run()
 9 SYSTEMPATH\Boot.php(67): CodeIgniter\Boot::runCodeIgniter(Object(CodeIgniter\CodeIgniter))
10 FCPATH\index.php(56): CodeIgniter\Boot::bootWeb(Object(Config\Paths))
11 SYSTEMPATH\rewrite.php(44): require_once('D:\\stmik komputama\\Semester 8\\SISTEM\\project_apin\\public\\index.php')
DEBUG - 2025-03-02 04:04:36 --> Session: Class initialized using 'CodeIgniter\Session\Handlers\FileHandler' driver.
CRITICAL - 2025-03-02 04:04:39 --> CodeIgniter\View\Exceptions\ViewException: Invalid file: "atursiswa/edit.php"
[Method: GET, Route: atursiswa/edit/2]
in SYSTEMPATH\Exceptions\FrameworkException.php on line 39.
 1 SYSTEMPATH\View\View.php(212): CodeIgniter\Exceptions\FrameworkException::forInvalidFile('atursiswa/edit.php')
 2 SYSTEMPATH\Common.php(1173): CodeIgniter\View\View->render('atursiswa/edit', [], true)
 3 APPPATH\Controllers\AturSiswa.php(56): view('atursiswa/edit', [...])
 4 SYSTEMPATH\CodeIgniter.php(933): App\Controllers\AturSiswa->edit('2')
 5 SYSTEMPATH\CodeIgniter.php(507): CodeIgniter\CodeIgniter->runController(Object(App\Controllers\AturSiswa))
 6 SYSTEMPATH\CodeIgniter.php(354): CodeIgniter\CodeIgniter->handleRequest(null, Object(Config\Cache), false)
 7 SYSTEMPATH\Boot.php(334): CodeIgniter\CodeIgniter->run()
 8 SYSTEMPATH\Boot.php(67): CodeIgniter\Boot::runCodeIgniter(Object(CodeIgniter\CodeIgniter))
 9 FCPATH\index.php(56): CodeIgniter\Boot::bootWeb(Object(Config\Paths))
10 SYSTEMPATH\rewrite.php(44): require_once('D:\\stmik komputama\\Semester 8\\SISTEM\\project_apin\\public\\index.php')
DEBUG - 2025-03-02 04:06:32 --> Session: Class initialized using 'CodeIgniter\Session\Handlers\FileHandler' driver.
DEBUG - 2025-03-02 04:06:50 --> Session: Class initialized using 'CodeIgniter\Session\Handlers\FileHandler' driver.
DEBUG - 2025-03-02 04:09:22 --> Session: Class initialized using 'CodeIgniter\Session\Handlers\FileHandler' driver.
CRITICAL - 2025-03-02 04:09:29 --> ErrorException: Undefined variable $lihatdata
[Method: GET, Route: atursiswa/edit/3]
in APPPATH\Views\atursiswa.php on line 25.
 1 APPPATH\Views\atursiswa.php(25): CodeIgniter\Debug\Exceptions->errorHandler(2, 'Undefined variable $lihatdata', 'D:\\stmik komputama\\Semester 8\\SISTEM\\project_apin\\app\\Views\\atursiswa.php', 25)
 2 SYSTEMPATH\View\View.php(224): include('D:\\stmik komputama\\Semester 8\\SISTEM\\project_apin\\app\\Views\\atursiswa.php')
 3 SYSTEMPATH\View\View.php(227): CodeIgniter\View\View->CodeIgniter\View\{closure}()
 4 SYSTEMPATH\Common.php(1173): CodeIgniter\View\View->render('atursiswa', [], true)
 5 APPPATH\Controllers\AturSiswa.php(56): view('atursiswa', [...])
 6 SYSTEMPATH\CodeIgniter.php(933): App\Controllers\AturSiswa->edit('3')
 7 SYSTEMPATH\CodeIgniter.php(507): CodeIgniter\CodeIgniter->runController(Object(App\Controllers\AturSiswa))
 8 SYSTEMPATH\CodeIgniter.php(354): CodeIgniter\CodeIgniter->handleRequest(null, Object(Config\Cache), false)
 9 SYSTEMPATH\Boot.php(334): CodeIgniter\CodeIgniter->run()
10 SYSTEMPATH\Boot.php(67): CodeIgniter\Boot::runCodeIgniter(Object(CodeIgniter\CodeIgniter))
11 FCPATH\index.php(56): CodeIgniter\Boot::bootWeb(Object(Config\Paths))
12 SYSTEMPATH\rewrite.php(44): require_once('D:\\stmik komputama\\Semester 8\\SISTEM\\project_apin\\public\\index.php')
DEBUG - 2025-03-02 04:09:46 --> Session: Class initialized using 'CodeIgniter\Session\Handlers\FileHandler' driver.
CRITICAL - 2025-03-02 04:09:50 --> ErrorException: Undefined variable $lihatdata
[Method: GET, Route: atursiswa/edit/4]
in APPPATH\Views\atursiswa.php on line 25.
 1 APPPATH\Views\atursiswa.php(25): CodeIgniter\Debug\Exceptions->errorHandler(2, 'Undefined variable $lihatdata', 'D:\\stmik komputama\\Semester 8\\SISTEM\\project_apin\\app\\Views\\atursiswa.php', 25)
 2 SYSTEMPATH\View\View.php(224): include('D:\\stmik komputama\\Semester 8\\SISTEM\\project_apin\\app\\Views\\atursiswa.php')
 3 SYSTEMPATH\View\View.php(227): CodeIgniter\View\View->CodeIgniter\View\{closure}()
 4 SYSTEMPATH\Common.php(1173): CodeIgniter\View\View->render('atursiswa', [], true)
 5 APPPATH\Controllers\AturSiswa.php(56): view('atursiswa', [...])
 6 SYSTEMPATH\CodeIgniter.php(933): App\Controllers\AturSiswa->edit('4')
 7 SYSTEMPATH\CodeIgniter.php(507): CodeIgniter\CodeIgniter->runController(Object(App\Controllers\AturSiswa))
 8 SYSTEMPATH\CodeIgniter.php(354): CodeIgniter\CodeIgniter->handleRequest(null, Object(Config\Cache), false)
 9 SYSTEMPATH\Boot.php(334): CodeIgniter\CodeIgniter->run()
10 SYSTEMPATH\Boot.php(67): CodeIgniter\Boot::runCodeIgniter(Object(CodeIgniter\CodeIgniter))
11 FCPATH\index.php(56): CodeIgniter\Boot::bootWeb(Object(Config\Paths))
12 SYSTEMPATH\rewrite.php(44): require_once('D:\\stmik komputama\\Semester 8\\SISTEM\\project_apin\\public\\index.php')
DEBUG - 2025-03-02 04:09:54 --> Session: Class initialized using 'CodeIgniter\Session\Handlers\FileHandler' driver.
CRITICAL - 2025-03-02 04:10:42 --> ErrorException: Undefined variable $lihatdata
[Method: GET, Route: atursiswa/edit/5]
in APPPATH\Views\atursiswa.php on line 25.
 1 APPPATH\Views\atursiswa.php(25): CodeIgniter\Debug\Exceptions->errorHandler(2, 'Undefined variable $lihatdata', 'D:\\stmik komputama\\Semester 8\\SISTEM\\project_apin\\app\\Views\\atursiswa.php', 25)
 2 SYSTEMPATH\View\View.php(224): include('D:\\stmik komputama\\Semester 8\\SISTEM\\project_apin\\app\\Views\\atursiswa.php')
 3 SYSTEMPATH\View\View.php(227): CodeIgniter\View\View->CodeIgniter\View\{closure}()
 4 SYSTEMPATH\Common.php(1173): CodeIgniter\View\View->render('atursiswa', [], true)
 5 APPPATH\Controllers\AturSiswa.php(56): view('atursiswa', [...])
 6 SYSTEMPATH\CodeIgniter.php(933): App\Controllers\AturSiswa->edit('5')
 7 SYSTEMPATH\CodeIgniter.php(507): CodeIgniter\CodeIgniter->runController(Object(App\Controllers\AturSiswa))
 8 SYSTEMPATH\CodeIgniter.php(354): CodeIgniter\CodeIgniter->handleRequest(null, Object(Config\Cache), false)
 9 SYSTEMPATH\Boot.php(334): CodeIgniter\CodeIgniter->run()
10 SYSTEMPATH\Boot.php(67): CodeIgniter\Boot::runCodeIgniter(Object(CodeIgniter\CodeIgniter))
11 FCPATH\index.php(56): CodeIgniter\Boot::bootWeb(Object(Config\Paths))
12 SYSTEMPATH\rewrite.php(44): require_once('D:\\stmik komputama\\Semester 8\\SISTEM\\project_apin\\public\\index.php')
DEBUG - 2025-03-02 04:19:39 --> Session: Class initialized using 'CodeIgniter\Session\Handlers\FileHandler' driver.
DEBUG - 2025-03-02 04:22:41 --> Session: Class initialized using 'CodeIgniter\Session\Handlers\FileHandler' driver.
DEBUG - 2025-03-02 04:23:42 --> Session: Class initialized using 'CodeIgniter\Session\Handlers\FileHandler' driver.
DEBUG - 2025-03-02 04:24:28 --> Session: Class initialized using 'CodeIgniter\Session\Handlers\FileHandler' driver.
DEBUG - 2025-03-02 04:24:32 --> Session: Class initialized using 'CodeIgniter\Session\Handlers\FileHandler' driver.
DEBUG - 2025-03-02 04:24:36 --> Session: Class initialized using 'CodeIgniter\Session\Handlers\FileHandler' driver.
DEBUG - 2025-03-02 04:24:52 --> Session: Class initialized using 'CodeIgniter\Session\Handlers\FileHandler' driver.
DEBUG - 2025-03-02 04:24:58 --> Session: Class initialized using 'CodeIgniter\Session\Handlers\FileHandler' driver.
DEBUG - 2025-03-02 04:29:06 --> Session: Class initialized using 'CodeIgniter\Session\Handlers\FileHandler' driver.
CRITICAL - 2025-03-02 04:29:08 --> ErrorException: Trying to access array offset on value of type null
[Method: GET, Route: atursiswa/edit/4]
in APPPATH\Views\editsiswa.php on line 10.
 1 APPPATH\Views\editsiswa.php(10): CodeIgniter\Debug\Exceptions->errorHandler(2, 'Trying to access array offset on value of type null', 'D:\\stmik komputama\\Semester 8\\SISTEM\\project_apin\\app\\Views\\editsiswa.php', 10)
 2 SYSTEMPATH\View\View.php(224): include('D:\\stmik komputama\\Semester 8\\SISTEM\\project_apin\\app\\Views\\editsiswa.php')
 3 SYSTEMPATH\View\View.php(227): CodeIgniter\View\View->CodeIgniter\View\{closure}()
 4 SYSTEMPATH\Common.php(1173): CodeIgniter\View\View->render('editsiswa', [], true)
 5 APPPATH\Controllers\AturSiswa.php(56): view('editsiswa', [...])
 6 SYSTEMPATH\CodeIgniter.php(933): App\Controllers\AturSiswa->edit('4')
 7 SYSTEMPATH\CodeIgniter.php(507): CodeIgniter\CodeIgniter->runController(Object(App\Controllers\AturSiswa))
 8 SYSTEMPATH\CodeIgniter.php(354): CodeIgniter\CodeIgniter->handleRequest(null, Object(Config\Cache), false)
 9 SYSTEMPATH\Boot.php(334): CodeIgniter\CodeIgniter->run()
10 SYSTEMPATH\Boot.php(67): CodeIgniter\Boot::runCodeIgniter(Object(CodeIgniter\CodeIgniter))
11 FCPATH\index.php(56): CodeIgniter\Boot::bootWeb(Object(Config\Paths))
12 SYSTEMPATH\rewrite.php(44): require_once('D:\\stmik komputama\\Semester 8\\SISTEM\\project_apin\\public\\index.php')
DEBUG - 2025-03-02 04:29:09 --> Session: Class initialized using 'CodeIgniter\Session\Handlers\FileHandler' driver.
DEBUG - 2025-03-02 04:29:10 --> Session: Class initialized using 'CodeIgniter\Session\Handlers\FileHandler' driver.
DEBUG - 2025-03-02 04:29:15 --> Session: Class initialized using 'CodeIgniter\Session\Handlers\FileHandler' driver.
DEBUG - 2025-03-02 04:29:18 --> Session: Class initialized using 'CodeIgniter\Session\Handlers\FileHandler' driver.
DEBUG - 2025-03-02 04:29:18 --> Session: Class initialized using 'CodeIgniter\Session\Handlers\FileHandler' driver.
DEBUG - 2025-03-02 04:29:20 --> Session: Class initialized using 'CodeIgniter\Session\Handlers\FileHandler' driver.
DEBUG - 2025-03-02 04:29:35 --> Session: Class initialized using 'CodeIgniter\Session\Handlers\FileHandler' driver.
DEBUG - 2025-03-02 04:30:17 --> Session: Class initialized using 'CodeIgniter\Session\Handlers\FileHandler' driver.
DEBUG - 2025-03-02 04:30:27 --> Session: Class initialized using 'CodeIgniter\Session\Handlers\FileHandler' driver.
DEBUG - 2025-03-02 04:30:33 --> Session: Class initialized using 'CodeIgniter\Session\Handlers\FileHandler' driver.
DEBUG - 2025-03-02 04:37:35 --> Session: Class initialized using 'CodeIgniter\Session\Handlers\FileHandler' driver.
DEBUG - 2025-03-02 04:37:37 --> Session: Class initialized using 'CodeIgniter\Session\Handlers\FileHandler' driver.
DEBUG - 2025-03-02 04:37:38 --> Session: Class initialized using 'CodeIgniter\Session\Handlers\FileHandler' driver.
DEBUG - 2025-03-02 04:37:56 --> Session: Class initialized using 'CodeIgniter\Session\Handlers\FileHandler' driver.
DEBUG - 2025-03-02 04:37:59 --> Session: Class initialized using 'CodeIgniter\Session\Handlers\FileHandler' driver.
DEBUG - 2025-03-02 04:38:00 --> Session: Class initialized using 'CodeIgniter\Session\Handlers\FileHandler' driver.
CRITICAL - 2025-03-02 04:38:41 --> ErrorException: Trying to access array offset on value of type null
[Method: GET, Route: aturinfaq/edit/7]
in APPPATH\Views\editinfaq.php on line 10.
 1 APPPATH\Views\editinfaq.php(10): CodeIgniter\Debug\Exceptions->errorHandler(2, 'Trying to access array offset on value of type null', 'D:\\stmik komputama\\Semester 8\\SISTEM\\project_apin\\app\\Views\\editinfaq.php', 10)
 2 SYSTEMPATH\View\View.php(224): include('D:\\stmik komputama\\Semester 8\\SISTEM\\project_apin\\app\\Views\\editinfaq.php')
 3 SYSTEMPATH\View\View.php(227): CodeIgniter\View\View->CodeIgniter\View\{closure}()
 4 SYSTEMPATH\Common.php(1173): CodeIgniter\View\View->render('editinfaq', [], true)
 5 APPPATH\Controllers\AturInfaq.php(52): view('editinfaq', [...])
 6 SYSTEMPATH\CodeIgniter.php(933): App\Controllers\AturInfaq->edit('7')
 7 SYSTEMPATH\CodeIgniter.php(507): CodeIgniter\CodeIgniter->runController(Object(App\Controllers\AturInfaq))
 8 SYSTEMPATH\CodeIgniter.php(354): CodeIgniter\CodeIgniter->handleRequest(null, Object(Config\Cache), false)
 9 SYSTEMPATH\Boot.php(334): CodeIgniter\CodeIgniter->run()
10 SYSTEMPATH\Boot.php(67): CodeIgniter\Boot::runCodeIgniter(Object(CodeIgniter\CodeIgniter))
11 FCPATH\index.php(56): CodeIgniter\Boot::bootWeb(Object(Config\Paths))
12 SYSTEMPATH\rewrite.php(44): require_once('D:\\stmik komputama\\Semester 8\\SISTEM\\project_apin\\public\\index.php')
CRITICAL - 2025-03-02 04:39:08 --> ErrorException: Trying to access array offset on value of type null
[Method: GET, Route: aturinfaq/edit/7]
in APPPATH\Views\editinfaq.php on line 10.
 1 APPPATH\Views\editinfaq.php(10): CodeIgniter\Debug\Exceptions->errorHandler(2, 'Trying to access array offset on value of type null', 'D:\\stmik komputama\\Semester 8\\SISTEM\\project_apin\\app\\Views\\editinfaq.php', 10)
 2 SYSTEMPATH\View\View.php(224): include('D:\\stmik komputama\\Semester 8\\SISTEM\\project_apin\\app\\Views\\editinfaq.php')
 3 SYSTEMPATH\View\View.php(227): CodeIgniter\View\View->CodeIgniter\View\{closure}()
 4 SYSTEMPATH\Common.php(1173): CodeIgniter\View\View->render('editinfaq', [], true)
 5 APPPATH\Controllers\AturInfaq.php(52): view('editinfaq', [...])
 6 SYSTEMPATH\CodeIgniter.php(933): App\Controllers\AturInfaq->edit('7')
 7 SYSTEMPATH\CodeIgniter.php(507): CodeIgniter\CodeIgniter->runController(Object(App\Controllers\AturInfaq))
 8 SYSTEMPATH\CodeIgniter.php(354): CodeIgniter\CodeIgniter->handleRequest(null, Object(Config\Cache), false)
 9 SYSTEMPATH\Boot.php(334): CodeIgniter\CodeIgniter->run()
10 SYSTEMPATH\Boot.php(67): CodeIgniter\Boot::runCodeIgniter(Object(CodeIgniter\CodeIgniter))
11 FCPATH\index.php(56): CodeIgniter\Boot::bootWeb(Object(Config\Paths))
12 SYSTEMPATH\rewrite.php(44): require_once('D:\\stmik komputama\\Semester 8\\SISTEM\\project_apin\\public\\index.php')
DEBUG - 2025-03-02 07:24:28 --> Session: Class initialized using 'CodeIgniter\Session\Handlers\FileHandler' driver.
DEBUG - 2025-03-02 08:12:18 --> Session: Class initialized using 'CodeIgniter\Session\Handlers\FileHandler' driver.
DEBUG - 2025-03-02 08:12:19 --> Session: Class initialized using 'CodeIgniter\Session\Handlers\FileHandler' driver.
DEBUG - 2025-03-02 08:12:23 --> Session: Class initialized using 'CodeIgniter\Session\Handlers\FileHandler' driver.
DEBUG - 2025-03-02 08:12:29 --> Session: Class initialized using 'CodeIgniter\Session\Handlers\FileHandler' driver.
DEBUG - 2025-03-02 08:12:50 --> Session: Class initialized using 'CodeIgniter\Session\Handlers\FileHandler' driver.
DEBUG - 2025-03-02 08:12:52 --> Session: Class initialized using 'CodeIgniter\Session\Handlers\FileHandler' driver.
DEBUG - 2025-03-02 08:12:54 --> Session: Class initialized using 'CodeIgniter\Session\Handlers\FileHandler' driver.
DEBUG - 2025-03-02 08:12:57 --> Session: Class initialized using 'CodeIgniter\Session\Handlers\FileHandler' driver.
DEBUG - 2025-03-02 08:12:59 --> Session: Class initialized using 'CodeIgniter\Session\Handlers\FileHandler' driver.
DEBUG - 2025-03-02 08:13:11 --> Session: Class initialized using 'CodeIgniter\Session\Handlers\FileHandler' driver.
DEBUG - 2025-03-02 08:13:23 --> Session: Class initialized using 'CodeIgniter\Session\Handlers\FileHandler' driver.
DEBUG - 2025-03-02 08:13:24 --> Session: Class initialized using 'CodeIgniter\Session\Handlers\FileHandler' driver.
DEBUG - 2025-03-02 08:13:26 --> Session: Class initialized using 'CodeIgniter\Session\Handlers\FileHandler' driver.
DEBUG - 2025-03-02 08:13:27 --> Session: Class initialized using 'CodeIgniter\Session\Handlers\FileHandler' driver.
DEBUG - 2025-03-02 08:14:57 --> Session: Class initialized using 'CodeIgniter\Session\Handlers\FileHandler' driver.
DEBUG - 2025-03-02 08:14:59 --> Session: Class initialized using 'CodeIgniter\Session\Handlers\FileHandler' driver.
DEBUG - 2025-03-02 08:15:04 --> Session: Class initialized using 'CodeIgniter\Session\Handlers\FileHandler' driver.
DEBUG - 2025-03-02 08:15:05 --> Session: Class initialized using 'CodeIgniter\Session\Handlers\FileHandler' driver.
DEBUG - 2025-03-02 08:15:07 --> Session: Class initialized using 'CodeIgniter\Session\Handlers\FileHandler' driver.
DEBUG - 2025-03-02 08:15:09 --> Session: Class initialized using 'CodeIgniter\Session\Handlers\FileHandler' driver.
DEBUG - 2025-03-02 08:15:10 --> Session: Class initialized using 'CodeIgniter\Session\Handlers\FileHandler' driver.
DEBUG - 2025-03-02 08:15:12 --> Session: Class initialized using 'CodeIgniter\Session\Handlers\FileHandler' driver.
CRITICAL - 2025-03-02 08:15:19 --> CodeIgniter\Database\Exceptions\DataException: There is no data to insert.
[Method: POST, Route: pembayaran/save]
in SYSTEMPATH\BaseModel.php on line 825.
 1 SYSTEMPATH\BaseModel.php(825): CodeIgniter\Database\Exceptions\DataException::forEmptyDataset('insert')
 2 SYSTEMPATH\Model.php(800): CodeIgniter\BaseModel->insert([], false)
 3 SYSTEMPATH\BaseModel.php(750): CodeIgniter\Model->insert([...], false)
 4 APPPATH\Controllers\Pembayaran.php(39): CodeIgniter\BaseModel->save([...])
 5 SYSTEMPATH\CodeIgniter.php(933): App\Controllers\Pembayaran->save()
 6 SYSTEMPATH\CodeIgniter.php(507): CodeIgniter\CodeIgniter->runController(Object(App\Controllers\Pembayaran))
 7 SYSTEMPATH\CodeIgniter.php(354): CodeIgniter\CodeIgniter->handleRequest(null, Object(Config\Cache), false)
 8 SYSTEMPATH\Boot.php(334): CodeIgniter\CodeIgniter->run()
 9 SYSTEMPATH\Boot.php(67): CodeIgniter\Boot::runCodeIgniter(Object(CodeIgniter\CodeIgniter))
10 FCPATH\index.php(56): CodeIgniter\Boot::bootWeb(Object(Config\Paths))
11 SYSTEMPATH\rewrite.php(44): require_once('D:\\stmik komputama\\Semester 8\\SISTEM\\project_apin\\public\\index.php')
DEBUG - 2025-03-02 08:16:15 --> Session: Class initialized using 'CodeIgniter\Session\Handlers\FileHandler' driver.
ERROR - 2025-03-02 08:16:17 --> ErrorException: pg_query(): Query failed: ERROR:  insert atau update pada table « pembayaran » menyalahin aturan foreign key « fk_idsiswa »
DETAIL:  Key (idsiswa)=(2) tidak ada dalam table « userx ». in D:\stmik komputama\Semester 8\SISTEM\project_apin\system\Database\Postgre\Connection.php:206
Stack trace:
#0 [internal function]: CodeIgniter\Debug\Exceptions->errorHandler(2, 'pg_query(): Que...', 'D:\\stmik komput...', 206)
#1 D:\stmik komputama\Semester 8\SISTEM\project_apin\system\Database\Postgre\Connection.php(206): pg_query(Object(PgSql\Connection), 'INSERT INTO "pe...')
#2 D:\stmik komputama\Semester 8\SISTEM\project_apin\system\Database\BaseConnection.php(738): CodeIgniter\Database\Postgre\Connection->execute('INSERT INTO "pe...')
#3 D:\stmik komputama\Semester 8\SISTEM\project_apin\system\Database\BaseConnection.php(652): CodeIgniter\Database\BaseConnection->simpleQuery('INSERT INTO "pe...')
#4 D:\stmik komputama\Semester 8\SISTEM\project_apin\system\Database\BaseBuilder.php(2345): CodeIgniter\Database\BaseConnection->query('INSERT INTO "pe...', Array, false)
#5 D:\stmik komputama\Semester 8\SISTEM\project_apin\system\Model.php(394): CodeIgniter\Database\BaseBuilder->insert()
#6 D:\stmik komputama\Semester 8\SISTEM\project_apin\system\BaseModel.php(839): CodeIgniter\Model->doInsert(Array)
#7 D:\stmik komputama\Semester 8\SISTEM\project_apin\system\Model.php(800): CodeIgniter\BaseModel->insert(Array, false)
#8 D:\stmik komputama\Semester 8\SISTEM\project_apin\system\BaseModel.php(750): CodeIgniter\Model->insert(Array, false)
#9 D:\stmik komputama\Semester 8\SISTEM\project_apin\app\Controllers\Pembayaran.php(39): CodeIgniter\BaseModel->save(Array)
#10 D:\stmik komputama\Semester 8\SISTEM\project_apin\system\CodeIgniter.php(933): App\Controllers\Pembayaran->save()
#11 D:\stmik komputama\Semester 8\SISTEM\project_apin\system\CodeIgniter.php(507): CodeIgniter\CodeIgniter->runController(Object(App\Controllers\Pembayaran))
#12 D:\stmik komputama\Semester 8\SISTEM\project_apin\system\CodeIgniter.php(354): CodeIgniter\CodeIgniter->handleRequest(NULL, Object(Config\Cache), false)
#13 D:\stmik komputama\Semester 8\SISTEM\project_apin\system\Boot.php(334): CodeIgniter\CodeIgniter->run()
#14 D:\stmik komputama\Semester 8\SISTEM\project_apin\system\Boot.php(67): CodeIgniter\Boot::runCodeIgniter(Object(CodeIgniter\CodeIgniter))
#15 D:\stmik komputama\Semester 8\SISTEM\project_apin\public\index.php(56): CodeIgniter\Boot::bootWeb(Object(Config\Paths))
#16 D:\stmik komputama\Semester 8\SISTEM\project_apin\system\rewrite.php(44): require_once('D:\\stmik komput...')
#17 {main}
CRITICAL - 2025-03-02 08:16:17 --> CodeIgniter\Database\Exceptions\DatabaseException: pg_query(): Query failed: ERROR:  insert atau update pada table « pembayaran » menyalahin aturan foreign key « fk_idsiswa »
DETAIL:  Key (idsiswa)=(2) tidak ada dalam table « userx ».
[Method: POST, Route: pembayaran/save]
in SYSTEMPATH\Database\BaseConnection.php on line 692.
 1 SYSTEMPATH\Database\BaseBuilder.php(2345): CodeIgniter\Database\BaseConnection->query('INSERT INTO "pembayaran" ("idsiswa", "idinfaq", "nominal") VALUES (:idsiswa:, :idinfaq:, :nominal:)', [...], false)
 2 SYSTEMPATH\Model.php(394): CodeIgniter\Database\BaseBuilder->insert()
 3 SYSTEMPATH\BaseModel.php(839): CodeIgniter\Model->doInsert([...])
 4 SYSTEMPATH\Model.php(800): CodeIgniter\BaseModel->insert([...], false)
 5 SYSTEMPATH\BaseModel.php(750): CodeIgniter\Model->insert([...], false)
 6 APPPATH\Controllers\Pembayaran.php(39): CodeIgniter\BaseModel->save([...])
 7 SYSTEMPATH\CodeIgniter.php(933): App\Controllers\Pembayaran->save()
 8 SYSTEMPATH\CodeIgniter.php(507): CodeIgniter\CodeIgniter->runController(Object(App\Controllers\Pembayaran))
 9 SYSTEMPATH\CodeIgniter.php(354): CodeIgniter\CodeIgniter->handleRequest(null, Object(Config\Cache), false)
10 SYSTEMPATH\Boot.php(334): CodeIgniter\CodeIgniter->run()
11 SYSTEMPATH\Boot.php(67): CodeIgniter\Boot::runCodeIgniter(Object(CodeIgniter\CodeIgniter))
12 FCPATH\index.php(56): CodeIgniter\Boot::bootWeb(Object(Config\Paths))
13 SYSTEMPATH\rewrite.php(44): require_once('D:\\stmik komputama\\Semester 8\\SISTEM\\project_apin\\public\\index.php')
CRITICAL - 2025-03-02 08:16:17 --> [Caused by] CodeIgniter\Database\Exceptions\DatabaseException: pg_query(): Query failed: ERROR:  insert atau update pada table « pembayaran » menyalahin aturan foreign key « fk_idsiswa »
DETAIL:  Key (idsiswa)=(2) tidak ada dalam table « userx ».
in SYSTEMPATH\Database\Postgre\Connection.php on line 211.
 1 SYSTEMPATH\Database\BaseConnection.php(738): CodeIgniter\Database\Postgre\Connection->execute('INSERT INTO "pembayaran" ("idsiswa", "idinfaq", "nominal") VALUES (\'2\', \'1\', \'45000\')')
 2 SYSTEMPATH\Database\BaseConnection.php(652): CodeIgniter\Database\BaseConnection->simpleQuery('INSERT INTO "pembayaran" ("idsiswa", "idinfaq", "nominal") VALUES (\'2\', \'1\', \'45000\')')
 3 SYSTEMPATH\Database\BaseBuilder.php(2345): CodeIgniter\Database\BaseConnection->query('INSERT INTO "pembayaran" ("idsiswa", "idinfaq", "nominal") VALUES (:idsiswa:, :idinfaq:, :nominal:)', [...], false)
 4 SYSTEMPATH\Model.php(394): CodeIgniter\Database\BaseBuilder->insert()
 5 SYSTEMPATH\BaseModel.php(839): CodeIgniter\Model->doInsert([...])
 6 SYSTEMPATH\Model.php(800): CodeIgniter\BaseModel->insert([...], false)
 7 SYSTEMPATH\BaseModel.php(750): CodeIgniter\Model->insert([...], false)
 8 APPPATH\Controllers\Pembayaran.php(39): CodeIgniter\BaseModel->save([...])
 9 SYSTEMPATH\CodeIgniter.php(933): App\Controllers\Pembayaran->save()
10 SYSTEMPATH\CodeIgniter.php(507): CodeIgniter\CodeIgniter->runController(Object(App\Controllers\Pembayaran))
11 SYSTEMPATH\CodeIgniter.php(354): CodeIgniter\CodeIgniter->handleRequest(null, Object(Config\Cache), false)
12 SYSTEMPATH\Boot.php(334): CodeIgniter\CodeIgniter->run()
13 SYSTEMPATH\Boot.php(67): CodeIgniter\Boot::runCodeIgniter(Object(CodeIgniter\CodeIgniter))
14 FCPATH\index.php(56): CodeIgniter\Boot::bootWeb(Object(Config\Paths))
15 SYSTEMPATH\rewrite.php(44): require_once('D:\\stmik komputama\\Semester 8\\SISTEM\\project_apin\\public\\index.php')
CRITICAL - 2025-03-02 08:16:17 --> [Caused by] ErrorException: pg_query(): Query failed: ERROR:  insert atau update pada table « pembayaran » menyalahin aturan foreign key « fk_idsiswa »
DETAIL:  Key (idsiswa)=(2) tidak ada dalam table « userx ».
in SYSTEMPATH\Database\Postgre\Connection.php on line 206.
 1 [internal function]: CodeIgniter\Debug\Exceptions->errorHandler(2, 'pg_query(): Query failed: ERROR:  insert atau update pada table « pembayaran » menyalahin aturan foreign key « fk_idsiswa »
DETAIL:  Key (idsiswa)=(2) tidak ada dalam table « userx ».', 'D:\\stmik komputama\\Semester 8\\SISTEM\\project_apin\\system\\Database\\Postgre\\Connection.php', 206)
 2 SYSTEMPATH\Database\Postgre\Connection.php(206): pg_query(Object(PgSql\Connection), 'INSERT INTO "pembayaran" ("idsiswa", "idinfaq", "nominal") VALUES (\'2\', \'1\', \'45000\')')
 3 SYSTEMPATH\Database\BaseConnection.php(738): CodeIgniter\Database\Postgre\Connection->execute('INSERT INTO "pembayaran" ("idsiswa", "idinfaq", "nominal") VALUES (\'2\', \'1\', \'45000\')')
 4 SYSTEMPATH\Database\BaseConnection.php(652): CodeIgniter\Database\BaseConnection->simpleQuery('INSERT INTO "pembayaran" ("idsiswa", "idinfaq", "nominal") VALUES (\'2\', \'1\', \'45000\')')
 5 SYSTEMPATH\Database\BaseBuilder.php(2345): CodeIgniter\Database\BaseConnection->query('INSERT INTO "pembayaran" ("idsiswa", "idinfaq", "nominal") VALUES (:idsiswa:, :idinfaq:, :nominal:)', [...], false)
 6 SYSTEMPATH\Model.php(394): CodeIgniter\Database\BaseBuilder->insert()
 7 SYSTEMPATH\BaseModel.php(839): CodeIgniter\Model->doInsert([...])
 8 SYSTEMPATH\Model.php(800): CodeIgniter\BaseModel->insert([...], false)
 9 SYSTEMPATH\BaseModel.php(750): CodeIgniter\Model->insert([...], false)
10 APPPATH\Controllers\Pembayaran.php(39): CodeIgniter\BaseModel->save([...])
11 SYSTEMPATH\CodeIgniter.php(933): App\Controllers\Pembayaran->save()
12 SYSTEMPATH\CodeIgniter.php(507): CodeIgniter\CodeIgniter->runController(Object(App\Controllers\Pembayaran))
13 SYSTEMPATH\CodeIgniter.php(354): CodeIgniter\CodeIgniter->handleRequest(null, Object(Config\Cache), false)
14 SYSTEMPATH\Boot.php(334): CodeIgniter\CodeIgniter->run()
15 SYSTEMPATH\Boot.php(67): CodeIgniter\Boot::runCodeIgniter(Object(CodeIgniter\CodeIgniter))
16 FCPATH\index.php(56): CodeIgniter\Boot::bootWeb(Object(Config\Paths))
17 SYSTEMPATH\rewrite.php(44): require_once('D:\\stmik komputama\\Semester 8\\SISTEM\\project_apin\\public\\index.php')
DEBUG - 2025-03-02 08:21:37 --> Session: Class initialized using 'CodeIgniter\Session\Handlers\FileHandler' driver.
DEBUG - 2025-03-02 08:21:38 --> Session: Class initialized using 'CodeIgniter\Session\Handlers\FileHandler' driver.
DEBUG - 2025-03-02 08:21:40 --> Session: Class initialized using 'CodeIgniter\Session\Handlers\FileHandler' driver.
DEBUG - 2025-03-02 08:21:45 --> Session: Class initialized using 'CodeIgniter\Session\Handlers\FileHandler' driver.
DEBUG - 2025-03-02 08:21:48 --> Session: Class initialized using 'CodeIgniter\Session\Handlers\FileHandler' driver.
DEBUG - 2025-03-02 08:21:50 --> Session: Class initialized using 'CodeIgniter\Session\Handlers\FileHandler' driver.
DEBUG - 2025-03-02 08:21:51 --> Session: Class initialized using 'CodeIgniter\Session\Handlers\FileHandler' driver.
DEBUG - 2025-03-02 08:21:56 --> Session: Class initialized using 'CodeIgniter\Session\Handlers\FileHandler' driver.
DEBUG - 2025-03-02 08:22:01 --> Session: Class initialized using 'CodeIgniter\Session\Handlers\FileHandler' driver.
DEBUG - 2025-03-02 08:22:02 --> Session: Class initialized using 'CodeIgniter\Session\Handlers\FileHandler' driver.
DEBUG - 2025-03-02 08:22:04 --> Session: Class initialized using 'CodeIgniter\Session\Handlers\FileHandler' driver.
ERROR - 2025-03-02 08:22:13 --> ErrorException: pg_query(): Query failed: ERROR:  insert atau update pada table « pembayaran » menyalahin aturan foreign key « pembayaran_idsiswa_fkey »
DETAIL:  Key (idsiswa)=(2) tidak ada dalam table « userx ». in D:\stmik komputama\Semester 8\SISTEM\project_apin\system\Database\Postgre\Connection.php:206
Stack trace:
#0 [internal function]: CodeIgniter\Debug\Exceptions->errorHandler(2, 'pg_query(): Que...', 'D:\\stmik komput...', 206)
#1 D:\stmik komputama\Semester 8\SISTEM\project_apin\system\Database\Postgre\Connection.php(206): pg_query(Object(PgSql\Connection), 'INSERT INTO "pe...')
#2 D:\stmik komputama\Semester 8\SISTEM\project_apin\system\Database\BaseConnection.php(738): CodeIgniter\Database\Postgre\Connection->execute('INSERT INTO "pe...')
#3 D:\stmik komputama\Semester 8\SISTEM\project_apin\system\Database\BaseConnection.php(652): CodeIgniter\Database\BaseConnection->simpleQuery('INSERT INTO "pe...')
#4 D:\stmik komputama\Semester 8\SISTEM\project_apin\system\Database\BaseBuilder.php(2345): CodeIgniter\Database\BaseConnection->query('INSERT INTO "pe...', Array, false)
#5 D:\stmik komputama\Semester 8\SISTEM\project_apin\system\Model.php(394): CodeIgniter\Database\BaseBuilder->insert()
#6 D:\stmik komputama\Semester 8\SISTEM\project_apin\system\BaseModel.php(839): CodeIgniter\Model->doInsert(Array)
#7 D:\stmik komputama\Semester 8\SISTEM\project_apin\system\Model.php(800): CodeIgniter\BaseModel->insert(Array, false)
#8 D:\stmik komputama\Semester 8\SISTEM\project_apin\system\BaseModel.php(750): CodeIgniter\Model->insert(Array, false)
#9 D:\stmik komputama\Semester 8\SISTEM\project_apin\app\Controllers\Pembayaran.php(39): CodeIgniter\BaseModel->save(Array)
#10 D:\stmik komputama\Semester 8\SISTEM\project_apin\system\CodeIgniter.php(933): App\Controllers\Pembayaran->save()
#11 D:\stmik komputama\Semester 8\SISTEM\project_apin\system\CodeIgniter.php(507): CodeIgniter\CodeIgniter->runController(Object(App\Controllers\Pembayaran))
#12 D:\stmik komputama\Semester 8\SISTEM\project_apin\system\CodeIgniter.php(354): CodeIgniter\CodeIgniter->handleRequest(NULL, Object(Config\Cache), false)
#13 D:\stmik komputama\Semester 8\SISTEM\project_apin\system\Boot.php(334): CodeIgniter\CodeIgniter->run()
#14 D:\stmik komputama\Semester 8\SISTEM\project_apin\system\Boot.php(67): CodeIgniter\Boot::runCodeIgniter(Object(CodeIgniter\CodeIgniter))
#15 D:\stmik komputama\Semester 8\SISTEM\project_apin\public\index.php(56): CodeIgniter\Boot::bootWeb(Object(Config\Paths))
#16 D:\stmik komputama\Semester 8\SISTEM\project_apin\system\rewrite.php(44): require_once('D:\\stmik komput...')
#17 {main}
CRITICAL - 2025-03-02 08:22:13 --> CodeIgniter\Database\Exceptions\DatabaseException: pg_query(): Query failed: ERROR:  insert atau update pada table « pembayaran » menyalahin aturan foreign key « pembayaran_idsiswa_fkey »
DETAIL:  Key (idsiswa)=(2) tidak ada dalam table « userx ».
[Method: POST, Route: pembayaran/save]
in SYSTEMPATH\Database\BaseConnection.php on line 692.
 1 SYSTEMPATH\Database\BaseBuilder.php(2345): CodeIgniter\Database\BaseConnection->query('INSERT INTO "pembayaran" ("idsiswa", "idinfaq", "nominal") VALUES (:idsiswa:, :idinfaq:, :nominal:)', [...], false)
 2 SYSTEMPATH\Model.php(394): CodeIgniter\Database\BaseBuilder->insert()
 3 SYSTEMPATH\BaseModel.php(839): CodeIgniter\Model->doInsert([...])
 4 SYSTEMPATH\Model.php(800): CodeIgniter\BaseModel->insert([...], false)
 5 SYSTEMPATH\BaseModel.php(750): CodeIgniter\Model->insert([...], false)
 6 APPPATH\Controllers\Pembayaran.php(39): CodeIgniter\BaseModel->save([...])
 7 SYSTEMPATH\CodeIgniter.php(933): App\Controllers\Pembayaran->save()
 8 SYSTEMPATH\CodeIgniter.php(507): CodeIgniter\CodeIgniter->runController(Object(App\Controllers\Pembayaran))
 9 SYSTEMPATH\CodeIgniter.php(354): CodeIgniter\CodeIgniter->handleRequest(null, Object(Config\Cache), false)
10 SYSTEMPATH\Boot.php(334): CodeIgniter\CodeIgniter->run()
11 SYSTEMPATH\Boot.php(67): CodeIgniter\Boot::runCodeIgniter(Object(CodeIgniter\CodeIgniter))
12 FCPATH\index.php(56): CodeIgniter\Boot::bootWeb(Object(Config\Paths))
13 SYSTEMPATH\rewrite.php(44): require_once('D:\\stmik komputama\\Semester 8\\SISTEM\\project_apin\\public\\index.php')
CRITICAL - 2025-03-02 08:22:13 --> [Caused by] CodeIgniter\Database\Exceptions\DatabaseException: pg_query(): Query failed: ERROR:  insert atau update pada table « pembayaran » menyalahin aturan foreign key « pembayaran_idsiswa_fkey »
DETAIL:  Key (idsiswa)=(2) tidak ada dalam table « userx ».
in SYSTEMPATH\Database\Postgre\Connection.php on line 211.
 1 SYSTEMPATH\Database\BaseConnection.php(738): CodeIgniter\Database\Postgre\Connection->execute('INSERT INTO "pembayaran" ("idsiswa", "idinfaq", "nominal") VALUES (\'2\', \'1\', \'45000\')')
 2 SYSTEMPATH\Database\BaseConnection.php(652): CodeIgniter\Database\BaseConnection->simpleQuery('INSERT INTO "pembayaran" ("idsiswa", "idinfaq", "nominal") VALUES (\'2\', \'1\', \'45000\')')
 3 SYSTEMPATH\Database\BaseBuilder.php(2345): CodeIgniter\Database\BaseConnection->query('INSERT INTO "pembayaran" ("idsiswa", "idinfaq", "nominal") VALUES (:idsiswa:, :idinfaq:, :nominal:)', [...], false)
 4 SYSTEMPATH\Model.php(394): CodeIgniter\Database\BaseBuilder->insert()
 5 SYSTEMPATH\BaseModel.php(839): CodeIgniter\Model->doInsert([...])
 6 SYSTEMPATH\Model.php(800): CodeIgniter\BaseModel->insert([...], false)
 7 SYSTEMPATH\BaseModel.php(750): CodeIgniter\Model->insert([...], false)
 8 APPPATH\Controllers\Pembayaran.php(39): CodeIgniter\BaseModel->save([...])
 9 SYSTEMPATH\CodeIgniter.php(933): App\Controllers\Pembayaran->save()
10 SYSTEMPATH\CodeIgniter.php(507): CodeIgniter\CodeIgniter->runController(Object(App\Controllers\Pembayaran))
11 SYSTEMPATH\CodeIgniter.php(354): CodeIgniter\CodeIgniter->handleRequest(null, Object(Config\Cache), false)
12 SYSTEMPATH\Boot.php(334): CodeIgniter\CodeIgniter->run()
13 SYSTEMPATH\Boot.php(67): CodeIgniter\Boot::runCodeIgniter(Object(CodeIgniter\CodeIgniter))
14 FCPATH\index.php(56): CodeIgniter\Boot::bootWeb(Object(Config\Paths))
15 SYSTEMPATH\rewrite.php(44): require_once('D:\\stmik komputama\\Semester 8\\SISTEM\\project_apin\\public\\index.php')
CRITICAL - 2025-03-02 08:22:13 --> [Caused by] ErrorException: pg_query(): Query failed: ERROR:  insert atau update pada table « pembayaran » menyalahin aturan foreign key « pembayaran_idsiswa_fkey »
DETAIL:  Key (idsiswa)=(2) tidak ada dalam table « userx ».
in SYSTEMPATH\Database\Postgre\Connection.php on line 206.
 1 [internal function]: CodeIgniter\Debug\Exceptions->errorHandler(2, 'pg_query(): Query failed: ERROR:  insert atau update pada table « pembayaran » menyalahin aturan foreign key « pembayaran_idsiswa_fkey »
DETAIL:  Key (idsiswa)=(2) tidak ada dalam table « userx ».', 'D:\\stmik komputama\\Semester 8\\SISTEM\\project_apin\\system\\Database\\Postgre\\Connection.php', 206)
 2 SYSTEMPATH\Database\Postgre\Connection.php(206): pg_query(Object(PgSql\Connection), 'INSERT INTO "pembayaran" ("idsiswa", "idinfaq", "nominal") VALUES (\'2\', \'1\', \'45000\')')
 3 SYSTEMPATH\Database\BaseConnection.php(738): CodeIgniter\Database\Postgre\Connection->execute('INSERT INTO "pembayaran" ("idsiswa", "idinfaq", "nominal") VALUES (\'2\', \'1\', \'45000\')')
 4 SYSTEMPATH\Database\BaseConnection.php(652): CodeIgniter\Database\BaseConnection->simpleQuery('INSERT INTO "pembayaran" ("idsiswa", "idinfaq", "nominal") VALUES (\'2\', \'1\', \'45000\')')
 5 SYSTEMPATH\Database\BaseBuilder.php(2345): CodeIgniter\Database\BaseConnection->query('INSERT INTO "pembayaran" ("idsiswa", "idinfaq", "nominal") VALUES (:idsiswa:, :idinfaq:, :nominal:)', [...], false)
 6 SYSTEMPATH\Model.php(394): CodeIgniter\Database\BaseBuilder->insert()
 7 SYSTEMPATH\BaseModel.php(839): CodeIgniter\Model->doInsert([...])
 8 SYSTEMPATH\Model.php(800): CodeIgniter\BaseModel->insert([...], false)
 9 SYSTEMPATH\BaseModel.php(750): CodeIgniter\Model->insert([...], false)
10 APPPATH\Controllers\Pembayaran.php(39): CodeIgniter\BaseModel->save([...])
11 SYSTEMPATH\CodeIgniter.php(933): App\Controllers\Pembayaran->save()
12 SYSTEMPATH\CodeIgniter.php(507): CodeIgniter\CodeIgniter->runController(Object(App\Controllers\Pembayaran))
13 SYSTEMPATH\CodeIgniter.php(354): CodeIgniter\CodeIgniter->handleRequest(null, Object(Config\Cache), false)
14 SYSTEMPATH\Boot.php(334): CodeIgniter\CodeIgniter->run()
15 SYSTEMPATH\Boot.php(67): CodeIgniter\Boot::runCodeIgniter(Object(CodeIgniter\CodeIgniter))
16 FCPATH\index.php(56): CodeIgniter\Boot::bootWeb(Object(Config\Paths))
17 SYSTEMPATH\rewrite.php(44): require_once('D:\\stmik komputama\\Semester 8\\SISTEM\\project_apin\\public\\index.php')
DEBUG - 2025-03-02 08:24:08 --> Session: Class initialized using 'CodeIgniter\Session\Handlers\FileHandler' driver.
DEBUG - 2025-03-02 08:24:10 --> Session: Class initialized using 'CodeIgniter\Session\Handlers\FileHandler' driver.
DEBUG - 2025-03-02 08:27:26 --> Session: Class initialized using 'CodeIgniter\Session\Handlers\FileHandler' driver.
ERROR - 2025-03-02 08:27:38 --> ErrorException: pg_query(): Query failed: ERROR:  insert atau update pada table « pembayaran » menyalahin aturan foreign key « pembayaran_idsiswa_fkey »
DETAIL:  Key (idsiswa)=(2) tidak ada dalam table « userx ». in D:\stmik komputama\Semester 8\SISTEM\project_apin\system\Database\Postgre\Connection.php:206
Stack trace:
#0 [internal function]: CodeIgniter\Debug\Exceptions->errorHandler(2, 'pg_query(): Que...', 'D:\\stmik komput...', 206)
#1 D:\stmik komputama\Semester 8\SISTEM\project_apin\system\Database\Postgre\Connection.php(206): pg_query(Object(PgSql\Connection), 'INSERT INTO "pe...')
#2 D:\stmik komputama\Semester 8\SISTEM\project_apin\system\Database\BaseConnection.php(738): CodeIgniter\Database\Postgre\Connection->execute('INSERT INTO "pe...')
#3 D:\stmik komputama\Semester 8\SISTEM\project_apin\system\Database\BaseConnection.php(652): CodeIgniter\Database\BaseConnection->simpleQuery('INSERT INTO "pe...')
#4 D:\stmik komputama\Semester 8\SISTEM\project_apin\system\Database\BaseBuilder.php(2345): CodeIgniter\Database\BaseConnection->query('INSERT INTO "pe...', Array, false)
#5 D:\stmik komputama\Semester 8\SISTEM\project_apin\system\Model.php(394): CodeIgniter\Database\BaseBuilder->insert()
#6 D:\stmik komputama\Semester 8\SISTEM\project_apin\system\BaseModel.php(839): CodeIgniter\Model->doInsert(Array)
#7 D:\stmik komputama\Semester 8\SISTEM\project_apin\system\Model.php(800): CodeIgniter\BaseModel->insert(Array, false)
#8 D:\stmik komputama\Semester 8\SISTEM\project_apin\system\BaseModel.php(750): CodeIgniter\Model->insert(Array, false)
#9 D:\stmik komputama\Semester 8\SISTEM\project_apin\app\Controllers\Pembayaran.php(39): CodeIgniter\BaseModel->save(Array)
#10 D:\stmik komputama\Semester 8\SISTEM\project_apin\system\CodeIgniter.php(933): App\Controllers\Pembayaran->save()
#11 D:\stmik komputama\Semester 8\SISTEM\project_apin\system\CodeIgniter.php(507): CodeIgniter\CodeIgniter->runController(Object(App\Controllers\Pembayaran))
#12 D:\stmik komputama\Semester 8\SISTEM\project_apin\system\CodeIgniter.php(354): CodeIgniter\CodeIgniter->handleRequest(NULL, Object(Config\Cache), false)
#13 D:\stmik komputama\Semester 8\SISTEM\project_apin\system\Boot.php(334): CodeIgniter\CodeIgniter->run()
#14 D:\stmik komputama\Semester 8\SISTEM\project_apin\system\Boot.php(67): CodeIgniter\Boot::runCodeIgniter(Object(CodeIgniter\CodeIgniter))
#15 D:\stmik komputama\Semester 8\SISTEM\project_apin\public\index.php(56): CodeIgniter\Boot::bootWeb(Object(Config\Paths))
#16 D:\stmik komputama\Semester 8\SISTEM\project_apin\system\rewrite.php(44): require_once('D:\\stmik komput...')
#17 {main}
CRITICAL - 2025-03-02 08:27:38 --> CodeIgniter\Database\Exceptions\DatabaseException: pg_query(): Query failed: ERROR:  insert atau update pada table « pembayaran » menyalahin aturan foreign key « pembayaran_idsiswa_fkey »
DETAIL:  Key (idsiswa)=(2) tidak ada dalam table « userx ».
[Method: POST, Route: pembayaran/save]
in SYSTEMPATH\Database\BaseConnection.php on line 692.
 1 SYSTEMPATH\Database\BaseBuilder.php(2345): CodeIgniter\Database\BaseConnection->query('INSERT INTO "pembayaran" ("idsiswa", "idinfaq", "nominal") VALUES (:idsiswa:, :idinfaq:, :nominal:)', [...], false)
 2 SYSTEMPATH\Model.php(394): CodeIgniter\Database\BaseBuilder->insert()
 3 SYSTEMPATH\BaseModel.php(839): CodeIgniter\Model->doInsert([...])
 4 SYSTEMPATH\Model.php(800): CodeIgniter\BaseModel->insert([...], false)
 5 SYSTEMPATH\BaseModel.php(750): CodeIgniter\Model->insert([...], false)
 6 APPPATH\Controllers\Pembayaran.php(39): CodeIgniter\BaseModel->save([...])
 7 SYSTEMPATH\CodeIgniter.php(933): App\Controllers\Pembayaran->save()
 8 SYSTEMPATH\CodeIgniter.php(507): CodeIgniter\CodeIgniter->runController(Object(App\Controllers\Pembayaran))
 9 SYSTEMPATH\CodeIgniter.php(354): CodeIgniter\CodeIgniter->handleRequest(null, Object(Config\Cache), false)
10 SYSTEMPATH\Boot.php(334): CodeIgniter\CodeIgniter->run()
11 SYSTEMPATH\Boot.php(67): CodeIgniter\Boot::runCodeIgniter(Object(CodeIgniter\CodeIgniter))
12 FCPATH\index.php(56): CodeIgniter\Boot::bootWeb(Object(Config\Paths))
13 SYSTEMPATH\rewrite.php(44): require_once('D:\\stmik komputama\\Semester 8\\SISTEM\\project_apin\\public\\index.php')
CRITICAL - 2025-03-02 08:27:38 --> [Caused by] CodeIgniter\Database\Exceptions\DatabaseException: pg_query(): Query failed: ERROR:  insert atau update pada table « pembayaran » menyalahin aturan foreign key « pembayaran_idsiswa_fkey »
DETAIL:  Key (idsiswa)=(2) tidak ada dalam table « userx ».
in SYSTEMPATH\Database\Postgre\Connection.php on line 211.
 1 SYSTEMPATH\Database\BaseConnection.php(738): CodeIgniter\Database\Postgre\Connection->execute('INSERT INTO "pembayaran" ("idsiswa", "idinfaq", "nominal") VALUES (\'2\', \'1\', \'45000\')')
 2 SYSTEMPATH\Database\BaseConnection.php(652): CodeIgniter\Database\BaseConnection->simpleQuery('INSERT INTO "pembayaran" ("idsiswa", "idinfaq", "nominal") VALUES (\'2\', \'1\', \'45000\')')
 3 SYSTEMPATH\Database\BaseBuilder.php(2345): CodeIgniter\Database\BaseConnection->query('INSERT INTO "pembayaran" ("idsiswa", "idinfaq", "nominal") VALUES (:idsiswa:, :idinfaq:, :nominal:)', [...], false)
 4 SYSTEMPATH\Model.php(394): CodeIgniter\Database\BaseBuilder->insert()
 5 SYSTEMPATH\BaseModel.php(839): CodeIgniter\Model->doInsert([...])
 6 SYSTEMPATH\Model.php(800): CodeIgniter\BaseModel->insert([...], false)
 7 SYSTEMPATH\BaseModel.php(750): CodeIgniter\Model->insert([...], false)
 8 APPPATH\Controllers\Pembayaran.php(39): CodeIgniter\BaseModel->save([...])
 9 SYSTEMPATH\CodeIgniter.php(933): App\Controllers\Pembayaran->save()
10 SYSTEMPATH\CodeIgniter.php(507): CodeIgniter\CodeIgniter->runController(Object(App\Controllers\Pembayaran))
11 SYSTEMPATH\CodeIgniter.php(354): CodeIgniter\CodeIgniter->handleRequest(null, Object(Config\Cache), false)
12 SYSTEMPATH\Boot.php(334): CodeIgniter\CodeIgniter->run()
13 SYSTEMPATH\Boot.php(67): CodeIgniter\Boot::runCodeIgniter(Object(CodeIgniter\CodeIgniter))
14 FCPATH\index.php(56): CodeIgniter\Boot::bootWeb(Object(Config\Paths))
15 SYSTEMPATH\rewrite.php(44): require_once('D:\\stmik komputama\\Semester 8\\SISTEM\\project_apin\\public\\index.php')
CRITICAL - 2025-03-02 08:27:38 --> [Caused by] ErrorException: pg_query(): Query failed: ERROR:  insert atau update pada table « pembayaran » menyalahin aturan foreign key « pembayaran_idsiswa_fkey »
DETAIL:  Key (idsiswa)=(2) tidak ada dalam table « userx ».
in SYSTEMPATH\Database\Postgre\Connection.php on line 206.
 1 [internal function]: CodeIgniter\Debug\Exceptions->errorHandler(2, 'pg_query(): Query failed: ERROR:  insert atau update pada table « pembayaran » menyalahin aturan foreign key « pembayaran_idsiswa_fkey »
DETAIL:  Key (idsiswa)=(2) tidak ada dalam table « userx ».', 'D:\\stmik komputama\\Semester 8\\SISTEM\\project_apin\\system\\Database\\Postgre\\Connection.php', 206)
 2 SYSTEMPATH\Database\Postgre\Connection.php(206): pg_query(Object(PgSql\Connection), 'INSERT INTO "pembayaran" ("idsiswa", "idinfaq", "nominal") VALUES (\'2\', \'1\', \'45000\')')
 3 SYSTEMPATH\Database\BaseConnection.php(738): CodeIgniter\Database\Postgre\Connection->execute('INSERT INTO "pembayaran" ("idsiswa", "idinfaq", "nominal") VALUES (\'2\', \'1\', \'45000\')')
 4 SYSTEMPATH\Database\BaseConnection.php(652): CodeIgniter\Database\BaseConnection->simpleQuery('INSERT INTO "pembayaran" ("idsiswa", "idinfaq", "nominal") VALUES (\'2\', \'1\', \'45000\')')
 5 SYSTEMPATH\Database\BaseBuilder.php(2345): CodeIgniter\Database\BaseConnection->query('INSERT INTO "pembayaran" ("idsiswa", "idinfaq", "nominal") VALUES (:idsiswa:, :idinfaq:, :nominal:)', [...], false)
 6 SYSTEMPATH\Model.php(394): CodeIgniter\Database\BaseBuilder->insert()
 7 SYSTEMPATH\BaseModel.php(839): CodeIgniter\Model->doInsert([...])
 8 SYSTEMPATH\Model.php(800): CodeIgniter\BaseModel->insert([...], false)
 9 SYSTEMPATH\BaseModel.php(750): CodeIgniter\Model->insert([...], false)
10 APPPATH\Controllers\Pembayaran.php(39): CodeIgniter\BaseModel->save([...])
11 SYSTEMPATH\CodeIgniter.php(933): App\Controllers\Pembayaran->save()
12 SYSTEMPATH\CodeIgniter.php(507): CodeIgniter\CodeIgniter->runController(Object(App\Controllers\Pembayaran))
13 SYSTEMPATH\CodeIgniter.php(354): CodeIgniter\CodeIgniter->handleRequest(null, Object(Config\Cache), false)
14 SYSTEMPATH\Boot.php(334): CodeIgniter\CodeIgniter->run()
15 SYSTEMPATH\Boot.php(67): CodeIgniter\Boot::runCodeIgniter(Object(CodeIgniter\CodeIgniter))
16 FCPATH\index.php(56): CodeIgniter\Boot::bootWeb(Object(Config\Paths))
17 SYSTEMPATH\rewrite.php(44): require_once('D:\\stmik komputama\\Semester 8\\SISTEM\\project_apin\\public\\index.php')
DEBUG - 2025-03-02 08:33:50 --> Session: Class initialized using 'CodeIgniter\Session\Handlers\FileHandler' driver.
DEBUG - 2025-03-02 08:33:53 --> Session: Class initialized using 'CodeIgniter\Session\Handlers\FileHandler' driver.
DEBUG - 2025-03-02 08:33:55 --> Session: Class initialized using 'CodeIgniter\Session\Handlers\FileHandler' driver.
DEBUG - 2025-03-02 08:33:59 --> Session: Class initialized using 'CodeIgniter\Session\Handlers\FileHandler' driver.
DEBUG - 2025-03-02 08:34:06 --> Session: Class initialized using 'CodeIgniter\Session\Handlers\FileHandler' driver.
DEBUG - 2025-03-02 08:34:09 --> Session: Class initialized using 'CodeIgniter\Session\Handlers\FileHandler' driver.
DEBUG - 2025-03-02 08:34:10 --> Session: Class initialized using 'CodeIgniter\Session\Handlers\FileHandler' driver.
DEBUG - 2025-03-02 08:34:14 --> Session: Class initialized using 'CodeIgniter\Session\Handlers\FileHandler' driver.
DEBUG - 2025-03-02 08:34:21 --> Session: Class initialized using 'CodeIgniter\Session\Handlers\FileHandler' driver.
DEBUG - 2025-03-02 08:34:22 --> Session: Class initialized using 'CodeIgniter\Session\Handlers\FileHandler' driver.
DEBUG - 2025-03-02 08:34:23 --> Session: Class initialized using 'CodeIgniter\Session\Handlers\FileHandler' driver.
DEBUG - 2025-03-02 08:34:25 --> Session: Class initialized using 'CodeIgniter\Session\Handlers\FileHandler' driver.
DEBUG - 2025-03-02 08:34:27 --> Session: Class initialized using 'CodeIgniter\Session\Handlers\FileHandler' driver.
DEBUG - 2025-03-02 08:34:34 --> Session: Class initialized using 'CodeIgniter\Session\Handlers\FileHandler' driver.
DEBUG - 2025-03-02 08:35:46 --> Session: Class initialized using 'CodeIgniter\Session\Handlers\FileHandler' driver.
DEBUG - 2025-03-02 08:43:16 --> Session: Class initialized using 'CodeIgniter\Session\Handlers\FileHandler' driver.
DEBUG - 2025-03-02 08:48:58 --> Session: Class initialized using 'CodeIgniter\Session\Handlers\FileHandler' driver.
ERROR - 2025-03-02 08:48:58 --> ErrorException: pg_query(): Query failed: ERROR:  kolom « DD-MM-YYYY » tidak ada
LINE 1: ....&quot;name&quot; as &quot;nama_infaq&quot;, TO_CHAR(pembayaran.date, &quot;DD-MM-YYY...
                                                             ^ in D:\stmik komputama\Semester 8\SISTEM\project_apin\system\Database\Postgre\Connection.php:206
Stack trace:
#0 [internal function]: CodeIgniter\Debug\Exceptions->errorHandler(2, 'pg_query(): Que...', 'D:\\stmik komput...', 206)
#1 D:\stmik komputama\Semester 8\SISTEM\project_apin\system\Database\Postgre\Connection.php(206): pg_query(Object(PgSql\Connection), 'SELECT "siswa"....')
#2 D:\stmik komputama\Semester 8\SISTEM\project_apin\system\Database\BaseConnection.php(738): CodeIgniter\Database\Postgre\Connection->execute('SELECT "siswa"....')
#3 D:\stmik komputama\Semester 8\SISTEM\project_apin\system\Database\BaseConnection.php(652): CodeIgniter\Database\BaseConnection->simpleQuery('SELECT "siswa"....')
#4 D:\stmik komputama\Semester 8\SISTEM\project_apin\system\Database\BaseBuilder.php(1649): CodeIgniter\Database\BaseConnection->query('SELECT "siswa"....', Array, false)
#5 D:\stmik komputama\Semester 8\SISTEM\project_apin\system\Model.php(286): CodeIgniter\Database\BaseBuilder->get()
#6 D:\stmik komputama\Semester 8\SISTEM\project_apin\system\BaseModel.php(675): CodeIgniter\Model->doFindAll(0, 0)
#7 D:\stmik komputama\Semester 8\SISTEM\project_apin\app\Models\PembayaranModel.php(25): CodeIgniter\BaseModel->findAll()
#8 D:\stmik komputama\Semester 8\SISTEM\project_apin\app\Controllers\Pembayaran.php(14): App\Models\PembayaranModel->getPembayaran()
#9 D:\stmik komputama\Semester 8\SISTEM\project_apin\system\CodeIgniter.php(933): App\Controllers\Pembayaran->index()
#10 D:\stmik komputama\Semester 8\SISTEM\project_apin\system\CodeIgniter.php(507): CodeIgniter\CodeIgniter->runController(Object(App\Controllers\Pembayaran))
#11 D:\stmik komputama\Semester 8\SISTEM\project_apin\system\CodeIgniter.php(354): CodeIgniter\CodeIgniter->handleRequest(NULL, Object(Config\Cache), false)
#12 D:\stmik komputama\Semester 8\SISTEM\project_apin\system\Boot.php(334): CodeIgniter\CodeIgniter->run()
#13 D:\stmik komputama\Semester 8\SISTEM\project_apin\system\Boot.php(67): CodeIgniter\Boot::runCodeIgniter(Object(CodeIgniter\CodeIgniter))
#14 D:\stmik komputama\Semester 8\SISTEM\project_apin\public\index.php(56): CodeIgniter\Boot::bootWeb(Object(Config\Paths))
#15 D:\stmik komputama\Semester 8\SISTEM\project_apin\system\rewrite.php(44): require_once('D:\\stmik komput...')
#16 {main}
CRITICAL - 2025-03-02 08:48:58 --> CodeIgniter\Database\Exceptions\DatabaseException: pg_query(): Query failed: ERROR:  kolom « DD-MM-YYYY » tidak ada
LINE 1: ....&quot;name&quot; as &quot;nama_infaq&quot;, TO_CHAR(pembayaran.date, &quot;DD-MM-YYY...
                                                             ^
[Method: GET, Route: pembayaran]
in SYSTEMPATH\Database\BaseConnection.php on line 692.
 1 SYSTEMPATH\Database\BaseBuilder.php(1649): CodeIgniter\Database\BaseConnection->query('SELECT "siswa"."nis", "siswa"."name" as "nama_siswa", "siswa"."kelas", "infaq"."name" as "nama_infaq", TO_CHAR(pembayaran.date, "DD-MM-YYYY"), "pembayaran".*
FROM "pembayaran"
JOIN "siswa" ON "pembayaran"."idsiswa" = "siswa"."nis"
JOIN "infaq" ON "pembayaran"."idinfaq" = "infaq"."id"', [], false)
 2 SYSTEMPATH\Model.php(286): CodeIgniter\Database\BaseBuilder->get()
 3 SYSTEMPATH\BaseModel.php(675): CodeIgniter\Model->doFindAll(0, 0)
 4 APPPATH\Models\PembayaranModel.php(25): CodeIgniter\BaseModel->findAll()
 5 APPPATH\Controllers\Pembayaran.php(14): App\Models\PembayaranModel->getPembayaran()
 6 SYSTEMPATH\CodeIgniter.php(933): App\Controllers\Pembayaran->index()
 7 SYSTEMPATH\CodeIgniter.php(507): CodeIgniter\CodeIgniter->runController(Object(App\Controllers\Pembayaran))
 8 SYSTEMPATH\CodeIgniter.php(354): CodeIgniter\CodeIgniter->handleRequest(null, Object(Config\Cache), false)
 9 SYSTEMPATH\Boot.php(334): CodeIgniter\CodeIgniter->run()
10 SYSTEMPATH\Boot.php(67): CodeIgniter\Boot::runCodeIgniter(Object(CodeIgniter\CodeIgniter))
11 FCPATH\index.php(56): CodeIgniter\Boot::bootWeb(Object(Config\Paths))
12 SYSTEMPATH\rewrite.php(44): require_once('D:\\stmik komputama\\Semester 8\\SISTEM\\project_apin\\public\\index.php')
CRITICAL - 2025-03-02 08:48:58 --> [Caused by] CodeIgniter\Database\Exceptions\DatabaseException: pg_query(): Query failed: ERROR:  kolom « DD-MM-YYYY » tidak ada
LINE 1: ....&quot;name&quot; as &quot;nama_infaq&quot;, TO_CHAR(pembayaran.date, &quot;DD-MM-YYY...
                                                             ^
in SYSTEMPATH\Database\Postgre\Connection.php on line 211.
 1 SYSTEMPATH\Database\BaseConnection.php(738): CodeIgniter\Database\Postgre\Connection->execute('SELECT "siswa"."nis", "siswa"."name" as "nama_siswa", "siswa"."kelas", "infaq"."name" as "nama_infaq", TO_CHAR(pembayaran.date, "DD-MM-YYYY"), "pembayaran".*
FROM "pembayaran"
JOIN "siswa" ON "pembayaran"."idsiswa" = "siswa"."nis"
JOIN "infaq" ON "pembayaran"."idinfaq" = "infaq"."id"')
 2 SYSTEMPATH\Database\BaseConnection.php(652): CodeIgniter\Database\BaseConnection->simpleQuery('SELECT "siswa"."nis", "siswa"."name" as "nama_siswa", "siswa"."kelas", "infaq"."name" as "nama_infaq", TO_CHAR(pembayaran.date, "DD-MM-YYYY"), "pembayaran".*
FROM "pembayaran"
JOIN "siswa" ON "pembayaran"."idsiswa" = "siswa"."nis"
JOIN "infaq" ON "pembayaran"."idinfaq" = "infaq"."id"')
 3 SYSTEMPATH\Database\BaseBuilder.php(1649): CodeIgniter\Database\BaseConnection->query('SELECT "siswa"."nis", "siswa"."name" as "nama_siswa", "siswa"."kelas", "infaq"."name" as "nama_infaq", TO_CHAR(pembayaran.date, "DD-MM-YYYY"), "pembayaran".*
FROM "pembayaran"
JOIN "siswa" ON "pembayaran"."idsiswa" = "siswa"."nis"
JOIN "infaq" ON "pembayaran"."idinfaq" = "infaq"."id"', [], false)
 4 SYSTEMPATH\Model.php(286): CodeIgniter\Database\BaseBuilder->get()
 5 SYSTEMPATH\BaseModel.php(675): CodeIgniter\Model->doFindAll(0, 0)
 6 APPPATH\Models\PembayaranModel.php(25): CodeIgniter\BaseModel->findAll()
 7 APPPATH\Controllers\Pembayaran.php(14): App\Models\PembayaranModel->getPembayaran()
 8 SYSTEMPATH\CodeIgniter.php(933): App\Controllers\Pembayaran->index()
 9 SYSTEMPATH\CodeIgniter.php(507): CodeIgniter\CodeIgniter->runController(Object(App\Controllers\Pembayaran))
10 SYSTEMPATH\CodeIgniter.php(354): CodeIgniter\CodeIgniter->handleRequest(null, Object(Config\Cache), false)
11 SYSTEMPATH\Boot.php(334): CodeIgniter\CodeIgniter->run()
12 SYSTEMPATH\Boot.php(67): CodeIgniter\Boot::runCodeIgniter(Object(CodeIgniter\CodeIgniter))
13 FCPATH\index.php(56): CodeIgniter\Boot::bootWeb(Object(Config\Paths))
14 SYSTEMPATH\rewrite.php(44): require_once('D:\\stmik komputama\\Semester 8\\SISTEM\\project_apin\\public\\index.php')
CRITICAL - 2025-03-02 08:48:58 --> [Caused by] ErrorException: pg_query(): Query failed: ERROR:  kolom « DD-MM-YYYY » tidak ada
LINE 1: ....&quot;name&quot; as &quot;nama_infaq&quot;, TO_CHAR(pembayaran.date, &quot;DD-MM-YYY...
                                                             ^
in SYSTEMPATH\Database\Postgre\Connection.php on line 206.
 1 [internal function]: CodeIgniter\Debug\Exceptions->errorHandler(2, 'pg_query(): Query failed: ERROR:  kolom « DD-MM-YYYY » tidak ada
LINE 1: ....&quot;name&quot; as &quot;nama_infaq&quot;, TO_CHAR(pembayaran.date, &quot;DD-MM-YYY...
                                                             ^', 'D:\\stmik komputama\\Semester 8\\SISTEM\\project_apin\\system\\Database\\Postgre\\Connection.php', 206)
 2 SYSTEMPATH\Database\Postgre\Connection.php(206): pg_query(Object(PgSql\Connection), 'SELECT "siswa"."nis", "siswa"."name" as "nama_siswa", "siswa"."kelas", "infaq"."name" as "nama_infaq", TO_CHAR(pembayaran.date, "DD-MM-YYYY"), "pembayaran".*
FROM "pembayaran"
JOIN "siswa" ON "pembayaran"."idsiswa" = "siswa"."nis"
JOIN "infaq" ON "pembayaran"."idinfaq" = "infaq"."id"')
 3 SYSTEMPATH\Database\BaseConnection.php(738): CodeIgniter\Database\Postgre\Connection->execute('SELECT "siswa"."nis", "siswa"."name" as "nama_siswa", "siswa"."kelas", "infaq"."name" as "nama_infaq", TO_CHAR(pembayaran.date, "DD-MM-YYYY"), "pembayaran".*
FROM "pembayaran"
JOIN "siswa" ON "pembayaran"."idsiswa" = "siswa"."nis"
JOIN "infaq" ON "pembayaran"."idinfaq" = "infaq"."id"')
 4 SYSTEMPATH\Database\BaseConnection.php(652): CodeIgniter\Database\BaseConnection->simpleQuery('SELECT "siswa"."nis", "siswa"."name" as "nama_siswa", "siswa"."kelas", "infaq"."name" as "nama_infaq", TO_CHAR(pembayaran.date, "DD-MM-YYYY"), "pembayaran".*
FROM "pembayaran"
JOIN "siswa" ON "pembayaran"."idsiswa" = "siswa"."nis"
JOIN "infaq" ON "pembayaran"."idinfaq" = "infaq"."id"')
 5 SYSTEMPATH\Database\BaseBuilder.php(1649): CodeIgniter\Database\BaseConnection->query('SELECT "siswa"."nis", "siswa"."name" as "nama_siswa", "siswa"."kelas", "infaq"."name" as "nama_infaq", TO_CHAR(pembayaran.date, "DD-MM-YYYY"), "pembayaran".*
FROM "pembayaran"
JOIN "siswa" ON "pembayaran"."idsiswa" = "siswa"."nis"
JOIN "infaq" ON "pembayaran"."idinfaq" = "infaq"."id"', [], false)
 6 SYSTEMPATH\Model.php(286): CodeIgniter\Database\BaseBuilder->get()
 7 SYSTEMPATH\BaseModel.php(675): CodeIgniter\Model->doFindAll(0, 0)
 8 APPPATH\Models\PembayaranModel.php(25): CodeIgniter\BaseModel->findAll()
 9 APPPATH\Controllers\Pembayaran.php(14): App\Models\PembayaranModel->getPembayaran()
10 SYSTEMPATH\CodeIgniter.php(933): App\Controllers\Pembayaran->index()
11 SYSTEMPATH\CodeIgniter.php(507): CodeIgniter\CodeIgniter->runController(Object(App\Controllers\Pembayaran))
12 SYSTEMPATH\CodeIgniter.php(354): CodeIgniter\CodeIgniter->handleRequest(null, Object(Config\Cache), false)
13 SYSTEMPATH\Boot.php(334): CodeIgniter\CodeIgniter->run()
14 SYSTEMPATH\Boot.php(67): CodeIgniter\Boot::runCodeIgniter(Object(CodeIgniter\CodeIgniter))
15 FCPATH\index.php(56): CodeIgniter\Boot::bootWeb(Object(Config\Paths))
16 SYSTEMPATH\rewrite.php(44): require_once('D:\\stmik komputama\\Semester 8\\SISTEM\\project_apin\\public\\index.php')
DEBUG - 2025-03-02 08:49:23 --> Session: Class initialized using 'CodeIgniter\Session\Handlers\FileHandler' driver.
CRITICAL - 2025-03-02 08:49:24 --> ParseError: syntax error, unexpected identifier "DD", expecting ")"
[Method: GET, Route: pembayaran]
in APPPATH\Models\PembayaranModel.php on line 21.
 1 SYSTEMPATH\Autoloader\Autoloader.php(295): CodeIgniter\Autoloader\Autoloader->includeFile('D:\\stmik komputama\\Semester 8\\SISTEM\\project_apin\\app\\Models\\PembayaranModel.php')
 2 SYSTEMPATH\Autoloader\Autoloader.php(271): CodeIgniter\Autoloader\Autoloader->loadInNamespace('App\\Models\\PembayaranModel')
 3 APPPATH\Controllers\Pembayaran.php(13): CodeIgniter\Autoloader\Autoloader->loadClass('App\\Models\\PembayaranModel')
 4 SYSTEMPATH\CodeIgniter.php(933): App\Controllers\Pembayaran->index()
 5 SYSTEMPATH\CodeIgniter.php(507): CodeIgniter\CodeIgniter->runController(Object(App\Controllers\Pembayaran))
 6 SYSTEMPATH\CodeIgniter.php(354): CodeIgniter\CodeIgniter->handleRequest(null, Object(Config\Cache), false)
 7 SYSTEMPATH\Boot.php(334): CodeIgniter\CodeIgniter->run()
 8 SYSTEMPATH\Boot.php(67): CodeIgniter\Boot::runCodeIgniter(Object(CodeIgniter\CodeIgniter))
 9 FCPATH\index.php(56): CodeIgniter\Boot::bootWeb(Object(Config\Paths))
10 SYSTEMPATH\rewrite.php(44): require_once('D:\\stmik komputama\\Semester 8\\SISTEM\\project_apin\\public\\index.php')
DEBUG - 2025-03-02 08:51:00 --> Session: Class initialized using 'CodeIgniter\Session\Handlers\FileHandler' driver.
