DEBUG - 2025-02-18 07:02:31 --> Session: Class initialized using 'CodeIgniter\Session\Handlers\FileHandler' driver.
DEBUG - 2025-02-18 07:03:25 --> Session: Class initialized using 'CodeIgniter\Session\Handlers\FileHandler' driver.
CRITICAL - 2025-02-18 07:03:25 --> Error: Class "Config\App\Filters\Auth" not found
[Method: GET, Route: dashboardadministrator]
in SYSTEMPATH\Filters\Filters.php on line 299.
 1 SYSTEMPATH\Filters\Filters.php(239): CodeIgniter\Filters\Filters->createFilter('Config\\App\\Filters\\Auth')
 2 SYSTEMPATH\Filters\Filters.php(221): CodeIgniter\Filters\Filters->runBefore([...])
 3 SYSTEMPATH\CodeIgniter.php(479): CodeIgniter\Filters\Filters->run('dashboardadministrator', 'before')
 4 SYSTEMPATH\CodeIgniter.php(354): CodeIgniter\CodeIgniter->handleRequest(null, Object(Config\Cache), false)
 5 SYSTEMPATH\Boot.php(334): CodeIgniter\CodeIgniter->run()
 6 SYSTEMPATH\Boot.php(67): CodeIgniter\Boot::runCodeIgniter(Object(CodeIgniter\CodeIgniter))
 7 FCPATH\index.php(56): CodeIgniter\Boot::bootWeb(Object(Config\Paths))
 8 SYSTEMPATH\rewrite.php(44): require_once('D:\\stmik komputama\\Semester 8\\SISTEM\\project_apin\\public\\index.php')
DEBUG - 2025-02-18 07:04:34 --> Session: Class initialized using 'CodeIgniter\Session\Handlers\FileHandler' driver.
DEBUG - 2025-02-18 07:04:53 --> Session: Class initialized using 'CodeIgniter\Session\Handlers\FileHandler' driver.
DEBUG - 2025-02-18 07:05:10 --> Session: Class initialized using 'CodeIgniter\Session\Handlers\FileHandler' driver.
DEBUG - 2025-02-18 07:05:10 --> Session: Class initialized using 'CodeIgniter\Session\Handlers\FileHandler' driver.
DEBUG - 2025-02-18 07:08:15 --> Session: Class initialized using 'CodeIgniter\Session\Handlers\FileHandler' driver.
DEBUG - 2025-02-18 07:08:16 --> Session: Class initialized using 'CodeIgniter\Session\Handlers\FileHandler' driver.
DEBUG - 2025-02-18 07:08:43 --> Session: Class initialized using 'CodeIgniter\Session\Handlers\FileHandler' driver.
DEBUG - 2025-02-18 07:08:43 --> Session: Class initialized using 'CodeIgniter\Session\Handlers\FileHandler' driver.
DEBUG - 2025-02-18 07:18:25 --> Session: Class initialized using 'CodeIgniter\Session\Handlers\FileHandler' driver.
DEBUG - 2025-02-18 07:18:27 --> Session: Class initialized using 'CodeIgniter\Session\Handlers\FileHandler' driver.
DEBUG - 2025-02-18 07:18:27 --> Session: Class initialized using 'CodeIgniter\Session\Handlers\FileHandler' driver.
DEBUG - 2025-02-18 07:23:03 --> Session: Class initialized using 'CodeIgniter\Session\Handlers\FileHandler' driver.
DEBUG - 2025-02-18 07:23:05 --> Session: Class initialized using 'CodeIgniter\Session\Handlers\FileHandler' driver.
DEBUG - 2025-02-18 07:23:06 --> Session: Class initialized using 'CodeIgniter\Session\Handlers\FileHandler' driver.
CRITICAL - 2025-02-18 07:23:06 --> ErrorException: Undefined variable $session
[Method: GET, Route: dashboardadministrator]
in APPPATH\Views\dashboardadministrator.php on line 10.
 1 APPPATH\Views\dashboardadministrator.php(10): CodeIgniter\Debug\Exceptions->errorHandler(2, 'Undefined variable $session', 'D:\\stmik komputama\\Semester 8\\SISTEM\\project_apin\\app\\Views\\dashboardadministrator.php', 10)
 2 SYSTEMPATH\View\View.php(224): include('D:\\stmik komputama\\Semester 8\\SISTEM\\project_apin\\app\\Views\\dashboardadministrator.php')
 3 SYSTEMPATH\View\View.php(227): CodeIgniter\View\View->CodeIgniter\View\{closure}()
 4 SYSTEMPATH\Common.php(1173): CodeIgniter\View\View->render('dashboardadministrator', [], true)
 5 APPPATH\Controllers\DashboardAdministrator.php(11): view('dashboardadministrator')
 6 SYSTEMPATH\CodeIgniter.php(933): App\Controllers\DashboardAdministrator->index()
 7 SYSTEMPATH\CodeIgniter.php(507): CodeIgniter\CodeIgniter->runController(Object(App\Controllers\DashboardAdministrator))
 8 SYSTEMPATH\CodeIgniter.php(354): CodeIgniter\CodeIgniter->handleRequest(null, Object(Config\Cache), false)
 9 SYSTEMPATH\Boot.php(334): CodeIgniter\CodeIgniter->run()
10 SYSTEMPATH\Boot.php(67): CodeIgniter\Boot::runCodeIgniter(Object(CodeIgniter\CodeIgniter))
11 FCPATH\index.php(56): CodeIgniter\Boot::bootWeb(Object(Config\Paths))
12 SYSTEMPATH\rewrite.php(44): require_once('D:\\stmik komputama\\Semester 8\\SISTEM\\project_apin\\public\\index.php')
DEBUG - 2025-02-18 07:25:17 --> Session: Class initialized using 'CodeIgniter\Session\Handlers\FileHandler' driver.
DEBUG - 2025-02-18 07:25:18 --> Session: Class initialized using 'CodeIgniter\Session\Handlers\FileHandler' driver.
DEBUG - 2025-02-18 07:25:19 --> Session: Class initialized using 'CodeIgniter\Session\Handlers\FileHandler' driver.
DEBUG - 2025-02-18 07:32:09 --> Session: Class initialized using 'CodeIgniter\Session\Handlers\FileHandler' driver.
DEBUG - 2025-02-18 07:32:11 --> Session: Class initialized using 'CodeIgniter\Session\Handlers\FileHandler' driver.
DEBUG - 2025-02-18 07:32:11 --> Session: Class initialized using 'CodeIgniter\Session\Handlers\FileHandler' driver.
CRITICAL - 2025-02-18 07:32:11 --> ErrorException: Undefined variable $role
[Method: GET, Route: dashboardadministrator]
in APPPATH\Views\dashboardadministrator.php on line 16.
 1 APPPATH\Views\dashboardadministrator.php(16): CodeIgniter\Debug\Exceptions->errorHandler(2, 'Undefined variable $role', 'D:\\stmik komputama\\Semester 8\\SISTEM\\project_apin\\app\\Views\\dashboardadministrator.php', 16)
 2 SYSTEMPATH\View\View.php(224): include('D:\\stmik komputama\\Semester 8\\SISTEM\\project_apin\\app\\Views\\dashboardadministrator.php')
 3 SYSTEMPATH\View\View.php(227): CodeIgniter\View\View->CodeIgniter\View\{closure}()
 4 SYSTEMPATH\Common.php(1173): CodeIgniter\View\View->render('dashboardadministrator', [], true)
 5 APPPATH\Controllers\DashboardAdministrator.php(11): view('dashboardadministrator')
 6 SYSTEMPATH\CodeIgniter.php(933): App\Controllers\DashboardAdministrator->index()
 7 SYSTEMPATH\CodeIgniter.php(507): CodeIgniter\CodeIgniter->runController(Object(App\Controllers\DashboardAdministrator))
 8 SYSTEMPATH\CodeIgniter.php(354): CodeIgniter\CodeIgniter->handleRequest(null, Object(Config\Cache), false)
 9 SYSTEMPATH\Boot.php(334): CodeIgniter\CodeIgniter->run()
10 SYSTEMPATH\Boot.php(67): CodeIgniter\Boot::runCodeIgniter(Object(CodeIgniter\CodeIgniter))
11 FCPATH\index.php(56): CodeIgniter\Boot::bootWeb(Object(Config\Paths))
12 SYSTEMPATH\rewrite.php(44): require_once('D:\\stmik komputama\\Semester 8\\SISTEM\\project_apin\\public\\index.php')
DEBUG - 2025-02-18 07:42:43 --> Session: Class initialized using 'CodeIgniter\Session\Handlers\FileHandler' driver.
CRITICAL - 2025-02-18 07:42:43 --> ErrorException: Undefined variable $name
[Method: GET, Route: dashboardadministrator]
in APPPATH\Views\dashboardadministrator.php on line 13.
 1 APPPATH\Views\dashboardadministrator.php(13): CodeIgniter\Debug\Exceptions->errorHandler(2, 'Undefined variable $name', 'D:\\stmik komputama\\Semester 8\\SISTEM\\project_apin\\app\\Views\\dashboardadministrator.php', 13)
 2 SYSTEMPATH\View\View.php(224): include('D:\\stmik komputama\\Semester 8\\SISTEM\\project_apin\\app\\Views\\dashboardadministrator.php')
 3 SYSTEMPATH\View\View.php(227): CodeIgniter\View\View->CodeIgniter\View\{closure}()
 4 SYSTEMPATH\Common.php(1173): CodeIgniter\View\View->render('dashboardadministrator', [], true)
 5 APPPATH\Controllers\DashboardAdministrator.php(11): view('dashboardadministrator')
 6 SYSTEMPATH\CodeIgniter.php(933): App\Controllers\DashboardAdministrator->index()
 7 SYSTEMPATH\CodeIgniter.php(507): CodeIgniter\CodeIgniter->runController(Object(App\Controllers\DashboardAdministrator))
 8 SYSTEMPATH\CodeIgniter.php(354): CodeIgniter\CodeIgniter->handleRequest(null, Object(Config\Cache), false)
 9 SYSTEMPATH\Boot.php(334): CodeIgniter\CodeIgniter->run()
10 SYSTEMPATH\Boot.php(67): CodeIgniter\Boot::runCodeIgniter(Object(CodeIgniter\CodeIgniter))
11 FCPATH\index.php(56): CodeIgniter\Boot::bootWeb(Object(Config\Paths))
12 SYSTEMPATH\rewrite.php(44): require_once('D:\\stmik komputama\\Semester 8\\SISTEM\\project_apin\\public\\index.php')
DEBUG - 2025-02-18 07:45:47 --> Session: Class initialized using 'CodeIgniter\Session\Handlers\FileHandler' driver.
CRITICAL - 2025-02-18 07:45:47 --> ErrorException: Undefined variable $role
[Method: GET, Route: dashboardadministrator]
in APPPATH\Views\dashboardadministrator.php on line 18.
 1 APPPATH\Views\dashboardadministrator.php(18): CodeIgniter\Debug\Exceptions->errorHandler(2, 'Undefined variable $role', 'D:\\stmik komputama\\Semester 8\\SISTEM\\project_apin\\app\\Views\\dashboardadministrator.php', 18)
 2 SYSTEMPATH\View\View.php(224): include('D:\\stmik komputama\\Semester 8\\SISTEM\\project_apin\\app\\Views\\dashboardadministrator.php')
 3 SYSTEMPATH\View\View.php(227): CodeIgniter\View\View->CodeIgniter\View\{closure}()
 4 SYSTEMPATH\Common.php(1173): CodeIgniter\View\View->render('dashboardadministrator', [], true)
 5 APPPATH\Controllers\DashboardAdministrator.php(11): view('dashboardadministrator')
 6 SYSTEMPATH\CodeIgniter.php(933): App\Controllers\DashboardAdministrator->index()
 7 SYSTEMPATH\CodeIgniter.php(507): CodeIgniter\CodeIgniter->runController(Object(App\Controllers\DashboardAdministrator))
 8 SYSTEMPATH\CodeIgniter.php(354): CodeIgniter\CodeIgniter->handleRequest(null, Object(Config\Cache), false)
 9 SYSTEMPATH\Boot.php(334): CodeIgniter\CodeIgniter->run()
10 SYSTEMPATH\Boot.php(67): CodeIgniter\Boot::runCodeIgniter(Object(CodeIgniter\CodeIgniter))
11 FCPATH\index.php(56): CodeIgniter\Boot::bootWeb(Object(Config\Paths))
12 SYSTEMPATH\rewrite.php(44): require_once('D:\\stmik komputama\\Semester 8\\SISTEM\\project_apin\\public\\index.php')
DEBUG - 2025-02-18 07:46:47 --> Session: Class initialized using 'CodeIgniter\Session\Handlers\FileHandler' driver.
DEBUG - 2025-02-18 07:47:51 --> Session: Class initialized using 'CodeIgniter\Session\Handlers\FileHandler' driver.
DEBUG - 2025-02-18 07:47:59 --> Session: Class initialized using 'CodeIgniter\Session\Handlers\FileHandler' driver.
DEBUG - 2025-02-18 07:47:59 --> Session: Class initialized using 'CodeIgniter\Session\Handlers\FileHandler' driver.
DEBUG - 2025-02-18 07:48:43 --> Session: Class initialized using 'CodeIgniter\Session\Handlers\FileHandler' driver.
DEBUG - 2025-02-18 07:48:54 --> Session: Class initialized using 'CodeIgniter\Session\Handlers\FileHandler' driver.
DEBUG - 2025-02-18 07:48:55 --> Session: Class initialized using 'CodeIgniter\Session\Handlers\FileHandler' driver.
