DEBUG - 2025-03-17 09:34:42 --> Session: Class initialized using 'CodeIgniter\Session\Handlers\FileHandler' driver.
DEBUG - 2025-03-17 09:34:45 --> Session: Class initialized using 'CodeIgniter\Session\Handlers\FileHandler' driver.
DEBUG - 2025-03-17 09:34:45 --> Session: Class initialized using 'CodeIgniter\Session\Handlers\FileHandler' driver.
DEBUG - 2025-03-17 09:34:50 --> Session: Class initialized using 'CodeIgniter\Session\Handlers\FileHandler' driver.
DEBUG - 2025-03-17 09:36:23 --> Session: Class initialized using 'CodeIgniter\Session\Handlers\FileHandler' driver.
DEBUG - 2025-03-17 09:37:50 --> Session: Class initialized using 'CodeIgniter\Session\Handlers\FileHandler' driver.
DEBUG - 2025-03-17 09:44:27 --> Session: Class initialized using 'CodeIgniter\Session\Handlers\FileHandler' driver.
DEBUG - 2025-03-17 09:45:14 --> Session: Class initialized using 'CodeIgniter\Session\Handlers\FileHandler' driver.
DEBUG - 2025-03-17 09:48:12 --> Session: Class initialized using 'CodeIgniter\Session\Handlers\FileHandler' driver.
DEBUG - 2025-03-17 09:50:01 --> Session: Class initialized using 'CodeIgniter\Session\Handlers\FileHandler' driver.
ERROR - 2025-03-17 09:50:08 --> ErrorException: pg_query(): Query failed: ERROR:  operator tidak ada : integer ~~ text
LINE 4: OR  &quot;nis&quot; LIKE '%70%' ESCAPE '!'
                  ^
HINT:  Operator tidak sesuai dengan nama dan tipe argumen. Anda mungkin perlu menambahkan tipe cast eksplisit in E:\stmik komputama\Semester 8\SISTEM\project_apin\system\Database\Postgre\Connection.php:206
Stack trace:
#0 [internal function]: CodeIgniter\Debug\Exceptions->errorHandler(2, 'pg_query(): Que...', 'E:\\stmik komput...', 206)
#1 E:\stmik komputama\Semester 8\SISTEM\project_apin\system\Database\Postgre\Connection.php(206): pg_query(Object(PgSql\Connection), 'SELECT *\nFROM "...')
#2 E:\stmik komputama\Semester 8\SISTEM\project_apin\system\Database\BaseConnection.php(738): CodeIgniter\Database\Postgre\Connection->execute('SELECT *\nFROM "...')
#3 E:\stmik komputama\Semester 8\SISTEM\project_apin\system\Database\BaseConnection.php(652): CodeIgniter\Database\BaseConnection->simpleQuery('SELECT *\nFROM "...')
#4 E:\stmik komputama\Semester 8\SISTEM\project_apin\system\Database\BaseBuilder.php(1649): CodeIgniter\Database\BaseConnection->query('SELECT *\nFROM "...', Array, false)
#5 E:\stmik komputama\Semester 8\SISTEM\project_apin\system\Model.php(286): CodeIgniter\Database\BaseBuilder->get()
#6 E:\stmik komputama\Semester 8\SISTEM\project_apin\system\BaseModel.php(675): CodeIgniter\Model->doFindAll(10, 0)
#7 E:\stmik komputama\Semester 8\SISTEM\project_apin\app\Controllers\Pembayaran.php(62): CodeIgniter\BaseModel->findAll(10)
#8 E:\stmik komputama\Semester 8\SISTEM\project_apin\system\CodeIgniter.php(933): App\Controllers\Pembayaran->searchSiswa()
#9 E:\stmik komputama\Semester 8\SISTEM\project_apin\system\CodeIgniter.php(507): CodeIgniter\CodeIgniter->runController(Object(App\Controllers\Pembayaran))
#10 E:\stmik komputama\Semester 8\SISTEM\project_apin\system\CodeIgniter.php(354): CodeIgniter\CodeIgniter->handleRequest(NULL, Object(Config\Cache), false)
#11 E:\stmik komputama\Semester 8\SISTEM\project_apin\system\Boot.php(334): CodeIgniter\CodeIgniter->run()
#12 E:\stmik komputama\Semester 8\SISTEM\project_apin\system\Boot.php(67): CodeIgniter\Boot::runCodeIgniter(Object(CodeIgniter\CodeIgniter))
#13 E:\stmik komputama\Semester 8\SISTEM\project_apin\public\index.php(56): CodeIgniter\Boot::bootWeb(Object(Config\Paths))
#14 E:\stmik komputama\Semester 8\SISTEM\project_apin\system\rewrite.php(44): require_once('E:\\stmik komput...')
#15 {main}
CRITICAL - 2025-03-17 09:50:08 --> CodeIgniter\Database\Exceptions\DatabaseException: pg_query(): Query failed: ERROR:  operator tidak ada : integer ~~ text
LINE 4: OR  &quot;nis&quot; LIKE '%70%' ESCAPE '!'
                  ^
HINT:  Operator tidak sesuai dengan nama dan tipe argumen. Anda mungkin perlu menambahkan tipe cast eksplisit
[Method: GET, Route: pembayaran/searchSiswa]
in SYSTEMPATH\Database\BaseConnection.php on line 692.
 1 SYSTEMPATH\Database\BaseBuilder.php(1649): CodeIgniter\Database\BaseConnection->query('SELECT *
FROM "siswa"
WHERE "name" LIKE :name: ESCAPE \'!\'
OR  "nis" LIKE :nis: ESCAPE \'!\'
 LIMIT 10', [...], false)
 2 SYSTEMPATH\Model.php(286): CodeIgniter\Database\BaseBuilder->get()
 3 SYSTEMPATH\BaseModel.php(675): CodeIgniter\Model->doFindAll(10, 0)
 4 APPPATH\Controllers\Pembayaran.php(62): CodeIgniter\BaseModel->findAll(10)
 5 SYSTEMPATH\CodeIgniter.php(933): App\Controllers\Pembayaran->searchSiswa()
 6 SYSTEMPATH\CodeIgniter.php(507): CodeIgniter\CodeIgniter->runController(Object(App\Controllers\Pembayaran))
 7 SYSTEMPATH\CodeIgniter.php(354): CodeIgniter\CodeIgniter->handleRequest(null, Object(Config\Cache), false)
 8 SYSTEMPATH\Boot.php(334): CodeIgniter\CodeIgniter->run()
 9 SYSTEMPATH\Boot.php(67): CodeIgniter\Boot::runCodeIgniter(Object(CodeIgniter\CodeIgniter))
10 FCPATH\index.php(56): CodeIgniter\Boot::bootWeb(Object(Config\Paths))
11 SYSTEMPATH\rewrite.php(44): require_once('E:\\stmik komputama\\Semester 8\\SISTEM\\project_apin\\public\\index.php')
CRITICAL - 2025-03-17 09:50:08 --> [Caused by] CodeIgniter\Database\Exceptions\DatabaseException: pg_query(): Query failed: ERROR:  operator tidak ada : integer ~~ text
LINE 4: OR  &quot;nis&quot; LIKE '%70%' ESCAPE '!'
                  ^
HINT:  Operator tidak sesuai dengan nama dan tipe argumen. Anda mungkin perlu menambahkan tipe cast eksplisit
in SYSTEMPATH\Database\Postgre\Connection.php on line 211.
 1 SYSTEMPATH\Database\BaseConnection.php(738): CodeIgniter\Database\Postgre\Connection->execute('SELECT *
FROM "siswa"
WHERE "name" LIKE \'%70%\' ESCAPE \'!\'
OR  "nis" LIKE \'%70%\' ESCAPE \'!\'
 LIMIT 10')
 2 SYSTEMPATH\Database\BaseConnection.php(652): CodeIgniter\Database\BaseConnection->simpleQuery('SELECT *
FROM "siswa"
WHERE "name" LIKE \'%70%\' ESCAPE \'!\'
OR  "nis" LIKE \'%70%\' ESCAPE \'!\'
 LIMIT 10')
 3 SYSTEMPATH\Database\BaseBuilder.php(1649): CodeIgniter\Database\BaseConnection->query('SELECT *
FROM "siswa"
WHERE "name" LIKE :name: ESCAPE \'!\'
OR  "nis" LIKE :nis: ESCAPE \'!\'
 LIMIT 10', [...], false)
 4 SYSTEMPATH\Model.php(286): CodeIgniter\Database\BaseBuilder->get()
 5 SYSTEMPATH\BaseModel.php(675): CodeIgniter\Model->doFindAll(10, 0)
 6 APPPATH\Controllers\Pembayaran.php(62): CodeIgniter\BaseModel->findAll(10)
 7 SYSTEMPATH\CodeIgniter.php(933): App\Controllers\Pembayaran->searchSiswa()
 8 SYSTEMPATH\CodeIgniter.php(507): CodeIgniter\CodeIgniter->runController(Object(App\Controllers\Pembayaran))
 9 SYSTEMPATH\CodeIgniter.php(354): CodeIgniter\CodeIgniter->handleRequest(null, Object(Config\Cache), false)
10 SYSTEMPATH\Boot.php(334): CodeIgniter\CodeIgniter->run()
11 SYSTEMPATH\Boot.php(67): CodeIgniter\Boot::runCodeIgniter(Object(CodeIgniter\CodeIgniter))
12 FCPATH\index.php(56): CodeIgniter\Boot::bootWeb(Object(Config\Paths))
13 SYSTEMPATH\rewrite.php(44): require_once('E:\\stmik komputama\\Semester 8\\SISTEM\\project_apin\\public\\index.php')
CRITICAL - 2025-03-17 09:50:08 --> [Caused by] ErrorException: pg_query(): Query failed: ERROR:  operator tidak ada : integer ~~ text
LINE 4: OR  &quot;nis&quot; LIKE '%70%' ESCAPE '!'
                  ^
HINT:  Operator tidak sesuai dengan nama dan tipe argumen. Anda mungkin perlu menambahkan tipe cast eksplisit
in SYSTEMPATH\Database\Postgre\Connection.php on line 206.
 1 [internal function]: CodeIgniter\Debug\Exceptions->errorHandler(2, 'pg_query(): Query failed: ERROR:  operator tidak ada : integer ~~ text
LINE 4: OR  &quot;nis&quot; LIKE \'%70%\' ESCAPE \'!\'
                  ^
HINT:  Operator tidak sesuai dengan nama dan tipe argumen. Anda mungkin perlu menambahkan tipe cast eksplisit', 'E:\\stmik komputama\\Semester 8\\SISTEM\\project_apin\\system\\Database\\Postgre\\Connection.php', 206)
 2 SYSTEMPATH\Database\Postgre\Connection.php(206): pg_query(Object(PgSql\Connection), 'SELECT *
FROM "siswa"
WHERE "name" LIKE \'%70%\' ESCAPE \'!\'
OR  "nis" LIKE \'%70%\' ESCAPE \'!\'
 LIMIT 10')
 3 SYSTEMPATH\Database\BaseConnection.php(738): CodeIgniter\Database\Postgre\Connection->execute('SELECT *
FROM "siswa"
WHERE "name" LIKE \'%70%\' ESCAPE \'!\'
OR  "nis" LIKE \'%70%\' ESCAPE \'!\'
 LIMIT 10')
 4 SYSTEMPATH\Database\BaseConnection.php(652): CodeIgniter\Database\BaseConnection->simpleQuery('SELECT *
FROM "siswa"
WHERE "name" LIKE \'%70%\' ESCAPE \'!\'
OR  "nis" LIKE \'%70%\' ESCAPE \'!\'
 LIMIT 10')
 5 SYSTEMPATH\Database\BaseBuilder.php(1649): CodeIgniter\Database\BaseConnection->query('SELECT *
FROM "siswa"
WHERE "name" LIKE :name: ESCAPE \'!\'
OR  "nis" LIKE :nis: ESCAPE \'!\'
 LIMIT 10', [...], false)
 6 SYSTEMPATH\Model.php(286): CodeIgniter\Database\BaseBuilder->get()
 7 SYSTEMPATH\BaseModel.php(675): CodeIgniter\Model->doFindAll(10, 0)
 8 APPPATH\Controllers\Pembayaran.php(62): CodeIgniter\BaseModel->findAll(10)
 9 SYSTEMPATH\CodeIgniter.php(933): App\Controllers\Pembayaran->searchSiswa()
10 SYSTEMPATH\CodeIgniter.php(507): CodeIgniter\CodeIgniter->runController(Object(App\Controllers\Pembayaran))
11 SYSTEMPATH\CodeIgniter.php(354): CodeIgniter\CodeIgniter->handleRequest(null, Object(Config\Cache), false)
12 SYSTEMPATH\Boot.php(334): CodeIgniter\CodeIgniter->run()
13 SYSTEMPATH\Boot.php(67): CodeIgniter\Boot::runCodeIgniter(Object(CodeIgniter\CodeIgniter))
14 FCPATH\index.php(56): CodeIgniter\Boot::bootWeb(Object(Config\Paths))
15 SYSTEMPATH\rewrite.php(44): require_once('E:\\stmik komputama\\Semester 8\\SISTEM\\project_apin\\public\\index.php')
ERROR - 2025-03-17 09:50:09 --> ErrorException: pg_query(): Query failed: ERROR:  operator tidak ada : integer ~~ text
LINE 4: OR  &quot;nis&quot; LIKE '%707%' ESCAPE '!'
                  ^
HINT:  Operator tidak sesuai dengan nama dan tipe argumen. Anda mungkin perlu menambahkan tipe cast eksplisit in E:\stmik komputama\Semester 8\SISTEM\project_apin\system\Database\Postgre\Connection.php:206
Stack trace:
#0 [internal function]: CodeIgniter\Debug\Exceptions->errorHandler(2, 'pg_query(): Que...', 'E:\\stmik komput...', 206)
#1 E:\stmik komputama\Semester 8\SISTEM\project_apin\system\Database\Postgre\Connection.php(206): pg_query(Object(PgSql\Connection), 'SELECT *\nFROM "...')
#2 E:\stmik komputama\Semester 8\SISTEM\project_apin\system\Database\BaseConnection.php(738): CodeIgniter\Database\Postgre\Connection->execute('SELECT *\nFROM "...')
#3 E:\stmik komputama\Semester 8\SISTEM\project_apin\system\Database\BaseConnection.php(652): CodeIgniter\Database\BaseConnection->simpleQuery('SELECT *\nFROM "...')
#4 E:\stmik komputama\Semester 8\SISTEM\project_apin\system\Database\BaseBuilder.php(1649): CodeIgniter\Database\BaseConnection->query('SELECT *\nFROM "...', Array, false)
#5 E:\stmik komputama\Semester 8\SISTEM\project_apin\system\Model.php(286): CodeIgniter\Database\BaseBuilder->get()
#6 E:\stmik komputama\Semester 8\SISTEM\project_apin\system\BaseModel.php(675): CodeIgniter\Model->doFindAll(10, 0)
#7 E:\stmik komputama\Semester 8\SISTEM\project_apin\app\Controllers\Pembayaran.php(62): CodeIgniter\BaseModel->findAll(10)
#8 E:\stmik komputama\Semester 8\SISTEM\project_apin\system\CodeIgniter.php(933): App\Controllers\Pembayaran->searchSiswa()
#9 E:\stmik komputama\Semester 8\SISTEM\project_apin\system\CodeIgniter.php(507): CodeIgniter\CodeIgniter->runController(Object(App\Controllers\Pembayaran))
#10 E:\stmik komputama\Semester 8\SISTEM\project_apin\system\CodeIgniter.php(354): CodeIgniter\CodeIgniter->handleRequest(NULL, Object(Config\Cache), false)
#11 E:\stmik komputama\Semester 8\SISTEM\project_apin\system\Boot.php(334): CodeIgniter\CodeIgniter->run()
#12 E:\stmik komputama\Semester 8\SISTEM\project_apin\system\Boot.php(67): CodeIgniter\Boot::runCodeIgniter(Object(CodeIgniter\CodeIgniter))
#13 E:\stmik komputama\Semester 8\SISTEM\project_apin\public\index.php(56): CodeIgniter\Boot::bootWeb(Object(Config\Paths))
#14 E:\stmik komputama\Semester 8\SISTEM\project_apin\system\rewrite.php(44): require_once('E:\\stmik komput...')
#15 {main}
CRITICAL - 2025-03-17 09:50:09 --> CodeIgniter\Database\Exceptions\DatabaseException: pg_query(): Query failed: ERROR:  operator tidak ada : integer ~~ text
LINE 4: OR  &quot;nis&quot; LIKE '%707%' ESCAPE '!'
                  ^
HINT:  Operator tidak sesuai dengan nama dan tipe argumen. Anda mungkin perlu menambahkan tipe cast eksplisit
[Method: GET, Route: pembayaran/searchSiswa]
in SYSTEMPATH\Database\BaseConnection.php on line 692.
 1 SYSTEMPATH\Database\BaseBuilder.php(1649): CodeIgniter\Database\BaseConnection->query('SELECT *
FROM "siswa"
WHERE "name" LIKE :name: ESCAPE \'!\'
OR  "nis" LIKE :nis: ESCAPE \'!\'
 LIMIT 10', [...], false)
 2 SYSTEMPATH\Model.php(286): CodeIgniter\Database\BaseBuilder->get()
 3 SYSTEMPATH\BaseModel.php(675): CodeIgniter\Model->doFindAll(10, 0)
 4 APPPATH\Controllers\Pembayaran.php(62): CodeIgniter\BaseModel->findAll(10)
 5 SYSTEMPATH\CodeIgniter.php(933): App\Controllers\Pembayaran->searchSiswa()
 6 SYSTEMPATH\CodeIgniter.php(507): CodeIgniter\CodeIgniter->runController(Object(App\Controllers\Pembayaran))
 7 SYSTEMPATH\CodeIgniter.php(354): CodeIgniter\CodeIgniter->handleRequest(null, Object(Config\Cache), false)
 8 SYSTEMPATH\Boot.php(334): CodeIgniter\CodeIgniter->run()
 9 SYSTEMPATH\Boot.php(67): CodeIgniter\Boot::runCodeIgniter(Object(CodeIgniter\CodeIgniter))
10 FCPATH\index.php(56): CodeIgniter\Boot::bootWeb(Object(Config\Paths))
11 SYSTEMPATH\rewrite.php(44): require_once('E:\\stmik komputama\\Semester 8\\SISTEM\\project_apin\\public\\index.php')
CRITICAL - 2025-03-17 09:50:09 --> [Caused by] CodeIgniter\Database\Exceptions\DatabaseException: pg_query(): Query failed: ERROR:  operator tidak ada : integer ~~ text
LINE 4: OR  &quot;nis&quot; LIKE '%707%' ESCAPE '!'
                  ^
HINT:  Operator tidak sesuai dengan nama dan tipe argumen. Anda mungkin perlu menambahkan tipe cast eksplisit
in SYSTEMPATH\Database\Postgre\Connection.php on line 211.
 1 SYSTEMPATH\Database\BaseConnection.php(738): CodeIgniter\Database\Postgre\Connection->execute('SELECT *
FROM "siswa"
WHERE "name" LIKE \'%707%\' ESCAPE \'!\'
OR  "nis" LIKE \'%707%\' ESCAPE \'!\'
 LIMIT 10')
 2 SYSTEMPATH\Database\BaseConnection.php(652): CodeIgniter\Database\BaseConnection->simpleQuery('SELECT *
FROM "siswa"
WHERE "name" LIKE \'%707%\' ESCAPE \'!\'
OR  "nis" LIKE \'%707%\' ESCAPE \'!\'
 LIMIT 10')
 3 SYSTEMPATH\Database\BaseBuilder.php(1649): CodeIgniter\Database\BaseConnection->query('SELECT *
FROM "siswa"
WHERE "name" LIKE :name: ESCAPE \'!\'
OR  "nis" LIKE :nis: ESCAPE \'!\'
 LIMIT 10', [...], false)
 4 SYSTEMPATH\Model.php(286): CodeIgniter\Database\BaseBuilder->get()
 5 SYSTEMPATH\BaseModel.php(675): CodeIgniter\Model->doFindAll(10, 0)
 6 APPPATH\Controllers\Pembayaran.php(62): CodeIgniter\BaseModel->findAll(10)
 7 SYSTEMPATH\CodeIgniter.php(933): App\Controllers\Pembayaran->searchSiswa()
 8 SYSTEMPATH\CodeIgniter.php(507): CodeIgniter\CodeIgniter->runController(Object(App\Controllers\Pembayaran))
 9 SYSTEMPATH\CodeIgniter.php(354): CodeIgniter\CodeIgniter->handleRequest(null, Object(Config\Cache), false)
10 SYSTEMPATH\Boot.php(334): CodeIgniter\CodeIgniter->run()
11 SYSTEMPATH\Boot.php(67): CodeIgniter\Boot::runCodeIgniter(Object(CodeIgniter\CodeIgniter))
12 FCPATH\index.php(56): CodeIgniter\Boot::bootWeb(Object(Config\Paths))
13 SYSTEMPATH\rewrite.php(44): require_once('E:\\stmik komputama\\Semester 8\\SISTEM\\project_apin\\public\\index.php')
CRITICAL - 2025-03-17 09:50:09 --> [Caused by] ErrorException: pg_query(): Query failed: ERROR:  operator tidak ada : integer ~~ text
LINE 4: OR  &quot;nis&quot; LIKE '%707%' ESCAPE '!'
                  ^
HINT:  Operator tidak sesuai dengan nama dan tipe argumen. Anda mungkin perlu menambahkan tipe cast eksplisit
in SYSTEMPATH\Database\Postgre\Connection.php on line 206.
 1 [internal function]: CodeIgniter\Debug\Exceptions->errorHandler(2, 'pg_query(): Query failed: ERROR:  operator tidak ada : integer ~~ text
LINE 4: OR  &quot;nis&quot; LIKE \'%707%\' ESCAPE \'!\'
                  ^
HINT:  Operator tidak sesuai dengan nama dan tipe argumen. Anda mungkin perlu menambahkan tipe cast eksplisit', 'E:\\stmik komputama\\Semester 8\\SISTEM\\project_apin\\system\\Database\\Postgre\\Connection.php', 206)
 2 SYSTEMPATH\Database\Postgre\Connection.php(206): pg_query(Object(PgSql\Connection), 'SELECT *
FROM "siswa"
WHERE "name" LIKE \'%707%\' ESCAPE \'!\'
OR  "nis" LIKE \'%707%\' ESCAPE \'!\'
 LIMIT 10')
 3 SYSTEMPATH\Database\BaseConnection.php(738): CodeIgniter\Database\Postgre\Connection->execute('SELECT *
FROM "siswa"
WHERE "name" LIKE \'%707%\' ESCAPE \'!\'
OR  "nis" LIKE \'%707%\' ESCAPE \'!\'
 LIMIT 10')
 4 SYSTEMPATH\Database\BaseConnection.php(652): CodeIgniter\Database\BaseConnection->simpleQuery('SELECT *
FROM "siswa"
WHERE "name" LIKE \'%707%\' ESCAPE \'!\'
OR  "nis" LIKE \'%707%\' ESCAPE \'!\'
 LIMIT 10')
 5 SYSTEMPATH\Database\BaseBuilder.php(1649): CodeIgniter\Database\BaseConnection->query('SELECT *
FROM "siswa"
WHERE "name" LIKE :name: ESCAPE \'!\'
OR  "nis" LIKE :nis: ESCAPE \'!\'
 LIMIT 10', [...], false)
 6 SYSTEMPATH\Model.php(286): CodeIgniter\Database\BaseBuilder->get()
 7 SYSTEMPATH\BaseModel.php(675): CodeIgniter\Model->doFindAll(10, 0)
 8 APPPATH\Controllers\Pembayaran.php(62): CodeIgniter\BaseModel->findAll(10)
 9 SYSTEMPATH\CodeIgniter.php(933): App\Controllers\Pembayaran->searchSiswa()
10 SYSTEMPATH\CodeIgniter.php(507): CodeIgniter\CodeIgniter->runController(Object(App\Controllers\Pembayaran))
11 SYSTEMPATH\CodeIgniter.php(354): CodeIgniter\CodeIgniter->handleRequest(null, Object(Config\Cache), false)
12 SYSTEMPATH\Boot.php(334): CodeIgniter\CodeIgniter->run()
13 SYSTEMPATH\Boot.php(67): CodeIgniter\Boot::runCodeIgniter(Object(CodeIgniter\CodeIgniter))
14 FCPATH\index.php(56): CodeIgniter\Boot::bootWeb(Object(Config\Paths))
15 SYSTEMPATH\rewrite.php(44): require_once('E:\\stmik komputama\\Semester 8\\SISTEM\\project_apin\\public\\index.php')
ERROR - 2025-03-17 09:50:13 --> ErrorException: pg_query(): Query failed: ERROR:  operator tidak ada : integer ~~ text
LINE 4: OR  &quot;nis&quot; LIKE '%707%' ESCAPE '!'
                  ^
HINT:  Operator tidak sesuai dengan nama dan tipe argumen. Anda mungkin perlu menambahkan tipe cast eksplisit in E:\stmik komputama\Semester 8\SISTEM\project_apin\system\Database\Postgre\Connection.php:206
Stack trace:
#0 [internal function]: CodeIgniter\Debug\Exceptions->errorHandler(2, 'pg_query(): Que...', 'E:\\stmik komput...', 206)
#1 E:\stmik komputama\Semester 8\SISTEM\project_apin\system\Database\Postgre\Connection.php(206): pg_query(Object(PgSql\Connection), 'SELECT *\nFROM "...')
#2 E:\stmik komputama\Semester 8\SISTEM\project_apin\system\Database\BaseConnection.php(738): CodeIgniter\Database\Postgre\Connection->execute('SELECT *\nFROM "...')
#3 E:\stmik komputama\Semester 8\SISTEM\project_apin\system\Database\BaseConnection.php(652): CodeIgniter\Database\BaseConnection->simpleQuery('SELECT *\nFROM "...')
#4 E:\stmik komputama\Semester 8\SISTEM\project_apin\system\Database\BaseBuilder.php(1649): CodeIgniter\Database\BaseConnection->query('SELECT *\nFROM "...', Array, false)
#5 E:\stmik komputama\Semester 8\SISTEM\project_apin\system\Model.php(286): CodeIgniter\Database\BaseBuilder->get()
#6 E:\stmik komputama\Semester 8\SISTEM\project_apin\system\BaseModel.php(675): CodeIgniter\Model->doFindAll(10, 0)
#7 E:\stmik komputama\Semester 8\SISTEM\project_apin\app\Controllers\Pembayaran.php(62): CodeIgniter\BaseModel->findAll(10)
#8 E:\stmik komputama\Semester 8\SISTEM\project_apin\system\CodeIgniter.php(933): App\Controllers\Pembayaran->searchSiswa()
#9 E:\stmik komputama\Semester 8\SISTEM\project_apin\system\CodeIgniter.php(507): CodeIgniter\CodeIgniter->runController(Object(App\Controllers\Pembayaran))
#10 E:\stmik komputama\Semester 8\SISTEM\project_apin\system\CodeIgniter.php(354): CodeIgniter\CodeIgniter->handleRequest(NULL, Object(Config\Cache), false)
#11 E:\stmik komputama\Semester 8\SISTEM\project_apin\system\Boot.php(334): CodeIgniter\CodeIgniter->run()
#12 E:\stmik komputama\Semester 8\SISTEM\project_apin\system\Boot.php(67): CodeIgniter\Boot::runCodeIgniter(Object(CodeIgniter\CodeIgniter))
#13 E:\stmik komputama\Semester 8\SISTEM\project_apin\public\index.php(56): CodeIgniter\Boot::bootWeb(Object(Config\Paths))
#14 E:\stmik komputama\Semester 8\SISTEM\project_apin\system\rewrite.php(44): require_once('E:\\stmik komput...')
#15 {main}
CRITICAL - 2025-03-17 09:50:13 --> CodeIgniter\Database\Exceptions\DatabaseException: pg_query(): Query failed: ERROR:  operator tidak ada : integer ~~ text
LINE 4: OR  &quot;nis&quot; LIKE '%707%' ESCAPE '!'
                  ^
HINT:  Operator tidak sesuai dengan nama dan tipe argumen. Anda mungkin perlu menambahkan tipe cast eksplisit
[Method: GET, Route: pembayaran/searchSiswa]
in SYSTEMPATH\Database\BaseConnection.php on line 692.
 1 SYSTEMPATH\Database\BaseBuilder.php(1649): CodeIgniter\Database\BaseConnection->query('SELECT *
FROM "siswa"
WHERE "name" LIKE :name: ESCAPE \'!\'
OR  "nis" LIKE :nis: ESCAPE \'!\'
 LIMIT 10', [...], false)
 2 SYSTEMPATH\Model.php(286): CodeIgniter\Database\BaseBuilder->get()
 3 SYSTEMPATH\BaseModel.php(675): CodeIgniter\Model->doFindAll(10, 0)
 4 APPPATH\Controllers\Pembayaran.php(62): CodeIgniter\BaseModel->findAll(10)
 5 SYSTEMPATH\CodeIgniter.php(933): App\Controllers\Pembayaran->searchSiswa()
 6 SYSTEMPATH\CodeIgniter.php(507): CodeIgniter\CodeIgniter->runController(Object(App\Controllers\Pembayaran))
 7 SYSTEMPATH\CodeIgniter.php(354): CodeIgniter\CodeIgniter->handleRequest(null, Object(Config\Cache), false)
 8 SYSTEMPATH\Boot.php(334): CodeIgniter\CodeIgniter->run()
 9 SYSTEMPATH\Boot.php(67): CodeIgniter\Boot::runCodeIgniter(Object(CodeIgniter\CodeIgniter))
10 FCPATH\index.php(56): CodeIgniter\Boot::bootWeb(Object(Config\Paths))
11 SYSTEMPATH\rewrite.php(44): require_once('E:\\stmik komputama\\Semester 8\\SISTEM\\project_apin\\public\\index.php')
CRITICAL - 2025-03-17 09:50:13 --> [Caused by] CodeIgniter\Database\Exceptions\DatabaseException: pg_query(): Query failed: ERROR:  operator tidak ada : integer ~~ text
LINE 4: OR  &quot;nis&quot; LIKE '%707%' ESCAPE '!'
                  ^
HINT:  Operator tidak sesuai dengan nama dan tipe argumen. Anda mungkin perlu menambahkan tipe cast eksplisit
in SYSTEMPATH\Database\Postgre\Connection.php on line 211.
 1 SYSTEMPATH\Database\BaseConnection.php(738): CodeIgniter\Database\Postgre\Connection->execute('SELECT *
FROM "siswa"
WHERE "name" LIKE \'%707%\' ESCAPE \'!\'
OR  "nis" LIKE \'%707%\' ESCAPE \'!\'
 LIMIT 10')
 2 SYSTEMPATH\Database\BaseConnection.php(652): CodeIgniter\Database\BaseConnection->simpleQuery('SELECT *
FROM "siswa"
WHERE "name" LIKE \'%707%\' ESCAPE \'!\'
OR  "nis" LIKE \'%707%\' ESCAPE \'!\'
 LIMIT 10')
 3 SYSTEMPATH\Database\BaseBuilder.php(1649): CodeIgniter\Database\BaseConnection->query('SELECT *
FROM "siswa"
WHERE "name" LIKE :name: ESCAPE \'!\'
OR  "nis" LIKE :nis: ESCAPE \'!\'
 LIMIT 10', [...], false)
 4 SYSTEMPATH\Model.php(286): CodeIgniter\Database\BaseBuilder->get()
 5 SYSTEMPATH\BaseModel.php(675): CodeIgniter\Model->doFindAll(10, 0)
 6 APPPATH\Controllers\Pembayaran.php(62): CodeIgniter\BaseModel->findAll(10)
 7 SYSTEMPATH\CodeIgniter.php(933): App\Controllers\Pembayaran->searchSiswa()
 8 SYSTEMPATH\CodeIgniter.php(507): CodeIgniter\CodeIgniter->runController(Object(App\Controllers\Pembayaran))
 9 SYSTEMPATH\CodeIgniter.php(354): CodeIgniter\CodeIgniter->handleRequest(null, Object(Config\Cache), false)
10 SYSTEMPATH\Boot.php(334): CodeIgniter\CodeIgniter->run()
11 SYSTEMPATH\Boot.php(67): CodeIgniter\Boot::runCodeIgniter(Object(CodeIgniter\CodeIgniter))
12 FCPATH\index.php(56): CodeIgniter\Boot::bootWeb(Object(Config\Paths))
13 SYSTEMPATH\rewrite.php(44): require_once('E:\\stmik komputama\\Semester 8\\SISTEM\\project_apin\\public\\index.php')
CRITICAL - 2025-03-17 09:50:13 --> [Caused by] ErrorException: pg_query(): Query failed: ERROR:  operator tidak ada : integer ~~ text
LINE 4: OR  &quot;nis&quot; LIKE '%707%' ESCAPE '!'
                  ^
HINT:  Operator tidak sesuai dengan nama dan tipe argumen. Anda mungkin perlu menambahkan tipe cast eksplisit
in SYSTEMPATH\Database\Postgre\Connection.php on line 206.
 1 [internal function]: CodeIgniter\Debug\Exceptions->errorHandler(2, 'pg_query(): Query failed: ERROR:  operator tidak ada : integer ~~ text
LINE 4: OR  &quot;nis&quot; LIKE \'%707%\' ESCAPE \'!\'
                  ^
HINT:  Operator tidak sesuai dengan nama dan tipe argumen. Anda mungkin perlu menambahkan tipe cast eksplisit', 'E:\\stmik komputama\\Semester 8\\SISTEM\\project_apin\\system\\Database\\Postgre\\Connection.php', 206)
 2 SYSTEMPATH\Database\Postgre\Connection.php(206): pg_query(Object(PgSql\Connection), 'SELECT *
FROM "siswa"
WHERE "name" LIKE \'%707%\' ESCAPE \'!\'
OR  "nis" LIKE \'%707%\' ESCAPE \'!\'
 LIMIT 10')
 3 SYSTEMPATH\Database\BaseConnection.php(738): CodeIgniter\Database\Postgre\Connection->execute('SELECT *
FROM "siswa"
WHERE "name" LIKE \'%707%\' ESCAPE \'!\'
OR  "nis" LIKE \'%707%\' ESCAPE \'!\'
 LIMIT 10')
 4 SYSTEMPATH\Database\BaseConnection.php(652): CodeIgniter\Database\BaseConnection->simpleQuery('SELECT *
FROM "siswa"
WHERE "name" LIKE \'%707%\' ESCAPE \'!\'
OR  "nis" LIKE \'%707%\' ESCAPE \'!\'
 LIMIT 10')
 5 SYSTEMPATH\Database\BaseBuilder.php(1649): CodeIgniter\Database\BaseConnection->query('SELECT *
FROM "siswa"
WHERE "name" LIKE :name: ESCAPE \'!\'
OR  "nis" LIKE :nis: ESCAPE \'!\'
 LIMIT 10', [...], false)
 6 SYSTEMPATH\Model.php(286): CodeIgniter\Database\BaseBuilder->get()
 7 SYSTEMPATH\BaseModel.php(675): CodeIgniter\Model->doFindAll(10, 0)
 8 APPPATH\Controllers\Pembayaran.php(62): CodeIgniter\BaseModel->findAll(10)
 9 SYSTEMPATH\CodeIgniter.php(933): App\Controllers\Pembayaran->searchSiswa()
10 SYSTEMPATH\CodeIgniter.php(507): CodeIgniter\CodeIgniter->runController(Object(App\Controllers\Pembayaran))
11 SYSTEMPATH\CodeIgniter.php(354): CodeIgniter\CodeIgniter->handleRequest(null, Object(Config\Cache), false)
12 SYSTEMPATH\Boot.php(334): CodeIgniter\CodeIgniter->run()
13 SYSTEMPATH\Boot.php(67): CodeIgniter\Boot::runCodeIgniter(Object(CodeIgniter\CodeIgniter))
14 FCPATH\index.php(56): CodeIgniter\Boot::bootWeb(Object(Config\Paths))
15 SYSTEMPATH\rewrite.php(44): require_once('E:\\stmik komputama\\Semester 8\\SISTEM\\project_apin\\public\\index.php')
ERROR - 2025-03-17 09:50:15 --> ErrorException: pg_query(): Query failed: ERROR:  operator tidak ada : integer ~~ text
LINE 4: OR  &quot;nis&quot; LIKE '%707%' ESCAPE '!'
                  ^
HINT:  Operator tidak sesuai dengan nama dan tipe argumen. Anda mungkin perlu menambahkan tipe cast eksplisit in E:\stmik komputama\Semester 8\SISTEM\project_apin\system\Database\Postgre\Connection.php:206
Stack trace:
#0 [internal function]: CodeIgniter\Debug\Exceptions->errorHandler(2, 'pg_query(): Que...', 'E:\\stmik komput...', 206)
#1 E:\stmik komputama\Semester 8\SISTEM\project_apin\system\Database\Postgre\Connection.php(206): pg_query(Object(PgSql\Connection), 'SELECT *\nFROM "...')
#2 E:\stmik komputama\Semester 8\SISTEM\project_apin\system\Database\BaseConnection.php(738): CodeIgniter\Database\Postgre\Connection->execute('SELECT *\nFROM "...')
#3 E:\stmik komputama\Semester 8\SISTEM\project_apin\system\Database\BaseConnection.php(652): CodeIgniter\Database\BaseConnection->simpleQuery('SELECT *\nFROM "...')
#4 E:\stmik komputama\Semester 8\SISTEM\project_apin\system\Database\BaseBuilder.php(1649): CodeIgniter\Database\BaseConnection->query('SELECT *\nFROM "...', Array, false)
#5 E:\stmik komputama\Semester 8\SISTEM\project_apin\system\Model.php(286): CodeIgniter\Database\BaseBuilder->get()
#6 E:\stmik komputama\Semester 8\SISTEM\project_apin\system\BaseModel.php(675): CodeIgniter\Model->doFindAll(10, 0)
#7 E:\stmik komputama\Semester 8\SISTEM\project_apin\app\Controllers\Pembayaran.php(62): CodeIgniter\BaseModel->findAll(10)
#8 E:\stmik komputama\Semester 8\SISTEM\project_apin\system\CodeIgniter.php(933): App\Controllers\Pembayaran->searchSiswa()
#9 E:\stmik komputama\Semester 8\SISTEM\project_apin\system\CodeIgniter.php(507): CodeIgniter\CodeIgniter->runController(Object(App\Controllers\Pembayaran))
#10 E:\stmik komputama\Semester 8\SISTEM\project_apin\system\CodeIgniter.php(354): CodeIgniter\CodeIgniter->handleRequest(NULL, Object(Config\Cache), false)
#11 E:\stmik komputama\Semester 8\SISTEM\project_apin\system\Boot.php(334): CodeIgniter\CodeIgniter->run()
#12 E:\stmik komputama\Semester 8\SISTEM\project_apin\system\Boot.php(67): CodeIgniter\Boot::runCodeIgniter(Object(CodeIgniter\CodeIgniter))
#13 E:\stmik komputama\Semester 8\SISTEM\project_apin\public\index.php(56): CodeIgniter\Boot::bootWeb(Object(Config\Paths))
#14 E:\stmik komputama\Semester 8\SISTEM\project_apin\system\rewrite.php(44): require_once('E:\\stmik komput...')
#15 {main}
CRITICAL - 2025-03-17 09:50:15 --> CodeIgniter\Database\Exceptions\DatabaseException: pg_query(): Query failed: ERROR:  operator tidak ada : integer ~~ text
LINE 4: OR  &quot;nis&quot; LIKE '%707%' ESCAPE '!'
                  ^
HINT:  Operator tidak sesuai dengan nama dan tipe argumen. Anda mungkin perlu menambahkan tipe cast eksplisit
[Method: GET, Route: pembayaran/searchSiswa]
in SYSTEMPATH\Database\BaseConnection.php on line 692.
 1 SYSTEMPATH\Database\BaseBuilder.php(1649): CodeIgniter\Database\BaseConnection->query('SELECT *
FROM "siswa"
WHERE "name" LIKE :name: ESCAPE \'!\'
OR  "nis" LIKE :nis: ESCAPE \'!\'
 LIMIT 10', [...], false)
 2 SYSTEMPATH\Model.php(286): CodeIgniter\Database\BaseBuilder->get()
 3 SYSTEMPATH\BaseModel.php(675): CodeIgniter\Model->doFindAll(10, 0)
 4 APPPATH\Controllers\Pembayaran.php(62): CodeIgniter\BaseModel->findAll(10)
 5 SYSTEMPATH\CodeIgniter.php(933): App\Controllers\Pembayaran->searchSiswa()
 6 SYSTEMPATH\CodeIgniter.php(507): CodeIgniter\CodeIgniter->runController(Object(App\Controllers\Pembayaran))
 7 SYSTEMPATH\CodeIgniter.php(354): CodeIgniter\CodeIgniter->handleRequest(null, Object(Config\Cache), false)
 8 SYSTEMPATH\Boot.php(334): CodeIgniter\CodeIgniter->run()
 9 SYSTEMPATH\Boot.php(67): CodeIgniter\Boot::runCodeIgniter(Object(CodeIgniter\CodeIgniter))
10 FCPATH\index.php(56): CodeIgniter\Boot::bootWeb(Object(Config\Paths))
11 SYSTEMPATH\rewrite.php(44): require_once('E:\\stmik komputama\\Semester 8\\SISTEM\\project_apin\\public\\index.php')
CRITICAL - 2025-03-17 09:50:15 --> [Caused by] CodeIgniter\Database\Exceptions\DatabaseException: pg_query(): Query failed: ERROR:  operator tidak ada : integer ~~ text
LINE 4: OR  &quot;nis&quot; LIKE '%707%' ESCAPE '!'
                  ^
HINT:  Operator tidak sesuai dengan nama dan tipe argumen. Anda mungkin perlu menambahkan tipe cast eksplisit
in SYSTEMPATH\Database\Postgre\Connection.php on line 211.
 1 SYSTEMPATH\Database\BaseConnection.php(738): CodeIgniter\Database\Postgre\Connection->execute('SELECT *
FROM "siswa"
WHERE "name" LIKE \'%707%\' ESCAPE \'!\'
OR  "nis" LIKE \'%707%\' ESCAPE \'!\'
 LIMIT 10')
 2 SYSTEMPATH\Database\BaseConnection.php(652): CodeIgniter\Database\BaseConnection->simpleQuery('SELECT *
FROM "siswa"
WHERE "name" LIKE \'%707%\' ESCAPE \'!\'
OR  "nis" LIKE \'%707%\' ESCAPE \'!\'
 LIMIT 10')
 3 SYSTEMPATH\Database\BaseBuilder.php(1649): CodeIgniter\Database\BaseConnection->query('SELECT *
FROM "siswa"
WHERE "name" LIKE :name: ESCAPE \'!\'
OR  "nis" LIKE :nis: ESCAPE \'!\'
 LIMIT 10', [...], false)
 4 SYSTEMPATH\Model.php(286): CodeIgniter\Database\BaseBuilder->get()
 5 SYSTEMPATH\BaseModel.php(675): CodeIgniter\Model->doFindAll(10, 0)
 6 APPPATH\Controllers\Pembayaran.php(62): CodeIgniter\BaseModel->findAll(10)
 7 SYSTEMPATH\CodeIgniter.php(933): App\Controllers\Pembayaran->searchSiswa()
 8 SYSTEMPATH\CodeIgniter.php(507): CodeIgniter\CodeIgniter->runController(Object(App\Controllers\Pembayaran))
 9 SYSTEMPATH\CodeIgniter.php(354): CodeIgniter\CodeIgniter->handleRequest(null, Object(Config\Cache), false)
10 SYSTEMPATH\Boot.php(334): CodeIgniter\CodeIgniter->run()
11 SYSTEMPATH\Boot.php(67): CodeIgniter\Boot::runCodeIgniter(Object(CodeIgniter\CodeIgniter))
12 FCPATH\index.php(56): CodeIgniter\Boot::bootWeb(Object(Config\Paths))
13 SYSTEMPATH\rewrite.php(44): require_once('E:\\stmik komputama\\Semester 8\\SISTEM\\project_apin\\public\\index.php')
CRITICAL - 2025-03-17 09:50:15 --> [Caused by] ErrorException: pg_query(): Query failed: ERROR:  operator tidak ada : integer ~~ text
LINE 4: OR  &quot;nis&quot; LIKE '%707%' ESCAPE '!'
                  ^
HINT:  Operator tidak sesuai dengan nama dan tipe argumen. Anda mungkin perlu menambahkan tipe cast eksplisit
in SYSTEMPATH\Database\Postgre\Connection.php on line 206.
 1 [internal function]: CodeIgniter\Debug\Exceptions->errorHandler(2, 'pg_query(): Query failed: ERROR:  operator tidak ada : integer ~~ text
LINE 4: OR  &quot;nis&quot; LIKE \'%707%\' ESCAPE \'!\'
                  ^
HINT:  Operator tidak sesuai dengan nama dan tipe argumen. Anda mungkin perlu menambahkan tipe cast eksplisit', 'E:\\stmik komputama\\Semester 8\\SISTEM\\project_apin\\system\\Database\\Postgre\\Connection.php', 206)
 2 SYSTEMPATH\Database\Postgre\Connection.php(206): pg_query(Object(PgSql\Connection), 'SELECT *
FROM "siswa"
WHERE "name" LIKE \'%707%\' ESCAPE \'!\'
OR  "nis" LIKE \'%707%\' ESCAPE \'!\'
 LIMIT 10')
 3 SYSTEMPATH\Database\BaseConnection.php(738): CodeIgniter\Database\Postgre\Connection->execute('SELECT *
FROM "siswa"
WHERE "name" LIKE \'%707%\' ESCAPE \'!\'
OR  "nis" LIKE \'%707%\' ESCAPE \'!\'
 LIMIT 10')
 4 SYSTEMPATH\Database\BaseConnection.php(652): CodeIgniter\Database\BaseConnection->simpleQuery('SELECT *
FROM "siswa"
WHERE "name" LIKE \'%707%\' ESCAPE \'!\'
OR  "nis" LIKE \'%707%\' ESCAPE \'!\'
 LIMIT 10')
 5 SYSTEMPATH\Database\BaseBuilder.php(1649): CodeIgniter\Database\BaseConnection->query('SELECT *
FROM "siswa"
WHERE "name" LIKE :name: ESCAPE \'!\'
OR  "nis" LIKE :nis: ESCAPE \'!\'
 LIMIT 10', [...], false)
 6 SYSTEMPATH\Model.php(286): CodeIgniter\Database\BaseBuilder->get()
 7 SYSTEMPATH\BaseModel.php(675): CodeIgniter\Model->doFindAll(10, 0)
 8 APPPATH\Controllers\Pembayaran.php(62): CodeIgniter\BaseModel->findAll(10)
 9 SYSTEMPATH\CodeIgniter.php(933): App\Controllers\Pembayaran->searchSiswa()
10 SYSTEMPATH\CodeIgniter.php(507): CodeIgniter\CodeIgniter->runController(Object(App\Controllers\Pembayaran))
11 SYSTEMPATH\CodeIgniter.php(354): CodeIgniter\CodeIgniter->handleRequest(null, Object(Config\Cache), false)
12 SYSTEMPATH\Boot.php(334): CodeIgniter\CodeIgniter->run()
13 SYSTEMPATH\Boot.php(67): CodeIgniter\Boot::runCodeIgniter(Object(CodeIgniter\CodeIgniter))
14 FCPATH\index.php(56): CodeIgniter\Boot::bootWeb(Object(Config\Paths))
15 SYSTEMPATH\rewrite.php(44): require_once('E:\\stmik komputama\\Semester 8\\SISTEM\\project_apin\\public\\index.php')
ERROR - 2025-03-17 09:50:17 --> ErrorException: pg_query(): Query failed: ERROR:  operator tidak ada : integer ~~ text
LINE 4: OR  &quot;nis&quot; LIKE '%707%' ESCAPE '!'
                  ^
HINT:  Operator tidak sesuai dengan nama dan tipe argumen. Anda mungkin perlu menambahkan tipe cast eksplisit in E:\stmik komputama\Semester 8\SISTEM\project_apin\system\Database\Postgre\Connection.php:206
Stack trace:
#0 [internal function]: CodeIgniter\Debug\Exceptions->errorHandler(2, 'pg_query(): Que...', 'E:\\stmik komput...', 206)
#1 E:\stmik komputama\Semester 8\SISTEM\project_apin\system\Database\Postgre\Connection.php(206): pg_query(Object(PgSql\Connection), 'SELECT *\nFROM "...')
#2 E:\stmik komputama\Semester 8\SISTEM\project_apin\system\Database\BaseConnection.php(738): CodeIgniter\Database\Postgre\Connection->execute('SELECT *\nFROM "...')
#3 E:\stmik komputama\Semester 8\SISTEM\project_apin\system\Database\BaseConnection.php(652): CodeIgniter\Database\BaseConnection->simpleQuery('SELECT *\nFROM "...')
#4 E:\stmik komputama\Semester 8\SISTEM\project_apin\system\Database\BaseBuilder.php(1649): CodeIgniter\Database\BaseConnection->query('SELECT *\nFROM "...', Array, false)
#5 E:\stmik komputama\Semester 8\SISTEM\project_apin\system\Model.php(286): CodeIgniter\Database\BaseBuilder->get()
#6 E:\stmik komputama\Semester 8\SISTEM\project_apin\system\BaseModel.php(675): CodeIgniter\Model->doFindAll(10, 0)
#7 E:\stmik komputama\Semester 8\SISTEM\project_apin\app\Controllers\Pembayaran.php(62): CodeIgniter\BaseModel->findAll(10)
#8 E:\stmik komputama\Semester 8\SISTEM\project_apin\system\CodeIgniter.php(933): App\Controllers\Pembayaran->searchSiswa()
#9 E:\stmik komputama\Semester 8\SISTEM\project_apin\system\CodeIgniter.php(507): CodeIgniter\CodeIgniter->runController(Object(App\Controllers\Pembayaran))
#10 E:\stmik komputama\Semester 8\SISTEM\project_apin\system\CodeIgniter.php(354): CodeIgniter\CodeIgniter->handleRequest(NULL, Object(Config\Cache), false)
#11 E:\stmik komputama\Semester 8\SISTEM\project_apin\system\Boot.php(334): CodeIgniter\CodeIgniter->run()
#12 E:\stmik komputama\Semester 8\SISTEM\project_apin\system\Boot.php(67): CodeIgniter\Boot::runCodeIgniter(Object(CodeIgniter\CodeIgniter))
#13 E:\stmik komputama\Semester 8\SISTEM\project_apin\public\index.php(56): CodeIgniter\Boot::bootWeb(Object(Config\Paths))
#14 E:\stmik komputama\Semester 8\SISTEM\project_apin\system\rewrite.php(44): require_once('E:\\stmik komput...')
#15 {main}
CRITICAL - 2025-03-17 09:50:17 --> CodeIgniter\Database\Exceptions\DatabaseException: pg_query(): Query failed: ERROR:  operator tidak ada : integer ~~ text
LINE 4: OR  &quot;nis&quot; LIKE '%707%' ESCAPE '!'
                  ^
HINT:  Operator tidak sesuai dengan nama dan tipe argumen. Anda mungkin perlu menambahkan tipe cast eksplisit
[Method: GET, Route: pembayaran/searchSiswa]
in SYSTEMPATH\Database\BaseConnection.php on line 692.
 1 SYSTEMPATH\Database\BaseBuilder.php(1649): CodeIgniter\Database\BaseConnection->query('SELECT *
FROM "siswa"
WHERE "name" LIKE :name: ESCAPE \'!\'
OR  "nis" LIKE :nis: ESCAPE \'!\'
 LIMIT 10', [...], false)
 2 SYSTEMPATH\Model.php(286): CodeIgniter\Database\BaseBuilder->get()
 3 SYSTEMPATH\BaseModel.php(675): CodeIgniter\Model->doFindAll(10, 0)
 4 APPPATH\Controllers\Pembayaran.php(62): CodeIgniter\BaseModel->findAll(10)
 5 SYSTEMPATH\CodeIgniter.php(933): App\Controllers\Pembayaran->searchSiswa()
 6 SYSTEMPATH\CodeIgniter.php(507): CodeIgniter\CodeIgniter->runController(Object(App\Controllers\Pembayaran))
 7 SYSTEMPATH\CodeIgniter.php(354): CodeIgniter\CodeIgniter->handleRequest(null, Object(Config\Cache), false)
 8 SYSTEMPATH\Boot.php(334): CodeIgniter\CodeIgniter->run()
 9 SYSTEMPATH\Boot.php(67): CodeIgniter\Boot::runCodeIgniter(Object(CodeIgniter\CodeIgniter))
10 FCPATH\index.php(56): CodeIgniter\Boot::bootWeb(Object(Config\Paths))
11 SYSTEMPATH\rewrite.php(44): require_once('E:\\stmik komputama\\Semester 8\\SISTEM\\project_apin\\public\\index.php')
CRITICAL - 2025-03-17 09:50:17 --> [Caused by] CodeIgniter\Database\Exceptions\DatabaseException: pg_query(): Query failed: ERROR:  operator tidak ada : integer ~~ text
LINE 4: OR  &quot;nis&quot; LIKE '%707%' ESCAPE '!'
                  ^
HINT:  Operator tidak sesuai dengan nama dan tipe argumen. Anda mungkin perlu menambahkan tipe cast eksplisit
in SYSTEMPATH\Database\Postgre\Connection.php on line 211.
 1 SYSTEMPATH\Database\BaseConnection.php(738): CodeIgniter\Database\Postgre\Connection->execute('SELECT *
FROM "siswa"
WHERE "name" LIKE \'%707%\' ESCAPE \'!\'
OR  "nis" LIKE \'%707%\' ESCAPE \'!\'
 LIMIT 10')
 2 SYSTEMPATH\Database\BaseConnection.php(652): CodeIgniter\Database\BaseConnection->simpleQuery('SELECT *
FROM "siswa"
WHERE "name" LIKE \'%707%\' ESCAPE \'!\'
OR  "nis" LIKE \'%707%\' ESCAPE \'!\'
 LIMIT 10')
 3 SYSTEMPATH\Database\BaseBuilder.php(1649): CodeIgniter\Database\BaseConnection->query('SELECT *
FROM "siswa"
WHERE "name" LIKE :name: ESCAPE \'!\'
OR  "nis" LIKE :nis: ESCAPE \'!\'
 LIMIT 10', [...], false)
 4 SYSTEMPATH\Model.php(286): CodeIgniter\Database\BaseBuilder->get()
 5 SYSTEMPATH\BaseModel.php(675): CodeIgniter\Model->doFindAll(10, 0)
 6 APPPATH\Controllers\Pembayaran.php(62): CodeIgniter\BaseModel->findAll(10)
 7 SYSTEMPATH\CodeIgniter.php(933): App\Controllers\Pembayaran->searchSiswa()
 8 SYSTEMPATH\CodeIgniter.php(507): CodeIgniter\CodeIgniter->runController(Object(App\Controllers\Pembayaran))
 9 SYSTEMPATH\CodeIgniter.php(354): CodeIgniter\CodeIgniter->handleRequest(null, Object(Config\Cache), false)
10 SYSTEMPATH\Boot.php(334): CodeIgniter\CodeIgniter->run()
11 SYSTEMPATH\Boot.php(67): CodeIgniter\Boot::runCodeIgniter(Object(CodeIgniter\CodeIgniter))
12 FCPATH\index.php(56): CodeIgniter\Boot::bootWeb(Object(Config\Paths))
13 SYSTEMPATH\rewrite.php(44): require_once('E:\\stmik komputama\\Semester 8\\SISTEM\\project_apin\\public\\index.php')
CRITICAL - 2025-03-17 09:50:17 --> [Caused by] ErrorException: pg_query(): Query failed: ERROR:  operator tidak ada : integer ~~ text
LINE 4: OR  &quot;nis&quot; LIKE '%707%' ESCAPE '!'
                  ^
HINT:  Operator tidak sesuai dengan nama dan tipe argumen. Anda mungkin perlu menambahkan tipe cast eksplisit
in SYSTEMPATH\Database\Postgre\Connection.php on line 206.
 1 [internal function]: CodeIgniter\Debug\Exceptions->errorHandler(2, 'pg_query(): Query failed: ERROR:  operator tidak ada : integer ~~ text
LINE 4: OR  &quot;nis&quot; LIKE \'%707%\' ESCAPE \'!\'
                  ^
HINT:  Operator tidak sesuai dengan nama dan tipe argumen. Anda mungkin perlu menambahkan tipe cast eksplisit', 'E:\\stmik komputama\\Semester 8\\SISTEM\\project_apin\\system\\Database\\Postgre\\Connection.php', 206)
 2 SYSTEMPATH\Database\Postgre\Connection.php(206): pg_query(Object(PgSql\Connection), 'SELECT *
FROM "siswa"
WHERE "name" LIKE \'%707%\' ESCAPE \'!\'
OR  "nis" LIKE \'%707%\' ESCAPE \'!\'
 LIMIT 10')
 3 SYSTEMPATH\Database\BaseConnection.php(738): CodeIgniter\Database\Postgre\Connection->execute('SELECT *
FROM "siswa"
WHERE "name" LIKE \'%707%\' ESCAPE \'!\'
OR  "nis" LIKE \'%707%\' ESCAPE \'!\'
 LIMIT 10')
 4 SYSTEMPATH\Database\BaseConnection.php(652): CodeIgniter\Database\BaseConnection->simpleQuery('SELECT *
FROM "siswa"
WHERE "name" LIKE \'%707%\' ESCAPE \'!\'
OR  "nis" LIKE \'%707%\' ESCAPE \'!\'
 LIMIT 10')
 5 SYSTEMPATH\Database\BaseBuilder.php(1649): CodeIgniter\Database\BaseConnection->query('SELECT *
FROM "siswa"
WHERE "name" LIKE :name: ESCAPE \'!\'
OR  "nis" LIKE :nis: ESCAPE \'!\'
 LIMIT 10', [...], false)
 6 SYSTEMPATH\Model.php(286): CodeIgniter\Database\BaseBuilder->get()
 7 SYSTEMPATH\BaseModel.php(675): CodeIgniter\Model->doFindAll(10, 0)
 8 APPPATH\Controllers\Pembayaran.php(62): CodeIgniter\BaseModel->findAll(10)
 9 SYSTEMPATH\CodeIgniter.php(933): App\Controllers\Pembayaran->searchSiswa()
10 SYSTEMPATH\CodeIgniter.php(507): CodeIgniter\CodeIgniter->runController(Object(App\Controllers\Pembayaran))
11 SYSTEMPATH\CodeIgniter.php(354): CodeIgniter\CodeIgniter->handleRequest(null, Object(Config\Cache), false)
12 SYSTEMPATH\Boot.php(334): CodeIgniter\CodeIgniter->run()
13 SYSTEMPATH\Boot.php(67): CodeIgniter\Boot::runCodeIgniter(Object(CodeIgniter\CodeIgniter))
14 FCPATH\index.php(56): CodeIgniter\Boot::bootWeb(Object(Config\Paths))
15 SYSTEMPATH\rewrite.php(44): require_once('E:\\stmik komputama\\Semester 8\\SISTEM\\project_apin\\public\\index.php')
ERROR - 2025-03-17 09:50:31 --> ErrorException: pg_query(): Query failed: ERROR:  operator tidak ada : integer ~~ text
LINE 4: OR  &quot;nis&quot; LIKE '%70%' ESCAPE '!'
                  ^
HINT:  Operator tidak sesuai dengan nama dan tipe argumen. Anda mungkin perlu menambahkan tipe cast eksplisit in E:\stmik komputama\Semester 8\SISTEM\project_apin\system\Database\Postgre\Connection.php:206
Stack trace:
#0 [internal function]: CodeIgniter\Debug\Exceptions->errorHandler(2, 'pg_query(): Que...', 'E:\\stmik komput...', 206)
#1 E:\stmik komputama\Semester 8\SISTEM\project_apin\system\Database\Postgre\Connection.php(206): pg_query(Object(PgSql\Connection), 'SELECT *\nFROM "...')
#2 E:\stmik komputama\Semester 8\SISTEM\project_apin\system\Database\BaseConnection.php(738): CodeIgniter\Database\Postgre\Connection->execute('SELECT *\nFROM "...')
#3 E:\stmik komputama\Semester 8\SISTEM\project_apin\system\Database\BaseConnection.php(652): CodeIgniter\Database\BaseConnection->simpleQuery('SELECT *\nFROM "...')
#4 E:\stmik komputama\Semester 8\SISTEM\project_apin\system\Database\BaseBuilder.php(1649): CodeIgniter\Database\BaseConnection->query('SELECT *\nFROM "...', Array, false)
#5 E:\stmik komputama\Semester 8\SISTEM\project_apin\system\Model.php(286): CodeIgniter\Database\BaseBuilder->get()
#6 E:\stmik komputama\Semester 8\SISTEM\project_apin\system\BaseModel.php(675): CodeIgniter\Model->doFindAll(10, 0)
#7 E:\stmik komputama\Semester 8\SISTEM\project_apin\app\Controllers\Pembayaran.php(62): CodeIgniter\BaseModel->findAll(10)
#8 E:\stmik komputama\Semester 8\SISTEM\project_apin\system\CodeIgniter.php(933): App\Controllers\Pembayaran->searchSiswa()
#9 E:\stmik komputama\Semester 8\SISTEM\project_apin\system\CodeIgniter.php(507): CodeIgniter\CodeIgniter->runController(Object(App\Controllers\Pembayaran))
#10 E:\stmik komputama\Semester 8\SISTEM\project_apin\system\CodeIgniter.php(354): CodeIgniter\CodeIgniter->handleRequest(NULL, Object(Config\Cache), false)
#11 E:\stmik komputama\Semester 8\SISTEM\project_apin\system\Boot.php(334): CodeIgniter\CodeIgniter->run()
#12 E:\stmik komputama\Semester 8\SISTEM\project_apin\system\Boot.php(67): CodeIgniter\Boot::runCodeIgniter(Object(CodeIgniter\CodeIgniter))
#13 E:\stmik komputama\Semester 8\SISTEM\project_apin\public\index.php(56): CodeIgniter\Boot::bootWeb(Object(Config\Paths))
#14 E:\stmik komputama\Semester 8\SISTEM\project_apin\system\rewrite.php(44): require_once('E:\\stmik komput...')
#15 {main}
CRITICAL - 2025-03-17 09:50:31 --> CodeIgniter\Database\Exceptions\DatabaseException: pg_query(): Query failed: ERROR:  operator tidak ada : integer ~~ text
LINE 4: OR  &quot;nis&quot; LIKE '%70%' ESCAPE '!'
                  ^
HINT:  Operator tidak sesuai dengan nama dan tipe argumen. Anda mungkin perlu menambahkan tipe cast eksplisit
[Method: GET, Route: pembayaran/searchSiswa]
in SYSTEMPATH\Database\BaseConnection.php on line 692.
 1 SYSTEMPATH\Database\BaseBuilder.php(1649): CodeIgniter\Database\BaseConnection->query('SELECT *
FROM "siswa"
WHERE "name" LIKE :name: ESCAPE \'!\'
OR  "nis" LIKE :nis: ESCAPE \'!\'
 LIMIT 10', [...], false)
 2 SYSTEMPATH\Model.php(286): CodeIgniter\Database\BaseBuilder->get()
 3 SYSTEMPATH\BaseModel.php(675): CodeIgniter\Model->doFindAll(10, 0)
 4 APPPATH\Controllers\Pembayaran.php(62): CodeIgniter\BaseModel->findAll(10)
 5 SYSTEMPATH\CodeIgniter.php(933): App\Controllers\Pembayaran->searchSiswa()
 6 SYSTEMPATH\CodeIgniter.php(507): CodeIgniter\CodeIgniter->runController(Object(App\Controllers\Pembayaran))
 7 SYSTEMPATH\CodeIgniter.php(354): CodeIgniter\CodeIgniter->handleRequest(null, Object(Config\Cache), false)
 8 SYSTEMPATH\Boot.php(334): CodeIgniter\CodeIgniter->run()
 9 SYSTEMPATH\Boot.php(67): CodeIgniter\Boot::runCodeIgniter(Object(CodeIgniter\CodeIgniter))
10 FCPATH\index.php(56): CodeIgniter\Boot::bootWeb(Object(Config\Paths))
11 SYSTEMPATH\rewrite.php(44): require_once('E:\\stmik komputama\\Semester 8\\SISTEM\\project_apin\\public\\index.php')
CRITICAL - 2025-03-17 09:50:31 --> [Caused by] CodeIgniter\Database\Exceptions\DatabaseException: pg_query(): Query failed: ERROR:  operator tidak ada : integer ~~ text
LINE 4: OR  &quot;nis&quot; LIKE '%70%' ESCAPE '!'
                  ^
HINT:  Operator tidak sesuai dengan nama dan tipe argumen. Anda mungkin perlu menambahkan tipe cast eksplisit
in SYSTEMPATH\Database\Postgre\Connection.php on line 211.
 1 SYSTEMPATH\Database\BaseConnection.php(738): CodeIgniter\Database\Postgre\Connection->execute('SELECT *
FROM "siswa"
WHERE "name" LIKE \'%70%\' ESCAPE \'!\'
OR  "nis" LIKE \'%70%\' ESCAPE \'!\'
 LIMIT 10')
 2 SYSTEMPATH\Database\BaseConnection.php(652): CodeIgniter\Database\BaseConnection->simpleQuery('SELECT *
FROM "siswa"
WHERE "name" LIKE \'%70%\' ESCAPE \'!\'
OR  "nis" LIKE \'%70%\' ESCAPE \'!\'
 LIMIT 10')
 3 SYSTEMPATH\Database\BaseBuilder.php(1649): CodeIgniter\Database\BaseConnection->query('SELECT *
FROM "siswa"
WHERE "name" LIKE :name: ESCAPE \'!\'
OR  "nis" LIKE :nis: ESCAPE \'!\'
 LIMIT 10', [...], false)
 4 SYSTEMPATH\Model.php(286): CodeIgniter\Database\BaseBuilder->get()
 5 SYSTEMPATH\BaseModel.php(675): CodeIgniter\Model->doFindAll(10, 0)
 6 APPPATH\Controllers\Pembayaran.php(62): CodeIgniter\BaseModel->findAll(10)
 7 SYSTEMPATH\CodeIgniter.php(933): App\Controllers\Pembayaran->searchSiswa()
 8 SYSTEMPATH\CodeIgniter.php(507): CodeIgniter\CodeIgniter->runController(Object(App\Controllers\Pembayaran))
 9 SYSTEMPATH\CodeIgniter.php(354): CodeIgniter\CodeIgniter->handleRequest(null, Object(Config\Cache), false)
10 SYSTEMPATH\Boot.php(334): CodeIgniter\CodeIgniter->run()
11 SYSTEMPATH\Boot.php(67): CodeIgniter\Boot::runCodeIgniter(Object(CodeIgniter\CodeIgniter))
12 FCPATH\index.php(56): CodeIgniter\Boot::bootWeb(Object(Config\Paths))
13 SYSTEMPATH\rewrite.php(44): require_once('E:\\stmik komputama\\Semester 8\\SISTEM\\project_apin\\public\\index.php')
CRITICAL - 2025-03-17 09:50:31 --> [Caused by] ErrorException: pg_query(): Query failed: ERROR:  operator tidak ada : integer ~~ text
LINE 4: OR  &quot;nis&quot; LIKE '%70%' ESCAPE '!'
                  ^
HINT:  Operator tidak sesuai dengan nama dan tipe argumen. Anda mungkin perlu menambahkan tipe cast eksplisit
in SYSTEMPATH\Database\Postgre\Connection.php on line 206.
 1 [internal function]: CodeIgniter\Debug\Exceptions->errorHandler(2, 'pg_query(): Query failed: ERROR:  operator tidak ada : integer ~~ text
LINE 4: OR  &quot;nis&quot; LIKE \'%70%\' ESCAPE \'!\'
                  ^
HINT:  Operator tidak sesuai dengan nama dan tipe argumen. Anda mungkin perlu menambahkan tipe cast eksplisit', 'E:\\stmik komputama\\Semester 8\\SISTEM\\project_apin\\system\\Database\\Postgre\\Connection.php', 206)
 2 SYSTEMPATH\Database\Postgre\Connection.php(206): pg_query(Object(PgSql\Connection), 'SELECT *
FROM "siswa"
WHERE "name" LIKE \'%70%\' ESCAPE \'!\'
OR  "nis" LIKE \'%70%\' ESCAPE \'!\'
 LIMIT 10')
 3 SYSTEMPATH\Database\BaseConnection.php(738): CodeIgniter\Database\Postgre\Connection->execute('SELECT *
FROM "siswa"
WHERE "name" LIKE \'%70%\' ESCAPE \'!\'
OR  "nis" LIKE \'%70%\' ESCAPE \'!\'
 LIMIT 10')
 4 SYSTEMPATH\Database\BaseConnection.php(652): CodeIgniter\Database\BaseConnection->simpleQuery('SELECT *
FROM "siswa"
WHERE "name" LIKE \'%70%\' ESCAPE \'!\'
OR  "nis" LIKE \'%70%\' ESCAPE \'!\'
 LIMIT 10')
 5 SYSTEMPATH\Database\BaseBuilder.php(1649): CodeIgniter\Database\BaseConnection->query('SELECT *
FROM "siswa"
WHERE "name" LIKE :name: ESCAPE \'!\'
OR  "nis" LIKE :nis: ESCAPE \'!\'
 LIMIT 10', [...], false)
 6 SYSTEMPATH\Model.php(286): CodeIgniter\Database\BaseBuilder->get()
 7 SYSTEMPATH\BaseModel.php(675): CodeIgniter\Model->doFindAll(10, 0)
 8 APPPATH\Controllers\Pembayaran.php(62): CodeIgniter\BaseModel->findAll(10)
 9 SYSTEMPATH\CodeIgniter.php(933): App\Controllers\Pembayaran->searchSiswa()
10 SYSTEMPATH\CodeIgniter.php(507): CodeIgniter\CodeIgniter->runController(Object(App\Controllers\Pembayaran))
11 SYSTEMPATH\CodeIgniter.php(354): CodeIgniter\CodeIgniter->handleRequest(null, Object(Config\Cache), false)
12 SYSTEMPATH\Boot.php(334): CodeIgniter\CodeIgniter->run()
13 SYSTEMPATH\Boot.php(67): CodeIgniter\Boot::runCodeIgniter(Object(CodeIgniter\CodeIgniter))
14 FCPATH\index.php(56): CodeIgniter\Boot::bootWeb(Object(Config\Paths))
15 SYSTEMPATH\rewrite.php(44): require_once('E:\\stmik komputama\\Semester 8\\SISTEM\\project_apin\\public\\index.php')
DEBUG - 2025-03-17 09:51:32 --> Session: Class initialized using 'CodeIgniter\Session\Handlers\FileHandler' driver.
DEBUG - 2025-03-17 09:54:31 --> Session: Class initialized using 'CodeIgniter\Session\Handlers\FileHandler' driver.
WARNING - 2025-03-17 09:56:55 --> [DEPRECATED] strtolower(): Passing null to parameter #1 ($string) of type string is deprecated in APPPATH\Models\SiswaModel.php on line 26.
 1 APPPATH\Models\SiswaModel.php(26): strtolower(null)
 2 APPPATH\Controllers\Pembayaran.php(63): App\Models\SiswaModel->search(null)
 3 SYSTEMPATH\CodeIgniter.php(933): App\Controllers\Pembayaran->searchSiswa()
 4 SYSTEMPATH\CodeIgniter.php(507): CodeIgniter\CodeIgniter->runController(Object(App\Controllers\Pembayaran))
 5 SYSTEMPATH\CodeIgniter.php(354): CodeIgniter\CodeIgniter->handleRequest(null, Object(Config\Cache), false)
 6 SYSTEMPATH\Boot.php(334): CodeIgniter\CodeIgniter->run()
 7 SYSTEMPATH\Boot.php(67): CodeIgniter\Boot::runCodeIgniter(Object(CodeIgniter\CodeIgniter))
 8 FCPATH\index.php(56): CodeIgniter\Boot::bootWeb(Object(Config\Paths))
 9 SYSTEMPATH\rewrite.php(44): require_once('E:\\stmik komputama\\Semester 8\\SISTEM\\project_apin\\public\\index.php')
DEBUG - 2025-03-17 09:58:01 --> Session: Class initialized using 'CodeIgniter\Session\Handlers\FileHandler' driver.
CRITICAL - 2025-03-17 09:58:07 --> ErrorException: Undefined variable $kelas
[Method: GET, Route: pembayaran/getInfaqByKelas]
in APPPATH\Controllers\Pembayaran.php on line 73.
 1 APPPATH\Controllers\Pembayaran.php(73): CodeIgniter\Debug\Exceptions->errorHandler(2, 'Undefined variable $kelas', 'E:\\stmik komputama\\Semester 8\\SISTEM\\project_apin\\app\\Controllers\\Pembayaran.php', 73)
 2 SYSTEMPATH\CodeIgniter.php(933): App\Controllers\Pembayaran->getInfaqByKelas()
 3 SYSTEMPATH\CodeIgniter.php(507): CodeIgniter\CodeIgniter->runController(Object(App\Controllers\Pembayaran))
 4 SYSTEMPATH\CodeIgniter.php(354): CodeIgniter\CodeIgniter->handleRequest(null, Object(Config\Cache), false)
 5 SYSTEMPATH\Boot.php(334): CodeIgniter\CodeIgniter->run()
 6 SYSTEMPATH\Boot.php(67): CodeIgniter\Boot::runCodeIgniter(Object(CodeIgniter\CodeIgniter))
 7 FCPATH\index.php(56): CodeIgniter\Boot::bootWeb(Object(Config\Paths))
 8 SYSTEMPATH\rewrite.php(44): require_once('E:\\stmik komputama\\Semester 8\\SISTEM\\project_apin\\public\\index.php')
DEBUG - 2025-03-17 10:06:30 --> Session: Class initialized using 'CodeIgniter\Session\Handlers\FileHandler' driver.
DEBUG - 2025-03-17 10:08:33 --> Session: Class initialized using 'CodeIgniter\Session\Handlers\FileHandler' driver.
DEBUG - 2025-03-17 10:10:17 --> Session: Class initialized using 'CodeIgniter\Session\Handlers\FileHandler' driver.
DEBUG - 2025-03-17 10:11:17 --> Session: Class initialized using 'CodeIgniter\Session\Handlers\FileHandler' driver.
CRITICAL - 2025-03-17 10:11:17 --> ErrorException: Undefined variable $title
[Method: POST, Route: pembayaran/save]
in APPPATH\Views\header.php on line 8.
 1 APPPATH\Views\header.php(8): CodeIgniter\Debug\Exceptions->errorHandler(2, 'Undefined variable $title', 'E:\\stmik komputama\\Semester 8\\SISTEM\\project_apin\\app\\Views\\header.php', 8)
 2 SYSTEMPATH\View\View.php(224): include('E:\\stmik komputama\\Semester 8\\SISTEM\\project_apin\\app\\Views\\header.php')
 3 SYSTEMPATH\View\View.php(227): CodeIgniter\View\View->CodeIgniter\View\{closure}()
 4 SYSTEMPATH\View\View.php(475): CodeIgniter\View\View->render('header', null, true)
 5 APPPATH\Views\dashboardadministrator.php(5): CodeIgniter\View\View->include('header')
 6 SYSTEMPATH\View\View.php(224): include('E:\\stmik komputama\\Semester 8\\SISTEM\\project_apin\\app\\Views\\dashboardadministrator.php')
 7 SYSTEMPATH\View\View.php(227): CodeIgniter\View\View->CodeIgniter\View\{closure}()
 8 SYSTEMPATH\View\View.php(475): CodeIgniter\View\View->render('dashboardadministrator', null, true)
 9 APPPATH\Views\pembayaran.php(1): CodeIgniter\View\View->include('dashboardadministrator')
10 SYSTEMPATH\View\View.php(224): include('E:\\stmik komputama\\Semester 8\\SISTEM\\project_apin\\app\\Views\\pembayaran.php')
11 SYSTEMPATH\View\View.php(227): CodeIgniter\View\View->CodeIgniter\View\{closure}()
12 SYSTEMPATH\Common.php(1173): CodeIgniter\View\View->render('pembayaran', [], true)
13 APPPATH\Controllers\Pembayaran.php(51): view('pembayaran', [...])
14 SYSTEMPATH\CodeIgniter.php(933): App\Controllers\Pembayaran->save()
15 SYSTEMPATH\CodeIgniter.php(507): CodeIgniter\CodeIgniter->runController(Object(App\Controllers\Pembayaran))
16 SYSTEMPATH\CodeIgniter.php(354): CodeIgniter\CodeIgniter->handleRequest(null, Object(Config\Cache), false)
17 SYSTEMPATH\Boot.php(334): CodeIgniter\CodeIgniter->run()
18 SYSTEMPATH\Boot.php(67): CodeIgniter\Boot::runCodeIgniter(Object(CodeIgniter\CodeIgniter))
19 FCPATH\index.php(56): CodeIgniter\Boot::bootWeb(Object(Config\Paths))
20 SYSTEMPATH\rewrite.php(44): require_once('E:\\stmik komputama\\Semester 8\\SISTEM\\project_apin\\public\\index.php')
DEBUG - 2025-03-17 10:13:49 --> Session: Class initialized using 'CodeIgniter\Session\Handlers\FileHandler' driver.
DEBUG - 2025-03-17 10:13:52 --> Session: Class initialized using 'CodeIgniter\Session\Handlers\FileHandler' driver.
DEBUG - 2025-03-17 10:14:08 --> Session: Class initialized using 'CodeIgniter\Session\Handlers\FileHandler' driver.
DEBUG - 2025-03-17 10:16:41 --> Session: Class initialized using 'CodeIgniter\Session\Handlers\FileHandler' driver.
DEBUG - 2025-03-17 10:16:44 --> Session: Class initialized using 'CodeIgniter\Session\Handlers\FileHandler' driver.
DEBUG - 2025-03-17 10:18:15 --> Session: Class initialized using 'CodeIgniter\Session\Handlers\FileHandler' driver.
DEBUG - 2025-03-17 10:18:29 --> Session: Class initialized using 'CodeIgniter\Session\Handlers\FileHandler' driver.
DEBUG - 2025-03-17 10:18:29 --> Session: Class initialized using 'CodeIgniter\Session\Handlers\FileHandler' driver.
DEBUG - 2025-03-17 10:20:36 --> Session: Class initialized using 'CodeIgniter\Session\Handlers\FileHandler' driver.
DEBUG - 2025-03-17 10:21:07 --> Session: Class initialized using 'CodeIgniter\Session\Handlers\FileHandler' driver.
DEBUG - 2025-03-17 10:21:45 --> Session: Class initialized using 'CodeIgniter\Session\Handlers\FileHandler' driver.
DEBUG - 2025-03-17 10:21:58 --> Session: Class initialized using 'CodeIgniter\Session\Handlers\FileHandler' driver.
DEBUG - 2025-03-17 10:22:08 --> Session: Class initialized using 'CodeIgniter\Session\Handlers\FileHandler' driver.
DEBUG - 2025-03-17 10:22:20 --> Session: Class initialized using 'CodeIgniter\Session\Handlers\FileHandler' driver.
DEBUG - 2025-03-17 10:26:56 --> Session: Class initialized using 'CodeIgniter\Session\Handlers\FileHandler' driver.
DEBUG - 2025-03-17 10:26:59 --> Session: Class initialized using 'CodeIgniter\Session\Handlers\FileHandler' driver.
DEBUG - 2025-03-17 10:26:59 --> Session: Class initialized using 'CodeIgniter\Session\Handlers\FileHandler' driver.
DEBUG - 2025-03-17 10:27:03 --> Session: Class initialized using 'CodeIgniter\Session\Handlers\FileHandler' driver.
DEBUG - 2025-03-17 10:27:20 --> Session: Class initialized using 'CodeIgniter\Session\Handlers\FileHandler' driver.
DEBUG - 2025-03-17 10:27:58 --> Session: Class initialized using 'CodeIgniter\Session\Handlers\FileHandler' driver.
DEBUG - 2025-03-17 10:28:53 --> Session: Class initialized using 'CodeIgniter\Session\Handlers\FileHandler' driver.
DEBUG - 2025-03-17 10:28:53 --> Session: Class initialized using 'CodeIgniter\Session\Handlers\FileHandler' driver.
DEBUG - 2025-03-17 10:39:01 --> Session: Class initialized using 'CodeIgniter\Session\Handlers\FileHandler' driver.
DEBUG - 2025-03-17 10:39:07 --> Session: Class initialized using 'CodeIgniter\Session\Handlers\FileHandler' driver.
DEBUG - 2025-03-17 10:39:40 --> Session: Class initialized using 'CodeIgniter\Session\Handlers\FileHandler' driver.
DEBUG - 2025-03-17 10:39:41 --> Session: Class initialized using 'CodeIgniter\Session\Handlers\FileHandler' driver.
DEBUG - 2025-03-17 10:41:41 --> Session: Class initialized using 'CodeIgniter\Session\Handlers\FileHandler' driver.
DEBUG - 2025-03-17 10:45:29 --> Session: Class initialized using 'CodeIgniter\Session\Handlers\FileHandler' driver.
DEBUG - 2025-03-17 10:46:18 --> Session: Class initialized using 'CodeIgniter\Session\Handlers\FileHandler' driver.
DEBUG - 2025-03-17 10:46:21 --> Session: Class initialized using 'CodeIgniter\Session\Handlers\FileHandler' driver.
CRITICAL - 2025-03-17 10:46:21 --> ErrorException: Undefined array key "idadmin"
[Method: GET, Route: pembayaran/confirmdeletepembayaran/1]
in APPPATH\Views\confirmdeletepembayaran.php on line 8.
 1 APPPATH\Views\confirmdeletepembayaran.php(8): CodeIgniter\Debug\Exceptions->errorHandler(2, 'Undefined array key "idadmin"', 'E:\\stmik komputama\\Semester 8\\SISTEM\\project_apin\\app\\Views\\confirmdeletepembayaran.php', 8)
 2 SYSTEMPATH\View\View.php(224): include('E:\\stmik komputama\\Semester 8\\SISTEM\\project_apin\\app\\Views\\confirmdeletepembayaran.php')
 3 SYSTEMPATH\View\View.php(227): CodeIgniter\View\View->CodeIgniter\View\{closure}()
 4 SYSTEMPATH\Common.php(1173): CodeIgniter\View\View->render('confirmdeletepembayaran', [], true)
 5 APPPATH\Controllers\Pembayaran.php(99): view('confirmdeletepembayaran', [...])
 6 SYSTEMPATH\CodeIgniter.php(933): App\Controllers\Pembayaran->confirmdelete('1')
 7 SYSTEMPATH\CodeIgniter.php(507): CodeIgniter\CodeIgniter->runController(Object(App\Controllers\Pembayaran))
 8 SYSTEMPATH\CodeIgniter.php(354): CodeIgniter\CodeIgniter->handleRequest(null, Object(Config\Cache), false)
 9 SYSTEMPATH\Boot.php(334): CodeIgniter\CodeIgniter->run()
10 SYSTEMPATH\Boot.php(67): CodeIgniter\Boot::runCodeIgniter(Object(CodeIgniter\CodeIgniter))
11 FCPATH\index.php(56): CodeIgniter\Boot::bootWeb(Object(Config\Paths))
12 SYSTEMPATH\rewrite.php(44): require_once('E:\\stmik komputama\\Semester 8\\SISTEM\\project_apin\\public\\index.php')
DEBUG - 2025-03-17 10:52:56 --> Session: Class initialized using 'CodeIgniter\Session\Handlers\FileHandler' driver.
DEBUG - 2025-03-17 10:52:59 --> Session: Class initialized using 'CodeIgniter\Session\Handlers\FileHandler' driver.
DEBUG - 2025-03-17 10:53:01 --> Session: Class initialized using 'CodeIgniter\Session\Handlers\FileHandler' driver.
CRITICAL - 2025-03-17 10:53:01 --> ErrorException: Undefined variable $p
[Method: GET, Route: pembayaran/confirmdeletepembayaran/1]
in APPPATH\Views\confirmdeletepembayaran.php on line 8.
 1 APPPATH\Views\confirmdeletepembayaran.php(8): CodeIgniter\Debug\Exceptions->errorHandler(2, 'Undefined variable $p', 'E:\\stmik komputama\\Semester 8\\SISTEM\\project_apin\\app\\Views\\confirmdeletepembayaran.php', 8)
 2 SYSTEMPATH\View\View.php(224): include('E:\\stmik komputama\\Semester 8\\SISTEM\\project_apin\\app\\Views\\confirmdeletepembayaran.php')
 3 SYSTEMPATH\View\View.php(227): CodeIgniter\View\View->CodeIgniter\View\{closure}()
 4 SYSTEMPATH\Common.php(1173): CodeIgniter\View\View->render('confirmdeletepembayaran', [], true)
 5 APPPATH\Controllers\Pembayaran.php(99): view('confirmdeletepembayaran', [...])
 6 SYSTEMPATH\CodeIgniter.php(933): App\Controllers\Pembayaran->confirmdelete('1')
 7 SYSTEMPATH\CodeIgniter.php(507): CodeIgniter\CodeIgniter->runController(Object(App\Controllers\Pembayaran))
 8 SYSTEMPATH\CodeIgniter.php(354): CodeIgniter\CodeIgniter->handleRequest(null, Object(Config\Cache), false)
 9 SYSTEMPATH\Boot.php(334): CodeIgniter\CodeIgniter->run()
10 SYSTEMPATH\Boot.php(67): CodeIgniter\Boot::runCodeIgniter(Object(CodeIgniter\CodeIgniter))
11 FCPATH\index.php(56): CodeIgniter\Boot::bootWeb(Object(Config\Paths))
12 SYSTEMPATH\rewrite.php(44): require_once('E:\\stmik komputama\\Semester 8\\SISTEM\\project_apin\\public\\index.php')
DEBUG - 2025-03-17 10:53:17 --> Session: Class initialized using 'CodeIgniter\Session\Handlers\FileHandler' driver.
DEBUG - 2025-03-17 10:53:19 --> Session: Class initialized using 'CodeIgniter\Session\Handlers\FileHandler' driver.
CRITICAL - 2025-03-17 10:53:19 --> TypeError: Cannot access offset of type string on string
[Method: GET, Route: pembayaran/confirmdeletepembayaran/1]
in APPPATH\Views\confirmdeletepembayaran.php on line 8.
 1 SYSTEMPATH\View\View.php(224): include()
 2 SYSTEMPATH\View\View.php(227): CodeIgniter\View\View->CodeIgniter\View\{closure}()
 3 SYSTEMPATH\Common.php(1173): CodeIgniter\View\View->render('confirmdeletepembayaran', [], true)
 4 APPPATH\Controllers\Pembayaran.php(99): view('confirmdeletepembayaran', [...])
 5 SYSTEMPATH\CodeIgniter.php(933): App\Controllers\Pembayaran->confirmdelete('1')
 6 SYSTEMPATH\CodeIgniter.php(507): CodeIgniter\CodeIgniter->runController(Object(App\Controllers\Pembayaran))
 7 SYSTEMPATH\CodeIgniter.php(354): CodeIgniter\CodeIgniter->handleRequest(null, Object(Config\Cache), false)
 8 SYSTEMPATH\Boot.php(334): CodeIgniter\CodeIgniter->run()
 9 SYSTEMPATH\Boot.php(67): CodeIgniter\Boot::runCodeIgniter(Object(CodeIgniter\CodeIgniter))
10 FCPATH\index.php(56): CodeIgniter\Boot::bootWeb(Object(Config\Paths))
11 SYSTEMPATH\rewrite.php(44): require_once('E:\\stmik komputama\\Semester 8\\SISTEM\\project_apin\\public\\index.php')
DEBUG - 2025-03-17 10:53:53 --> Session: Class initialized using 'CodeIgniter\Session\Handlers\FileHandler' driver.
DEBUG - 2025-03-17 10:53:56 --> Session: Class initialized using 'CodeIgniter\Session\Handlers\FileHandler' driver.
CRITICAL - 2025-03-17 10:53:56 --> TypeError: Cannot access offset of type string on string
[Method: GET, Route: pembayaran/confirmdeletepembayaran/1]
in APPPATH\Views\confirmdeletepembayaran.php on line 13.
 1 SYSTEMPATH\View\View.php(224): include()
 2 SYSTEMPATH\View\View.php(227): CodeIgniter\View\View->CodeIgniter\View\{closure}()
 3 SYSTEMPATH\Common.php(1173): CodeIgniter\View\View->render('confirmdeletepembayaran', [], true)
 4 APPPATH\Controllers\Pembayaran.php(99): view('confirmdeletepembayaran', [...])
 5 SYSTEMPATH\CodeIgniter.php(933): App\Controllers\Pembayaran->confirmdelete('1')
 6 SYSTEMPATH\CodeIgniter.php(507): CodeIgniter\CodeIgniter->runController(Object(App\Controllers\Pembayaran))
 7 SYSTEMPATH\CodeIgniter.php(354): CodeIgniter\CodeIgniter->handleRequest(null, Object(Config\Cache), false)
 8 SYSTEMPATH\Boot.php(334): CodeIgniter\CodeIgniter->run()
 9 SYSTEMPATH\Boot.php(67): CodeIgniter\Boot::runCodeIgniter(Object(CodeIgniter\CodeIgniter))
10 FCPATH\index.php(56): CodeIgniter\Boot::bootWeb(Object(Config\Paths))
11 SYSTEMPATH\rewrite.php(44): require_once('E:\\stmik komputama\\Semester 8\\SISTEM\\project_apin\\public\\index.php')
DEBUG - 2025-03-17 10:54:57 --> Session: Class initialized using 'CodeIgniter\Session\Handlers\FileHandler' driver.
DEBUG - 2025-03-17 10:54:59 --> Session: Class initialized using 'CodeIgniter\Session\Handlers\FileHandler' driver.
DEBUG - 2025-03-17 10:55:01 --> Session: Class initialized using 'CodeIgniter\Session\Handlers\FileHandler' driver.
CRITICAL - 2025-03-17 10:55:01 --> ErrorException: Undefined array key "nis"
[Method: GET, Route: pembayaran/confirmdeletepembayaran/1]
in APPPATH\Views\confirmdeletepembayaran.php on line 16.
 1 APPPATH\Views\confirmdeletepembayaran.php(16): CodeIgniter\Debug\Exceptions->errorHandler(2, 'Undefined array key "nis"', 'E:\\stmik komputama\\Semester 8\\SISTEM\\project_apin\\app\\Views\\confirmdeletepembayaran.php', 16)
 2 SYSTEMPATH\View\View.php(224): include('E:\\stmik komputama\\Semester 8\\SISTEM\\project_apin\\app\\Views\\confirmdeletepembayaran.php')
 3 SYSTEMPATH\View\View.php(227): CodeIgniter\View\View->CodeIgniter\View\{closure}()
 4 SYSTEMPATH\Common.php(1173): CodeIgniter\View\View->render('confirmdeletepembayaran', [], true)
 5 APPPATH\Controllers\Pembayaran.php(99): view('confirmdeletepembayaran', [...])
 6 SYSTEMPATH\CodeIgniter.php(933): App\Controllers\Pembayaran->confirmdelete('1')
 7 SYSTEMPATH\CodeIgniter.php(507): CodeIgniter\CodeIgniter->runController(Object(App\Controllers\Pembayaran))
 8 SYSTEMPATH\CodeIgniter.php(354): CodeIgniter\CodeIgniter->handleRequest(null, Object(Config\Cache), false)
 9 SYSTEMPATH\Boot.php(334): CodeIgniter\CodeIgniter->run()
10 SYSTEMPATH\Boot.php(67): CodeIgniter\Boot::runCodeIgniter(Object(CodeIgniter\CodeIgniter))
11 FCPATH\index.php(56): CodeIgniter\Boot::bootWeb(Object(Config\Paths))
12 SYSTEMPATH\rewrite.php(44): require_once('E:\\stmik komputama\\Semester 8\\SISTEM\\project_apin\\public\\index.php')
DEBUG - 2025-03-17 10:55:37 --> Session: Class initialized using 'CodeIgniter\Session\Handlers\FileHandler' driver.
DEBUG - 2025-03-17 10:55:40 --> Session: Class initialized using 'CodeIgniter\Session\Handlers\FileHandler' driver.
CRITICAL - 2025-03-17 10:55:40 --> ErrorException: Undefined array key "nama_siswa"
[Method: GET, Route: pembayaran/confirmdeletepembayaran/1]
in APPPATH\Views\confirmdeletepembayaran.php on line 20.
 1 APPPATH\Views\confirmdeletepembayaran.php(20): CodeIgniter\Debug\Exceptions->errorHandler(2, 'Undefined array key "nama_siswa"', 'E:\\stmik komputama\\Semester 8\\SISTEM\\project_apin\\app\\Views\\confirmdeletepembayaran.php', 20)
 2 SYSTEMPATH\View\View.php(224): include('E:\\stmik komputama\\Semester 8\\SISTEM\\project_apin\\app\\Views\\confirmdeletepembayaran.php')
 3 SYSTEMPATH\View\View.php(227): CodeIgniter\View\View->CodeIgniter\View\{closure}()
 4 SYSTEMPATH\Common.php(1173): CodeIgniter\View\View->render('confirmdeletepembayaran', [], true)
 5 APPPATH\Controllers\Pembayaran.php(99): view('confirmdeletepembayaran', [...])
 6 SYSTEMPATH\CodeIgniter.php(933): App\Controllers\Pembayaran->confirmdelete('1')
 7 SYSTEMPATH\CodeIgniter.php(507): CodeIgniter\CodeIgniter->runController(Object(App\Controllers\Pembayaran))
 8 SYSTEMPATH\CodeIgniter.php(354): CodeIgniter\CodeIgniter->handleRequest(null, Object(Config\Cache), false)
 9 SYSTEMPATH\Boot.php(334): CodeIgniter\CodeIgniter->run()
10 SYSTEMPATH\Boot.php(67): CodeIgniter\Boot::runCodeIgniter(Object(CodeIgniter\CodeIgniter))
11 FCPATH\index.php(56): CodeIgniter\Boot::bootWeb(Object(Config\Paths))
12 SYSTEMPATH\rewrite.php(44): require_once('E:\\stmik komputama\\Semester 8\\SISTEM\\project_apin\\public\\index.php')
DEBUG - 2025-03-17 11:00:46 --> Session: Class initialized using 'CodeIgniter\Session\Handlers\FileHandler' driver.
DEBUG - 2025-03-17 11:00:49 --> Session: Class initialized using 'CodeIgniter\Session\Handlers\FileHandler' driver.
DEBUG - 2025-03-17 11:01:10 --> Session: Class initialized using 'CodeIgniter\Session\Handlers\FileHandler' driver.
DEBUG - 2025-03-17 11:01:10 --> Session: Class initialized using 'CodeIgniter\Session\Handlers\FileHandler' driver.
DEBUG - 2025-03-17 14:03:48 --> Session: Class initialized using 'CodeIgniter\Session\Handlers\FileHandler' driver.
DEBUG - 2025-03-17 14:03:51 --> Session: Class initialized using 'CodeIgniter\Session\Handlers\FileHandler' driver.
DEBUG - 2025-03-17 14:03:52 --> Session: Class initialized using 'CodeIgniter\Session\Handlers\FileHandler' driver.
DEBUG - 2025-03-17 14:03:56 --> Session: Class initialized using 'CodeIgniter\Session\Handlers\FileHandler' driver.
DEBUG - 2025-03-17 14:05:32 --> Session: Class initialized using 'CodeIgniter\Session\Handlers\FileHandler' driver.
DEBUG - 2025-03-17 14:10:19 --> Session: Class initialized using 'CodeIgniter\Session\Handlers\FileHandler' driver.
DEBUG - 2025-03-17 14:10:47 --> Session: Class initialized using 'CodeIgniter\Session\Handlers\FileHandler' driver.
DEBUG - 2025-03-17 14:11:58 --> Session: Class initialized using 'CodeIgniter\Session\Handlers\FileHandler' driver.
DEBUG - 2025-03-17 14:12:33 --> Session: Class initialized using 'CodeIgniter\Session\Handlers\FileHandler' driver.
DEBUG - 2025-03-17 14:13:48 --> Session: Class initialized using 'CodeIgniter\Session\Handlers\FileHandler' driver.
DEBUG - 2025-03-17 14:14:47 --> Session: Class initialized using 'CodeIgniter\Session\Handlers\FileHandler' driver.
DEBUG - 2025-03-17 14:15:37 --> Session: Class initialized using 'CodeIgniter\Session\Handlers\FileHandler' driver.
DEBUG - 2025-03-17 14:15:48 --> Session: Class initialized using 'CodeIgniter\Session\Handlers\FileHandler' driver.
DEBUG - 2025-03-17 14:16:00 --> Session: Class initialized using 'CodeIgniter\Session\Handlers\FileHandler' driver.
DEBUG - 2025-03-17 14:19:48 --> Session: Class initialized using 'CodeIgniter\Session\Handlers\FileHandler' driver.
DEBUG - 2025-03-17 14:26:10 --> Session: Class initialized using 'CodeIgniter\Session\Handlers\FileHandler' driver.
DEBUG - 2025-03-17 14:26:39 --> Session: Class initialized using 'CodeIgniter\Session\Handlers\FileHandler' driver.
DEBUG - 2025-03-17 14:27:56 --> Session: Class initialized using 'CodeIgniter\Session\Handlers\FileHandler' driver.
DEBUG - 2025-03-17 14:28:20 --> Session: Class initialized using 'CodeIgniter\Session\Handlers\FileHandler' driver.
DEBUG - 2025-03-17 14:28:40 --> Session: Class initialized using 'CodeIgniter\Session\Handlers\FileHandler' driver.
DEBUG - 2025-03-17 14:29:13 --> Session: Class initialized using 'CodeIgniter\Session\Handlers\FileHandler' driver.
DEBUG - 2025-03-17 14:29:55 --> Session: Class initialized using 'CodeIgniter\Session\Handlers\FileHandler' driver.
DEBUG - 2025-03-17 14:32:29 --> Session: Class initialized using 'CodeIgniter\Session\Handlers\FileHandler' driver.
DEBUG - 2025-03-17 14:33:29 --> Session: Class initialized using 'CodeIgniter\Session\Handlers\FileHandler' driver.
DEBUG - 2025-03-17 14:34:50 --> Session: Class initialized using 'CodeIgniter\Session\Handlers\FileHandler' driver.
DEBUG - 2025-03-17 14:35:39 --> Session: Class initialized using 'CodeIgniter\Session\Handlers\FileHandler' driver.
DEBUG - 2025-03-17 14:36:41 --> Session: Class initialized using 'CodeIgniter\Session\Handlers\FileHandler' driver.
DEBUG - 2025-03-17 14:38:37 --> Session: Class initialized using 'CodeIgniter\Session\Handlers\FileHandler' driver.
DEBUG - 2025-03-17 14:39:30 --> Session: Class initialized using 'CodeIgniter\Session\Handlers\FileHandler' driver.
DEBUG - 2025-03-17 14:40:30 --> Session: Class initialized using 'CodeIgniter\Session\Handlers\FileHandler' driver.
DEBUG - 2025-03-17 14:41:39 --> Session: Class initialized using 'CodeIgniter\Session\Handlers\FileHandler' driver.
DEBUG - 2025-03-17 14:45:40 --> Session: Class initialized using 'CodeIgniter\Session\Handlers\FileHandler' driver.
DEBUG - 2025-03-17 14:46:32 --> Session: Class initialized using 'CodeIgniter\Session\Handlers\FileHandler' driver.
DEBUG - 2025-03-17 14:47:50 --> Session: Class initialized using 'CodeIgniter\Session\Handlers\FileHandler' driver.
DEBUG - 2025-03-17 14:48:08 --> Session: Class initialized using 'CodeIgniter\Session\Handlers\FileHandler' driver.
DEBUG - 2025-03-17 14:49:08 --> Session: Class initialized using 'CodeIgniter\Session\Handlers\FileHandler' driver.
DEBUG - 2025-03-17 14:49:55 --> Session: Class initialized using 'CodeIgniter\Session\Handlers\FileHandler' driver.
DEBUG - 2025-03-17 14:51:53 --> Session: Class initialized using 'CodeIgniter\Session\Handlers\FileHandler' driver.
DEBUG - 2025-03-17 14:52:40 --> Session: Class initialized using 'CodeIgniter\Session\Handlers\FileHandler' driver.
DEBUG - 2025-03-17 14:53:17 --> Session: Class initialized using 'CodeIgniter\Session\Handlers\FileHandler' driver.
DEBUG - 2025-03-17 14:55:38 --> Session: Class initialized using 'CodeIgniter\Session\Handlers\FileHandler' driver.
DEBUG - 2025-03-17 14:55:41 --> Session: Class initialized using 'CodeIgniter\Session\Handlers\FileHandler' driver.
DEBUG - 2025-03-17 14:59:10 --> Session: Class initialized using 'CodeIgniter\Session\Handlers\FileHandler' driver.
DEBUG - 2025-03-17 15:02:07 --> Session: Class initialized using 'CodeIgniter\Session\Handlers\FileHandler' driver.
DEBUG - 2025-03-17 15:02:31 --> Session: Class initialized using 'CodeIgniter\Session\Handlers\FileHandler' driver.
DEBUG - 2025-03-17 15:02:31 --> Session: Class initialized using 'CodeIgniter\Session\Handlers\FileHandler' driver.
DEBUG - 2025-03-17 15:02:36 --> Session: Class initialized using 'CodeIgniter\Session\Handlers\FileHandler' driver.
DEBUG - 2025-03-17 15:12:13 --> Session: Class initialized using 'CodeIgniter\Session\Handlers\FileHandler' driver.
DEBUG - 2025-03-17 15:18:50 --> Session: Class initialized using 'CodeIgniter\Session\Handlers\FileHandler' driver.
DEBUG - 2025-03-17 15:21:22 --> Session: Class initialized using 'CodeIgniter\Session\Handlers\FileHandler' driver.
DEBUG - 2025-03-17 15:21:43 --> Session: Class initialized using 'CodeIgniter\Session\Handlers\FileHandler' driver.
DEBUG - 2025-03-17 15:22:11 --> Session: Class initialized using 'CodeIgniter\Session\Handlers\FileHandler' driver.
DEBUG - 2025-03-17 15:22:40 --> Session: Class initialized using 'CodeIgniter\Session\Handlers\FileHandler' driver.
DEBUG - 2025-03-17 15:23:12 --> Session: Class initialized using 'CodeIgniter\Session\Handlers\FileHandler' driver.
DEBUG - 2025-03-17 15:23:32 --> Session: Class initialized using 'CodeIgniter\Session\Handlers\FileHandler' driver.
DEBUG - 2025-03-17 15:25:49 --> Session: Class initialized using 'CodeIgniter\Session\Handlers\FileHandler' driver.
DEBUG - 2025-03-17 15:27:00 --> Session: Class initialized using 'CodeIgniter\Session\Handlers\FileHandler' driver.
DEBUG - 2025-03-17 15:28:15 --> Session: Class initialized using 'CodeIgniter\Session\Handlers\FileHandler' driver.
DEBUG - 2025-03-17 15:29:33 --> Session: Class initialized using 'CodeIgniter\Session\Handlers\FileHandler' driver.
DEBUG - 2025-03-17 15:30:07 --> Session: Class initialized using 'CodeIgniter\Session\Handlers\FileHandler' driver.
DEBUG - 2025-03-17 15:30:40 --> Session: Class initialized using 'CodeIgniter\Session\Handlers\FileHandler' driver.
DEBUG - 2025-03-17 15:31:05 --> Session: Class initialized using 'CodeIgniter\Session\Handlers\FileHandler' driver.
DEBUG - 2025-03-17 15:31:55 --> Session: Class initialized using 'CodeIgniter\Session\Handlers\FileHandler' driver.
DEBUG - 2025-03-17 15:33:09 --> Session: Class initialized using 'CodeIgniter\Session\Handlers\FileHandler' driver.
DEBUG - 2025-03-17 15:33:25 --> Session: Class initialized using 'CodeIgniter\Session\Handlers\FileHandler' driver.
DEBUG - 2025-03-17 15:33:59 --> Session: Class initialized using 'CodeIgniter\Session\Handlers\FileHandler' driver.
DEBUG - 2025-03-17 15:34:56 --> Session: Class initialized using 'CodeIgniter\Session\Handlers\FileHandler' driver.
DEBUG - 2025-03-17 15:35:28 --> Session: Class initialized using 'CodeIgniter\Session\Handlers\FileHandler' driver.
DEBUG - 2025-03-17 15:35:51 --> Session: Class initialized using 'CodeIgniter\Session\Handlers\FileHandler' driver.
